#
# There is insufficient memory for the Java Runtime Environment to continue.
# Native memory allocation (malloc) failed to allocate 1502736 bytes for Chunk::new
# Possible reasons:
#   The system is out of physical RAM or swap space
#   The process is running with CompressedOops enabled, and the Java Heap may be blocking the growth of the native heap
# Possible solutions:
#   Reduce memory load on the system
#   Increase physical memory or swap space
#   Check if swap backing store is full
#   Decrease Java heap size (-Xmx/-Xms)
#   Decrease number of Java threads
#   Decrease Java thread stack sizes (-Xss)
#   Set larger code cache with -XX:ReservedCodeCacheSize=
#   JVM is running with Unscaled Compressed Oops mode in which the Java heap is
#     placed in the first 4GB address space. The Java Heap base address is the
#     maximum limit for the native heap growth. Please use -XX:HeapBaseMinAddress
#     to set the Java Heap base and to place the Java Heap above 4GB virtual address.
# This output file may be truncated or incomplete.
#
#  Out of Memory Error (./src/hotspot/share/memory/arena.cpp:197), pid=22472, tid=15632
#
# JRE version: OpenJDK Runtime Environment Temurin-11.0.14.1+1 (11.0.14.1+1) (build 11.0.14.1+1)
# Java VM: OpenJDK 64-Bit Server VM Temurin-11.0.14.1+1 (11.0.14.1+1, mixed mode, tiered, compressed oops, g1 gc, windows-amd64)
# No core dump will be written. Minidumps are not enabled by default on client versions of Windows
#

---------------  S U M M A R Y ------------

Command Line: -Dfile.encoding=UTF-8 -Duser.country=KR -Duser.language=ko -Duser.variant com.example.toGetAll.ToGetAllApplication

Host: Intel(R) Core(TM) i3-6006U CPU @ 2.00GHz, 4 cores, 3G,  Windows 10 , 64 bit Build 19041 (10.0.19041.1706)
Time: Tue Jun 14 17:12:23 2022 대한민국 표준시 elapsed time: 22.407452 seconds (0d 0h 0m 22s)

---------------  T H R E A D  ---------------

Current thread (0x000002401f057800):  JavaThread "C2 CompilerThread0" daemon [_thread_in_native, id=15632, stack(0x000000debdb00000,0x000000debdc00000)]


Current CompileTask:
C2:  22407 4376       4       java.net.URLStreamHandler::parseURL (1201 bytes)

Stack: [0x000000debdb00000,0x000000debdc00000]
Native frames: (J=compiled Java code, j=interpreted, Vv=VM code, C=native code)
V  [jvm.dll+0x61e59a]
V  [jvm.dll+0x7aaca9]
V  [jvm.dll+0x7ac398]
V  [jvm.dll+0x7aca73]
V  [jvm.dll+0x24f9b8]
V  [jvm.dll+0xc260c]
V  [jvm.dll+0xc2bcc]
V  [jvm.dll+0x3599c2]
V  [jvm.dll+0x325b93]
V  [jvm.dll+0x324eca]
V  [jvm.dll+0x208c05]
V  [jvm.dll+0x207ded]
V  [jvm.dll+0x18a2c1]
V  [jvm.dll+0x217734]
V  [jvm.dll+0x21597b]
V  [jvm.dll+0x76d7c0]
V  [jvm.dll+0x766724]
V  [jvm.dll+0x61d3f6]
C  [ucrtbase.dll+0x21bb2]
C  [KERNEL32.DLL+0x17034]
C  [ntdll.dll+0x52651]


---------------  P R O C E S S  ---------------

Threads class SMR info:
_java_thread_list=0x000002402394dd50, length=18, elements={
0x0000024002ea0800, 0x000002401f017800, 0x000002401f020800, 0x000002401f047800,
0x000002401f048800, 0x000002401f049800, 0x000002401f057800, 0x000002401f058800,
0x000002401f06c000, 0x000002401fa3f800, 0x00000240203a6000, 0x00000240203a7000,
0x0000024022dd7800, 0x00000240203d3800, 0x0000024022d83800, 0x0000024022e17000,
0x000002402395a800, 0x0000024020b82000
}

Java Threads: ( => current thread )
  0x0000024002ea0800 JavaThread "main" [_thread_blocked, id=2812, stack(0x000000debcf00000,0x000000debd000000)]
  0x000002401f017800 JavaThread "Reference Handler" daemon [_thread_blocked, id=10852, stack(0x000000debd600000,0x000000debd700000)]
  0x000002401f020800 JavaThread "Finalizer" daemon [_thread_blocked, id=17796, stack(0x000000debd700000,0x000000debd800000)]
  0x000002401f047800 JavaThread "Signal Dispatcher" daemon [_thread_blocked, id=15008, stack(0x000000debd800000,0x000000debd900000)]
  0x000002401f048800 JavaThread "Attach Listener" daemon [_thread_blocked, id=16240, stack(0x000000debd900000,0x000000debda00000)]
  0x000002401f049800 JavaThread "Service Thread" daemon [_thread_blocked, id=14212, stack(0x000000debda00000,0x000000debdb00000)]
=>0x000002401f057800 JavaThread "C2 CompilerThread0" daemon [_thread_in_native, id=15632, stack(0x000000debdb00000,0x000000debdc00000)]
  0x000002401f058800 JavaThread "C1 CompilerThread0" daemon [_thread_blocked, id=24244, stack(0x000000debdc00000,0x000000debdd00000)]
  0x000002401f06c000 JavaThread "Sweeper thread" daemon [_thread_blocked, id=19340, stack(0x000000debdd00000,0x000000debde00000)]
  0x000002401fa3f800 JavaThread "Common-Cleaner" daemon [_thread_blocked, id=21140, stack(0x000000debdf00000,0x000000debe000000)]
  0x00000240203a6000 JavaThread "Thread-0" [_thread_blocked, id=18192, stack(0x000000debe000000,0x000000debe100000)]
  0x00000240203a7000 JavaThread "restartedMain" [_thread_in_vm, id=13020, stack(0x000000debe200000,0x000000debe300000)]
  0x0000024022dd7800 JavaThread "Catalina-utility-1" [_thread_blocked, id=13184, stack(0x000000debe500000,0x000000debe600000)]
  0x00000240203d3800 JavaThread "Catalina-utility-2" [_thread_blocked, id=11372, stack(0x000000debe600000,0x000000debe700000)]
  0x0000024022d83800 JavaThread "container-0" [_thread_blocked, id=15892, stack(0x000000debe700000,0x000000debe800000)]
  0x0000024022e17000 JavaThread "mysql-cj-abandoned-connection-cleanup" daemon [_thread_blocked, id=3760, stack(0x000000debe800000,0x000000debe900000)]
  0x000002402395a800 JavaThread "HikariPool-1 housekeeper" daemon [_thread_blocked, id=13052, stack(0x000000debea00000,0x000000debeb00000)]
  0x0000024020b82000 JavaThread "HikariPool-1 connection adder" daemon [_thread_blocked, id=17636, stack(0x000000debeb00000,0x000000debec00000)]

Other Threads:
  0x000002401eff5800 VMThread "VM Thread" [stack: 0x000000debd500000,0x000000debd600000] [id=16204]
  0x000002401fa3b800 WatcherThread [stack: 0x000000debde00000,0x000000debdf00000] [id=21412]
  0x0000024002ef5800 GCTaskThread "GC Thread#0" [stack: 0x000000debd000000,0x000000debd100000] [id=24272]
  0x0000024020400800 GCTaskThread "GC Thread#1" [stack: 0x000000debe100000,0x000000debe200000] [id=13668]
  0x00000240204db800 GCTaskThread "GC Thread#2" [stack: 0x000000debe300000,0x000000debe400000] [id=11944]
  0x0000024020396800 GCTaskThread "GC Thread#3" [stack: 0x000000debe400000,0x000000debe500000] [id=15480]
  0x0000024002f11000 ConcurrentGCThread "G1 Main Marker" [stack: 0x000000debd100000,0x000000debd200000] [id=7324]
  0x0000024002f13800 ConcurrentGCThread "G1 Conc#0" [stack: 0x000000debd200000,0x000000debd300000] [id=12388]
  0x0000024002f5e800 ConcurrentGCThread "G1 Refine#0" [stack: 0x000000debd300000,0x000000debd400000] [id=13284]
  0x0000024002f5f800 ConcurrentGCThread "G1 Young RemSet Sampling" [stack: 0x000000debd400000,0x000000debd500000] [id=8704]

Threads with active compile tasks:
C2 CompilerThread0  22504 4376       4       java.net.URLStreamHandler::parseURL (1201 bytes)

VM state:not at safepoint (normal execution)

VM Mutex/Monitor currently owned by a thread: None

Heap address: 0x00000000c1400000, size: 1004 MB, Compressed Oops mode: 32-bit
Narrow klass base: 0x0000000000000000, Narrow klass shift: 3
Compressed class space size: 1073741824 Address: 0x0000000100000000

Heap:
 garbage-first heap   total 65536K, used 30694K [0x00000000c1400000, 0x0000000100000000)
  region size 1024K, 16 young (16384K), 4 survivors (4096K)
 Metaspace       used 53495K, capacity 54912K, committed 55216K, reserved 1097728K
  class space    used 6551K, capacity 7103K, committed 7168K, reserved 1048576K
Heap Regions: E=young(eden), S=young(survivor), O=old, HS=humongous(starts), HC=humongous(continues), CS=collection set, F=free, A=archive, TAMS=top-at-mark-start (previous, next)
|   0|0x00000000c1400000, 0x00000000c1500000, 0x00000000c1500000|100%|HS|  |TAMS 0x00000000c1500000, 0x00000000c1400000| Complete 
|   1|0x00000000c1500000, 0x00000000c1600000, 0x00000000c1600000|100%| O|  |TAMS 0x00000000c1600000, 0x00000000c1500000| Untracked 
|   2|0x00000000c1600000, 0x00000000c1700000, 0x00000000c1700000|100%| O|  |TAMS 0x00000000c1700000, 0x00000000c1600000| Untracked 
|   3|0x00000000c1700000, 0x00000000c1800000, 0x00000000c1800000|100%| O|  |TAMS 0x00000000c1800000, 0x00000000c1700000| Untracked 
|   4|0x00000000c1800000, 0x00000000c1900000, 0x00000000c1900000|100%| O|  |TAMS 0x00000000c1900000, 0x00000000c1800000| Untracked 
|   5|0x00000000c1900000, 0x00000000c1a00000, 0x00000000c1a00000|100%| O|  |TAMS 0x00000000c1a00000, 0x00000000c1900000| Untracked 
|   6|0x00000000c1a00000, 0x00000000c1b00000, 0x00000000c1b00000|100%| O|  |TAMS 0x00000000c1b00000, 0x00000000c1a00000| Untracked 
|   7|0x00000000c1b00000, 0x00000000c1c00000, 0x00000000c1c00000|100%| O|  |TAMS 0x00000000c1c00000, 0x00000000c1b00000| Untracked 
|   8|0x00000000c1c00000, 0x00000000c1d00000, 0x00000000c1d00000|100%| O|  |TAMS 0x00000000c1d00000, 0x00000000c1c00000| Untracked 
|   9|0x00000000c1d00000, 0x00000000c1e00000, 0x00000000c1e00000|100%| O|  |TAMS 0x00000000c1dd2600, 0x00000000c1d00000| Untracked 
|  10|0x00000000c1e00000, 0x00000000c1f00000, 0x00000000c1f00000|100%| O|  |TAMS 0x00000000c1e00000, 0x00000000c1e00000| Untracked 
|  11|0x00000000c1f00000, 0x00000000c2000000, 0x00000000c2000000|100%| O|  |TAMS 0x00000000c1f00000, 0x00000000c1f00000| Untracked 
|  12|0x00000000c2000000, 0x00000000c2100000, 0x00000000c2100000|100%| O|  |TAMS 0x00000000c2000000, 0x00000000c2000000| Untracked 
|  13|0x00000000c2100000, 0x00000000c2200000, 0x00000000c2200000|100%| O|  |TAMS 0x00000000c2100000, 0x00000000c2100000| Untracked 
|  14|0x00000000c2200000, 0x00000000c2300000, 0x00000000c2300000|100%| O|  |TAMS 0x00000000c2200000, 0x00000000c2200000| Untracked 
|  15|0x00000000c2300000, 0x00000000c2317000, 0x00000000c2400000|  8%| O|  |TAMS 0x00000000c2300000, 0x00000000c2300000| Untracked 
|  16|0x00000000c2400000, 0x00000000c2400000, 0x00000000c2500000|  0%| F|  |TAMS 0x00000000c2400000, 0x00000000c2400000| Untracked 
|  17|0x00000000c2500000, 0x00000000c2500000, 0x00000000c2600000|  0%| F|  |TAMS 0x00000000c2500000, 0x00000000c2500000| Untracked 
|  18|0x00000000c2600000, 0x00000000c2600000, 0x00000000c2700000|  0%| F|  |TAMS 0x00000000c2600000, 0x00000000c2600000| Untracked 
|  19|0x00000000c2700000, 0x00000000c2700000, 0x00000000c2800000|  0%| F|  |TAMS 0x00000000c2700000, 0x00000000c2700000| Untracked 
|  20|0x00000000c2800000, 0x00000000c2800000, 0x00000000c2900000|  0%| F|  |TAMS 0x00000000c2800000, 0x00000000c2800000| Untracked 
|  21|0x00000000c2900000, 0x00000000c2900000, 0x00000000c2a00000|  0%| F|  |TAMS 0x00000000c2900000, 0x00000000c2900000| Untracked 
|  22|0x00000000c2a00000, 0x00000000c2a00000, 0x00000000c2b00000|  0%| F|  |TAMS 0x00000000c2a00000, 0x00000000c2a00000| Untracked 
|  23|0x00000000c2b00000, 0x00000000c2b00000, 0x00000000c2c00000|  0%| F|  |TAMS 0x00000000c2b00000, 0x00000000c2b00000| Untracked 
|  24|0x00000000c2c00000, 0x00000000c2c00000, 0x00000000c2d00000|  0%| F|  |TAMS 0x00000000c2c00000, 0x00000000c2c00000| Untracked 
|  25|0x00000000c2d00000, 0x00000000c2d00000, 0x00000000c2e00000|  0%| F|  |TAMS 0x00000000c2d00000, 0x00000000c2d00000| Untracked 
|  26|0x00000000c2e00000, 0x00000000c2e00000, 0x00000000c2f00000|  0%| F|  |TAMS 0x00000000c2e00000, 0x00000000c2e00000| Untracked 
|  27|0x00000000c2f00000, 0x00000000c2f00000, 0x00000000c3000000|  0%| F|  |TAMS 0x00000000c2f00000, 0x00000000c2f00000| Untracked 
|  28|0x00000000c3000000, 0x00000000c30e2b30, 0x00000000c3100000| 88%| S|CS|TAMS 0x00000000c3000000, 0x00000000c3000000| Complete 
|  29|0x00000000c3100000, 0x00000000c3200000, 0x00000000c3200000|100%| S|CS|TAMS 0x00000000c3100000, 0x00000000c3100000| Complete 
|  30|0x00000000c3200000, 0x00000000c3300000, 0x00000000c3300000|100%| S|CS|TAMS 0x00000000c3200000, 0x00000000c3200000| Complete 
|  31|0x00000000c3300000, 0x00000000c3400000, 0x00000000c3400000|100%| S|CS|TAMS 0x00000000c3300000, 0x00000000c3300000| Complete 
|  32|0x00000000c3400000, 0x00000000c3400000, 0x00000000c3500000|  0%| F|  |TAMS 0x00000000c3400000, 0x00000000c3400000| Untracked 
|  33|0x00000000c3500000, 0x00000000c3500000, 0x00000000c3600000|  0%| F|  |TAMS 0x00000000c3500000, 0x00000000c3500000| Untracked 
|  34|0x00000000c3600000, 0x00000000c3600000, 0x00000000c3700000|  0%| F|  |TAMS 0x00000000c3600000, 0x00000000c3600000| Untracked 
|  35|0x00000000c3700000, 0x00000000c3700000, 0x00000000c3800000|  0%| F|  |TAMS 0x00000000c3700000, 0x00000000c3700000| Untracked 
|  36|0x00000000c3800000, 0x00000000c3800000, 0x00000000c3900000|  0%| F|  |TAMS 0x00000000c3800000, 0x00000000c3800000| Untracked 
|  37|0x00000000c3900000, 0x00000000c3900000, 0x00000000c3a00000|  0%| F|  |TAMS 0x00000000c3900000, 0x00000000c3900000| Untracked 
|  38|0x00000000c3a00000, 0x00000000c3a00000, 0x00000000c3b00000|  0%| F|  |TAMS 0x00000000c3a00000, 0x00000000c3a00000| Untracked 
|  39|0x00000000c3b00000, 0x00000000c3b00000, 0x00000000c3c00000|  0%| F|  |TAMS 0x00000000c3b00000, 0x00000000c3b00000| Untracked 
|  40|0x00000000c3c00000, 0x00000000c3c00000, 0x00000000c3d00000|  0%| F|  |TAMS 0x00000000c3c00000, 0x00000000c3c00000| Untracked 
|  41|0x00000000c3d00000, 0x00000000c3d00000, 0x00000000c3e00000|  0%| F|  |TAMS 0x00000000c3d00000, 0x00000000c3d00000| Untracked 
|  42|0x00000000c3e00000, 0x00000000c3e00000, 0x00000000c3f00000|  0%| F|  |TAMS 0x00000000c3e00000, 0x00000000c3e00000| Untracked 
|  43|0x00000000c3f00000, 0x00000000c3f00000, 0x00000000c4000000|  0%| F|  |TAMS 0x00000000c3f00000, 0x00000000c3f00000| Untracked 
|  44|0x00000000c4000000, 0x00000000c4000000, 0x00000000c4100000|  0%| F|  |TAMS 0x00000000c4000000, 0x00000000c4000000| Untracked 
|  45|0x00000000c4100000, 0x00000000c4100000, 0x00000000c4200000|  0%| F|  |TAMS 0x00000000c4100000, 0x00000000c4100000| Untracked 
|  46|0x00000000c4200000, 0x00000000c4200000, 0x00000000c4300000|  0%| F|  |TAMS 0x00000000c4200000, 0x00000000c4200000| Untracked 
|  47|0x00000000c4300000, 0x00000000c4300000, 0x00000000c4400000|  0%| F|  |TAMS 0x00000000c4300000, 0x00000000c4300000| Untracked 
|  48|0x00000000c4400000, 0x00000000c4400000, 0x00000000c4500000|  0%| F|  |TAMS 0x00000000c4400000, 0x00000000c4400000| Untracked 
|  49|0x00000000c4500000, 0x00000000c4500000, 0x00000000c4600000|  0%| F|  |TAMS 0x00000000c4500000, 0x00000000c4500000| Untracked 
|  50|0x00000000c4600000, 0x00000000c4600000, 0x00000000c4700000|  0%| F|  |TAMS 0x00000000c4600000, 0x00000000c4600000| Untracked 
|  51|0x00000000c4700000, 0x00000000c4700000, 0x00000000c4800000|  0%| F|  |TAMS 0x00000000c4700000, 0x00000000c4700000| Untracked 
|  52|0x00000000c4800000, 0x00000000c48e58e8, 0x00000000c4900000| 89%| E|  |TAMS 0x00000000c4800000, 0x00000000c4800000| Complete 
|  53|0x00000000c4900000, 0x00000000c4a00000, 0x00000000c4a00000|100%| E|CS|TAMS 0x00000000c4900000, 0x00000000c4900000| Complete 
|  54|0x00000000c4a00000, 0x00000000c4b00000, 0x00000000c4b00000|100%| E|CS|TAMS 0x00000000c4a00000, 0x00000000c4a00000| Complete 
|  55|0x00000000c4b00000, 0x00000000c4c00000, 0x00000000c4c00000|100%| E|CS|TAMS 0x00000000c4b00000, 0x00000000c4b00000| Complete 
|  56|0x00000000c4c00000, 0x00000000c4d00000, 0x00000000c4d00000|100%| E|CS|TAMS 0x00000000c4c00000, 0x00000000c4c00000| Complete 
|  57|0x00000000c4d00000, 0x00000000c4e00000, 0x00000000c4e00000|100%| E|CS|TAMS 0x00000000c4d00000, 0x00000000c4d00000| Complete 
|  58|0x00000000c4e00000, 0x00000000c4f00000, 0x00000000c4f00000|100%| E|CS|TAMS 0x00000000c4e00000, 0x00000000c4e00000| Complete 
|  59|0x00000000c4f00000, 0x00000000c5000000, 0x00000000c5000000|100%| E|CS|TAMS 0x00000000c4f00000, 0x00000000c4f00000| Complete 
|  60|0x00000000c5000000, 0x00000000c5100000, 0x00000000c5100000|100%| E|CS|TAMS 0x00000000c5000000, 0x00000000c5000000| Complete 
|  61|0x00000000c5100000, 0x00000000c5200000, 0x00000000c5200000|100%| E|CS|TAMS 0x00000000c5100000, 0x00000000c5100000| Complete 
|  62|0x00000000c5200000, 0x00000000c5300000, 0x00000000c5300000|100%| E|CS|TAMS 0x00000000c5200000, 0x00000000c5200000| Complete 
|  63|0x00000000c5300000, 0x00000000c5400000, 0x00000000c5400000|100%| E|CS|TAMS 0x00000000c5300000, 0x00000000c5300000| Complete 

Card table byte_map: [0x000002401a7d0000,0x000002401a9d0000] _byte_map_base: 0x000002401a1c6000

Marking Bits (Prev, Next): (CMBitMap*) 0x0000024002f0c2b8, (CMBitMap*) 0x0000024002f0c2f0
 Prev Bits: [0x000002401abd0000, 0x000002401bb80000)
 Next Bits: [0x000002401bb80000, 0x000002401cb30000)

Polling page: 0x0000024000e70000

Metaspace:

Usage:
  Non-class:     46.69 MB capacity,    45.87 MB ( 98%) used,   678.95 KB (  1%) free+waste,   164.25 KB ( <1%) overhead. 
      Class:      6.94 MB capacity,     6.40 MB ( 92%) used,   471.76 KB (  7%) free+waste,    78.00 KB (  1%) overhead. 
       Both:     53.63 MB capacity,    52.27 MB ( 97%) used,     1.12 MB (  2%) free+waste,   242.25 KB ( <1%) overhead. 

Virtual space:
  Non-class space:       48.00 MB reserved,      46.92 MB ( 98%) committed 
      Class space:        1.00 GB reserved,       7.00 MB ( <1%) committed 
             Both:        1.05 GB reserved,      53.92 MB (  5%) committed 

Chunk freelists:
   Non-Class:  45.00 KB
       Class:  0 bytes
        Both:  45.00 KB

MaxMetaspaceSize: 17179869184.00 GB
CompressedClassSpaceSize: 1.00 GB
Initial GC threshold: 20.80 MB
Current GC threshold: 58.41 MB
CDS: off

CodeHeap 'non-profiled nmethods': size=120064Kb used=2275Kb max_used=2275Kb free=117788Kb
 bounds [0x0000024013090000, 0x0000024013300000, 0x000002401a5d0000]
CodeHeap 'profiled nmethods': size=120000Kb used=9953Kb max_used=9953Kb free=110046Kb
 bounds [0x000002400bb60000, 0x000002400c520000, 0x0000024013090000]
CodeHeap 'non-nmethods': size=5696Kb used=1274Kb max_used=1297Kb free=4421Kb
 bounds [0x000002400b5d0000, 0x000002400b840000, 0x000002400bb60000]
 total_blobs=4920 nmethods=4353 adapters=479
 compilation: enabled
              stopped_count=0, restarted_count=0
 full_count=0

Compilation events (20 events):
Event: 21.966 Thread 0x000002401f058800 4396       3       org.apache.logging.slf4j.SLF4JLogger::isEnabledFor (118 bytes)
Event: 21.967 Thread 0x000002401f058800 nmethod 4396 0x000002400c50ec10 code [0x000002400c50ee80, 0x000002400c50f528]
Event: 21.967 Thread 0x000002401f058800 4397       3       java.util.concurrent.ConcurrentHashMap::size (31 bytes)
Event: 21.967 Thread 0x000002401f058800 nmethod 4397 0x000002400c50f890 code [0x000002400c50fa60, 0x000002400c50fc68]
Event: 22.012 Thread 0x000002401f058800 4398       3       java.lang.ClassLoader::getResources (55 bytes)
Event: 22.013 Thread 0x000002401f058800 nmethod 4398 0x000002400c50fd10 code [0x000002400c50ff60, 0x000002400c510b78]
Event: 22.013 Thread 0x000002401f058800 4399       3       java.lang.CompoundEnumeration::<init> (10 bytes)
Event: 22.013 Thread 0x000002401f058800 nmethod 4399 0x000002400c510e90 code [0x000002400c511040, 0x000002400c5111f8]
Event: 22.014 Thread 0x000002401f058800 4400       3       java.util.AbstractCollection::toArray (70 bytes)
Event: 22.015 Thread 0x000002401f058800 nmethod 4400 0x000002400c511290 code [0x000002400c5114e0, 0x000002400c511e08]
Event: 22.015 Thread 0x000002401f058800 4401   !   3       jdk.internal.loader.AbstractClassLoaderValue::get (21 bytes)
Event: 22.016 Thread 0x000002401f058800 nmethod 4401 0x000002400c512090 code [0x000002400c5122a0, 0x000002400c512928]
Event: 22.016 Thread 0x000002401f058800 4402       1       java.util.TreeMap::size (5 bytes)
Event: 22.016 Thread 0x000002401f058800 nmethod 4402 0x00000240132c2e10 code [0x00000240132c2fc0, 0x00000240132c3078]
Event: 22.084 Thread 0x000002401f058800 4403       3       java.util.Collections$UnmodifiableMap$UnmodifiableEntrySet$UnmodifiableEntry::getKey (10 bytes)
Event: 22.084 Thread 0x000002401f058800 nmethod 4403 0x000002400c512c10 code [0x000002400c512dc0, 0x000002400c512f88]
Event: 22.189 Thread 0x000002401f057800 nmethod 4375 0x00000240132c3110 code [0x00000240132c3500, 0x00000240132c6978]
Event: 22.190 Thread 0x000002401f057800 4376       4       java.net.URLStreamHandler::parseURL (1201 bytes)
Event: 22.342 Thread 0x000002401f058800 4405       3       java.util.ServiceLoader$ModuleServicesLookupIterator::iteratorFor (191 bytes)
Event: 22.349 Thread 0x000002401f058800 nmethod 4405 0x000002400c513090 code [0x000002400c513680, 0x000002400c516dd8]

GC Heap History (20 events):
Event: 2.429 GC heap before
{Heap before GC invocations=1 (full 0):
 garbage-first heap   total 65536K, used 14216K [0x00000000c1400000, 0x0000000100000000)
  region size 1024K, 11 young (11264K), 2 survivors (2048K)
 Metaspace       used 11933K, capacity 12152K, committed 12288K, reserved 1060864K
  class space    used 1152K, capacity 1225K, committed 1280K, reserved 1048576K
}
Event: 2.434 GC heap after
{Heap after GC invocations=2 (full 0):
 garbage-first heap   total 65536K, used 6389K [0x00000000c1400000, 0x0000000100000000)
  region size 1024K, 1 young (1024K), 1 survivors (1024K)
 Metaspace       used 11933K, capacity 12152K, committed 12288K, reserved 1060864K
  class space    used 1152K, capacity 1225K, committed 1280K, reserved 1048576K
}
Event: 4.294 GC heap before
{Heap before GC invocations=2 (full 0):
 garbage-first heap   total 65536K, used 28917K [0x00000000c1400000, 0x0000000100000000)
  region size 1024K, 24 young (24576K), 1 survivors (1024K)
 Metaspace       used 17705K, capacity 18287K, committed 18560K, reserved 1064960K
  class space    used 1909K, capacity 2120K, committed 2176K, reserved 1048576K
}
Event: 4.300 GC heap after
{Heap after GC invocations=3 (full 0):
 garbage-first heap   total 65536K, used 7885K [0x00000000c1400000, 0x0000000100000000)
  region size 1024K, 2 young (2048K), 2 survivors (2048K)
 Metaspace       used 17705K, capacity 18287K, committed 18560K, reserved 1064960K
  class space    used 1909K, capacity 2120K, committed 2176K, reserved 1048576K
}
Event: 4.825 GC heap before
{Heap before GC invocations=3 (full 0):
 garbage-first heap   total 65536K, used 20173K [0x00000000c1400000, 0x0000000100000000)
  region size 1024K, 16 young (16384K), 2 survivors (2048K)
 Metaspace       used 20574K, capacity 21114K, committed 21296K, reserved 1069056K
  class space    used 2212K, capacity 2402K, committed 2432K, reserved 1048576K
}
Event: 4.832 GC heap after
{Heap after GC invocations=4 (full 0):
 garbage-first heap   total 65536K, used 8313K [0x00000000c1400000, 0x0000000100000000)
  region size 1024K, 3 young (3072K), 3 survivors (3072K)
 Metaspace       used 20574K, capacity 21114K, committed 21296K, reserved 1069056K
  class space    used 2212K, capacity 2402K, committed 2432K, reserved 1048576K
}
Event: 5.974 GC heap before
{Heap before GC invocations=5 (full 0):
 garbage-first heap   total 65536K, used 32889K [0x00000000c1400000, 0x0000000100000000)
  region size 1024K, 27 young (27648K), 3 survivors (3072K)
 Metaspace       used 24533K, capacity 25208K, committed 25520K, reserved 1071104K
  class space    used 2740K, capacity 3001K, committed 3072K, reserved 1048576K
}
Event: 5.984 GC heap after
{Heap after GC invocations=6 (full 0):
 garbage-first heap   total 65536K, used 9325K [0x00000000c1400000, 0x0000000100000000)
  region size 1024K, 3 young (3072K), 3 survivors (3072K)
 Metaspace       used 24533K, capacity 25208K, committed 25520K, reserved 1071104K
  class space    used 2740K, capacity 3001K, committed 3072K, reserved 1048576K
}
Event: 9.204 GC heap before
{Heap before GC invocations=6 (full 0):
 garbage-first heap   total 65536K, used 36973K [0x00000000c1400000, 0x0000000100000000)
  region size 1024K, 30 young (30720K), 3 survivors (3072K)
 Metaspace       used 26488K, capacity 27175K, committed 27312K, reserved 1073152K
  class space    used 2947K, capacity 3226K, committed 3328K, reserved 1048576K
}
Event: 9.213 GC heap after
{Heap after GC invocations=7 (full 0):
 garbage-first heap   total 65536K, used 10321K [0x00000000c1400000, 0x0000000100000000)
  region size 1024K, 3 young (3072K), 3 survivors (3072K)
 Metaspace       used 26488K, capacity 27175K, committed 27312K, reserved 1073152K
  class space    used 2947K, capacity 3226K, committed 3328K, reserved 1048576K
}
Event: 11.695 GC heap before
{Heap before GC invocations=7 (full 0):
 garbage-first heap   total 65536K, used 38993K [0x00000000c1400000, 0x0000000100000000)
  region size 1024K, 31 young (31744K), 3 survivors (3072K)
 Metaspace       used 30501K, capacity 31427K, committed 31664K, reserved 1077248K
  class space    used 3481K, capacity 3838K, committed 3840K, reserved 1048576K
}
Event: 11.704 GC heap after
{Heap after GC invocations=8 (full 0):
 garbage-first heap   total 65536K, used 11940K [0x00000000c1400000, 0x0000000100000000)
  region size 1024K, 4 young (4096K), 4 survivors (4096K)
 Metaspace       used 30501K, capacity 31427K, committed 31664K, reserved 1077248K
  class space    used 3481K, capacity 3838K, committed 3840K, reserved 1048576K
}
Event: 13.950 GC heap before
{Heap before GC invocations=8 (full 0):
 garbage-first heap   total 65536K, used 36516K [0x00000000c1400000, 0x0000000100000000)
  region size 1024K, 29 young (29696K), 4 survivors (4096K)
 Metaspace       used 34481K, capacity 35512K, committed 35632K, reserved 1081344K
  class space    used 3997K, capacity 4411K, committed 4480K, reserved 1048576K
}
Event: 13.964 GC heap after
{Heap after GC invocations=9 (full 0):
 garbage-first heap   total 65536K, used 13955K [0x00000000c1400000, 0x0000000100000000)
  region size 1024K, 4 young (4096K), 4 survivors (4096K)
 Metaspace       used 34481K, capacity 35512K, committed 35632K, reserved 1081344K
  class space    used 3997K, capacity 4411K, committed 4480K, reserved 1048576K
}
Event: 15.395 GC heap before
{Heap before GC invocations=10 (full 0):
 garbage-first heap   total 65536K, used 41603K [0x00000000c1400000, 0x0000000100000000)
  region size 1024K, 32 young (32768K), 4 survivors (4096K)
 Metaspace       used 37635K, capacity 38796K, committed 38960K, reserved 1083392K
  class space    used 4411K, capacity 4866K, committed 4992K, reserved 1048576K
}
Event: 15.410 GC heap after
{Heap after GC invocations=11 (full 0):
 garbage-first heap   total 65536K, used 15824K [0x00000000c1400000, 0x0000000100000000)
  region size 1024K, 4 young (4096K), 4 survivors (4096K)
 Metaspace       used 37635K, capacity 38796K, committed 38960K, reserved 1083392K
  class space    used 4411K, capacity 4866K, committed 4992K, reserved 1048576K
}
Event: 18.736 GC heap before
{Heap before GC invocations=11 (full 0):
 garbage-first heap   total 65536K, used 43472K [0x00000000c1400000, 0x0000000100000000)
  region size 1024K, 32 young (32768K), 4 survivors (4096K)
 Metaspace       used 43189K, capacity 44381K, committed 44592K, reserved 1087488K
  class space    used 5273K, capacity 5743K, committed 5760K, reserved 1048576K
}
Event: 18.753 GC heap after
{Heap after GC invocations=12 (full 0):
 garbage-first heap   total 65536K, used 16717K [0x00000000c1400000, 0x0000000100000000)
  region size 1024K, 3 young (3072K), 3 survivors (3072K)
 Metaspace       used 43189K, capacity 44381K, committed 44592K, reserved 1087488K
  class space    used 5273K, capacity 5743K, committed 5760K, reserved 1048576K
}
Event: 21.349 GC heap before
{Heap before GC invocations=12 (full 0):
 garbage-first heap   total 65536K, used 45389K [0x00000000c1400000, 0x0000000100000000)
  region size 1024K, 32 young (32768K), 3 survivors (3072K)
 Metaspace       used 51006K, capacity 52365K, committed 52528K, reserved 1095680K
  class space    used 6236K, capacity 6766K, committed 6784K, reserved 1048576K
}
Event: 21.360 GC heap after
{Heap after GC invocations=13 (full 0):
 garbage-first heap   total 65536K, used 19430K [0x00000000c1400000, 0x0000000100000000)
  region size 1024K, 4 young (4096K), 4 survivors (4096K)
 Metaspace       used 51006K, capacity 52365K, committed 52528K, reserved 1095680K
  class space    used 6236K, capacity 6766K, committed 6784K, reserved 1048576K
}

Deoptimization events (20 events):
Event: 21.417 Thread 0x00000240203a7000 Uncommon trap: trap_request=0xffffffbe fr.pc=0x00000240132b7318 relative=0x0000000000000838
Event: 21.417 Thread 0x00000240203a7000 Uncommon trap: reason=profile_predicate action=maybe_recompile pc=0x00000240132b7318 method=java.lang.PublicMethods$MethodList.filter([Ljava/lang/reflect/Method;Ljava/lang/String;[Ljava/lang/Class;Z)Ljava/lang/PublicMethods$MethodList; @ 21 c2
Event: 21.417 Thread 0x00000240203a7000 DEOPT PACKING pc=0x00000240132b7318 sp=0x000000debe2fab00
Event: 21.417 Thread 0x00000240203a7000 DEOPT UNPACKING pc=0x000002400b61a1af sp=0x000000debe2faab8 mode 2
Event: 21.417 Thread 0x00000240203a7000 Uncommon trap: trap_request=0xffffffbe fr.pc=0x00000240132b7318 relative=0x0000000000000838
Event: 21.417 Thread 0x00000240203a7000 Uncommon trap: reason=profile_predicate action=maybe_recompile pc=0x00000240132b7318 method=java.lang.PublicMethods$MethodList.filter([Ljava/lang/reflect/Method;Ljava/lang/String;[Ljava/lang/Class;Z)Ljava/lang/PublicMethods$MethodList; @ 21 c2
Event: 21.417 Thread 0x00000240203a7000 DEOPT PACKING pc=0x00000240132b7318 sp=0x000000debe2fab00
Event: 21.417 Thread 0x00000240203a7000 DEOPT UNPACKING pc=0x000002400b61a1af sp=0x000000debe2faab8 mode 2
Event: 21.417 Thread 0x00000240203a7000 Uncommon trap: trap_request=0xffffffbe fr.pc=0x00000240132b7318 relative=0x0000000000000838
Event: 21.417 Thread 0x00000240203a7000 Uncommon trap: reason=profile_predicate action=maybe_recompile pc=0x00000240132b7318 method=java.lang.PublicMethods$MethodList.filter([Ljava/lang/reflect/Method;Ljava/lang/String;[Ljava/lang/Class;Z)Ljava/lang/PublicMethods$MethodList; @ 21 c2
Event: 21.417 Thread 0x00000240203a7000 DEOPT PACKING pc=0x00000240132b7318 sp=0x000000debe2fab00
Event: 21.417 Thread 0x00000240203a7000 DEOPT UNPACKING pc=0x000002400b61a1af sp=0x000000debe2faab8 mode 2
Event: 21.417 Thread 0x00000240203a7000 Uncommon trap: trap_request=0xffffffbe fr.pc=0x00000240132b7318 relative=0x0000000000000838
Event: 21.417 Thread 0x00000240203a7000 Uncommon trap: reason=profile_predicate action=maybe_recompile pc=0x00000240132b7318 method=java.lang.PublicMethods$MethodList.filter([Ljava/lang/reflect/Method;Ljava/lang/String;[Ljava/lang/Class;Z)Ljava/lang/PublicMethods$MethodList; @ 21 c2
Event: 21.417 Thread 0x00000240203a7000 DEOPT PACKING pc=0x00000240132b7318 sp=0x000000debe2faa50
Event: 21.417 Thread 0x00000240203a7000 DEOPT UNPACKING pc=0x000002400b61a1af sp=0x000000debe2faa08 mode 2
Event: 21.641 Thread 0x00000240203a7000 Uncommon trap: trap_request=0xffffff7e fr.pc=0x0000024013294c68 relative=0x0000000000000a68
Event: 21.641 Thread 0x00000240203a7000 Uncommon trap: reason=predicate action=maybe_recompile pc=0x0000024013294c68 method=java.util.TreeMap.getEntry(Ljava/lang/Object;)Ljava/util/TreeMap$Entry; @ 36 c2
Event: 21.641 Thread 0x00000240203a7000 DEOPT PACKING pc=0x0000024013294c68 sp=0x000000debe2fd430
Event: 21.641 Thread 0x00000240203a7000 DEOPT UNPACKING pc=0x000002400b61a1af sp=0x000000debe2fd3d8 mode 2

Classes redefined (0 events):
No events

Internal exceptions (20 events):
Event: 11.824 Thread 0x00000240203a7000 Exception <a 'java/lang/ClassNotFoundException'{0x00000000c51c7b00}: org/springframework/context/annotation/ImportAwareCustomizer> (0x00000000c51c7b00) thrown at [./src/hotspot/share/classfile/systemDictionary.cpp, line 230]
Event: 11.826 Thread 0x00000240203a7000 Exception <a 'java/lang/ClassNotFoundException'{0x00000000c51d8000}: org/springframework/beans/factory/AwareCustomizer> (0x00000000c51d8000) thrown at [./src/hotspot/share/classfile/systemDictionary.cpp, line 230]
Event: 12.060 Thread 0x00000240203a7000 Exception <a 'java/lang/NoSuchMethodError'{0x00000000c4c29130}: 'int java.lang.invoke.DirectMethodHandle$Holder.invokeSpecial(java.lang.Object, java.lang.Object, java.lang.Object, java.lang.Object, java.lang.Object)'> (0x00000000c4c29130) thrown at [./src/hotspot/share/interpreter/linkResolver.cpp, line 773]
Event: 12.246 Thread 0x00000240203a7000 Exception <a 'java/lang/NoSuchMethodError'{0x00000000c499ad50}: 'void java.lang.invoke.DirectMethodHandle$Holder.invokeInterface(java.lang.Object, java.lang.Object, int)'> (0x00000000c499ad50) thrown at [./src/hotspot/share/interpreter/linkResolver.cpp, line 773]
Event: 12.268 Thread 0x00000240203a7000 Exception <a 'java/lang/IncompatibleClassChangeError'{0x00000000c49e5e08}: Found class java.lang.Object, but interface was expected> (0x00000000c49e5e08) thrown at [./src/hotspot/share/interpreter/linkResolver.cpp, line 839]
Event: 12.271 Thread 0x00000240203a7000 Exception <a 'java/lang/NoSuchMethodError'{0x00000000c49eacb0}: 'void java.lang.invoke.DirectMethodHandle$Holder.invokeStatic(java.lang.Object, int, java.lang.Object)'> (0x00000000c49eacb0) thrown at [./src/hotspot/share/interpreter/linkResolver.cpp, line 773]
Event: 12.543 Thread 0x00000240203a7000 Exception <a 'java/lang/NoSuchMethodError'{0x00000000c44dcc28}: 'java.lang.Object java.lang.invoke.DirectMethodHandle$Holder.invokeStaticInit(java.lang.Object, int, int, int, int)'> (0x00000000c44dcc28) thrown at [./src/hotspot/share/interpreter/linkResolver.cpp, line 773]
Event: 13.627 Thread 0x00000240203a7000 Exception <a 'java/lang/NoSuchMethodError'{0x00000000c430aff8}: 'java.lang.Object java.lang.invoke.DirectMethodHandle$Holder.invokeStaticInit(java.lang.Object, java.lang.Object, int, int, int, int)'> (0x00000000c430aff8) thrown at [./src/hotspot/share/interpreter/linkResolver.cpp, line 773]
Event: 14.191 Thread 0x00000240203a7000 Exception <a 'sun/nio/fs/WindowsException'{0x00000000c4f35750}> (0x00000000c4f35750) thrown at [./src/hotspot/share/prims/jni.cpp, line 616]
Event: 14.193 Thread 0x00000240203a7000 Exception <a 'sun/nio/fs/WindowsException'{0x00000000c4f3b500}> (0x00000000c4f3b500) thrown at [./src/hotspot/share/prims/jni.cpp, line 616]
Event: 14.194 Thread 0x00000240203a7000 Exception <a 'sun/nio/fs/WindowsException'{0x00000000c4f3bbd8}> (0x00000000c4f3bbd8) thrown at [./src/hotspot/share/prims/jni.cpp, line 616]
Event: 14.332 Thread 0x00000240203a7000 Implicit null exception at 0x0000024013133314 to 0x0000024013134b3c
Event: 14.508 Thread 0x00000240203a7000 Exception <a 'java/io/FileNotFoundException'{0x00000000c4870d60}> (0x00000000c4870d60) thrown at [./src/hotspot/share/prims/jni.cpp, line 616]
Event: 14.511 Thread 0x00000240203a7000 Exception <a 'java/io/FileNotFoundException'{0x00000000c4872258}> (0x00000000c4872258) thrown at [./src/hotspot/share/prims/jni.cpp, line 616]
Event: 14.609 Thread 0x00000240203a7000 Exception <a 'java/lang/NoSuchMethodError'{0x00000000c47e0420}: 'int java.lang.invoke.DirectMethodHandle$Holder.invokeInterface(java.lang.Object, java.lang.Object, java.lang.Object, java.lang.Object)'> (0x00000000c47e0420) thrown at [./src/hotspot/share/interpreter/linkResolver.cpp, line 773]
Event: 14.798 Thread 0x00000240203a7000 Exception <a 'java/io/FileNotFoundException'{0x00000000c4314920}> (0x00000000c4314920) thrown at [./src/hotspot/share/prims/jni.cpp, line 616]
Event: 19.770 Thread 0x00000240203a7000 Exception <a 'sun/nio/fs/WindowsException'{0x00000000c4caca60}> (0x00000000c4caca60) thrown at [./src/hotspot/share/prims/jni.cpp, line 616]
Event: 19.789 Thread 0x00000240203a7000 Exception <a 'java/lang/NoSuchMethodError'{0x00000000c4cceb88}: 'int java.lang.invoke.DirectMethodHandle$Holder.invokeStaticInit(java.lang.Object, java.lang.Object, java.lang.Object, java.lang.Object)'> (0x00000000c4cceb88) thrown at [./src/hotspot/share/interpreter/linkResolver.cpp, line 773]
Event: 21.096 Thread 0x00000240203a7000 Exception <a 'java/lang/NoSuchMethodError'{0x00000000c3fd15a0}: 'java.lang.Object java.lang.invoke.DirectMethodHandle$Holder.invokeStaticInit(java.lang.Object, java.lang.Object, java.lang.Object, java.lang.Object)'> (0x00000000c3fd15a0) thrown at [./src/hotspot/share/interpreter/linkResolver.cpp, line 773]
Event: 22.303 Thread 0x00000240203a7000 Exception <a 'java/lang/NoSuchMethodError'{0x00000000c491ab20}: 'java.lang.Object java.lang.invoke.DirectMethodHandle$Holder.newInvokeSpecial(java.lang.Object, java.lang.Object, int, java.lang.Object, java.lang.Object)'> (0x00000000c491ab20) thrown at [./src/hotspot/share/interpreter/linkResolver.cpp, line 773]

Events (20 events):
Event: 22.367 loading class org/hibernate/event/service/spi/EventListenerRegistry
Event: 22.367 loading class org/hibernate/event/service/spi/EventListenerRegistry done
Event: 22.368 loading class org/hibernate/jpa/event/internal/CallbackRegistryImpl
Event: 22.368 loading class org/hibernate/jpa/event/internal/CallbackRegistryImpl done
Event: 22.376 loading class org/hibernate/event/service/internal/EventListenerRegistryImpl$Builder
Event: 22.376 loading class org/hibernate/event/service/internal/EventListenerRegistryImpl$Builder done
Event: 22.378 loading class org/hibernate/event/service/internal/EventListenerGroupImpl
Event: 22.378 loading class org/hibernate/event/service/internal/EventListenerGroupImpl done
Event: 22.383 loading class org/hibernate/event/service/spi/EventListenerGroup
Event: 22.383 loading class org/hibernate/event/service/spi/EventListenerGroup done
Event: 22.384 loading class org/hibernate/event/service/internal/PostCommitEventListenerGroupImpl
Event: 22.384 loading class org/hibernate/event/service/internal/PostCommitEventListenerGroupImpl done
Event: 22.392 loading class org/hibernate/event/service/internal/EventListenerRegistryImpl
Event: 22.392 loading class org/hibernate/event/service/internal/EventListenerRegistryImpl done
Event: 22.393 loading class org/hibernate/event/spi/EventType
Event: 22.393 loading class org/hibernate/event/spi/EventType done
Event: 22.396 loading class org/hibernate/event/spi/EventType
Event: 22.396 loading class org/hibernate/event/spi/EventType done
Event: 22.396 loading class org/hibernate/event/spi/LoadEventListener
Event: 22.396 loading class org/hibernate/event/spi/LoadEventListener done


Dynamic libraries:
0x00007ff6141d0000 - 0x00007ff6141dd000 	C:\PlayData\00.sw\jdk-11.0.14.1+1\bin\java.exe
0x00007ffeca850000 - 0x00007ffecaa45000 	C:\WINDOWS\SYSTEM32\ntdll.dll
0x00007ffec8d80000 - 0x00007ffec8e3d000 	C:\WINDOWS\System32\KERNEL32.DLL
0x00007ffec7f60000 - 0x00007ffec822d000 	C:\WINDOWS\System32\KERNELBASE.dll
0x00007ffec85d0000 - 0x00007ffec86d0000 	C:\WINDOWS\System32\ucrtbase.dll
0x00007ffea6170000 - 0x00007ffea6187000 	C:\PlayData\00.sw\jdk-11.0.14.1+1\bin\jli.dll
0x00007ffea4d40000 - 0x00007ffea4d55000 	C:\PlayData\00.sw\jdk-11.0.14.1+1\bin\VCRUNTIME140.dll
0x00007ffec9ed0000 - 0x00007ffeca070000 	C:\WINDOWS\System32\USER32.dll
0x00007ffec85a0000 - 0x00007ffec85c2000 	C:\WINDOWS\System32\win32u.dll
0x00007ffeca140000 - 0x00007ffeca16a000 	C:\WINDOWS\System32\GDI32.dll
0x00007ffec8790000 - 0x00007ffec889b000 	C:\WINDOWS\System32\gdi32full.dll
0x00007ffec83e0000 - 0x00007ffec847d000 	C:\WINDOWS\System32\msvcp_win.dll
0x00007ffeafbc0000 - 0x00007ffeafe5a000 	C:\WINDOWS\WinSxS\amd64_microsoft.windows.common-controls_6595b64144ccf1df_6.0.19041.1110_none_60b5254171f9507e\COMCTL32.dll
0x00007ffec9e30000 - 0x00007ffec9ece000 	C:\WINDOWS\System32\msvcrt.dll
0x00007ffeca180000 - 0x00007ffeca1b0000 	C:\WINDOWS\System32\IMM32.DLL
0x00007ffe8f210000 - 0x00007ffe8f2ab000 	C:\PlayData\00.sw\jdk-11.0.14.1+1\bin\msvcp140.dll
0x00007ffe86e30000 - 0x00007ffe879b1000 	C:\PlayData\00.sw\jdk-11.0.14.1+1\bin\server\jvm.dll
0x00007ffec8ba0000 - 0x00007ffec8c4e000 	C:\WINDOWS\System32\ADVAPI32.dll
0x00007ffeca710000 - 0x00007ffeca7ac000 	C:\WINDOWS\System32\sechost.dll
0x00007ffec8a70000 - 0x00007ffec8b95000 	C:\WINDOWS\System32\RPCRT4.dll
0x00007ffec89d0000 - 0x00007ffec89d8000 	C:\WINDOWS\System32\PSAPI.DLL
0x00007ffec66d0000 - 0x00007ffec66d9000 	C:\WINDOWS\SYSTEM32\WSOCK32.dll
0x00007ffeaffd0000 - 0x00007ffeafff7000 	C:\WINDOWS\SYSTEM32\WINMM.dll
0x00007ffec96d0000 - 0x00007ffec973b000 	C:\WINDOWS\System32\WS2_32.dll
0x00007ffebf5e0000 - 0x00007ffebf5ea000 	C:\WINDOWS\SYSTEM32\VERSION.dll
0x00007ffec6840000 - 0x00007ffec6852000 	C:\WINDOWS\SYSTEM32\kernel.appcore.dll
0x00007ffeaf5e0000 - 0x00007ffeaf5f0000 	C:\PlayData\00.sw\jdk-11.0.14.1+1\bin\verify.dll
0x00007ffec5d10000 - 0x00007ffec5ef4000 	C:\WINDOWS\SYSTEM32\DBGHELP.DLL
0x00007ffeb80e0000 - 0x00007ffeb810c000 	C:\WINDOWS\SYSTEM32\dbgcore.DLL
0x00007ffec8700000 - 0x00007ffec8782000 	C:\WINDOWS\System32\bcryptPrimitives.dll
0x00007ffea36f0000 - 0x00007ffea3718000 	C:\PlayData\00.sw\jdk-11.0.14.1+1\bin\java.dll
0x00007ffeaf510000 - 0x00007ffeaf51a000 	C:\PlayData\00.sw\jdk-11.0.14.1+1\bin\jimage.dll
0x00007ffea2c70000 - 0x00007ffea2c88000 	C:\PlayData\00.sw\jdk-11.0.14.1+1\bin\zip.dll
0x00007ffec8f80000 - 0x00007ffec96c4000 	C:\WINDOWS\System32\SHELL32.dll
0x00007ffec5f00000 - 0x00007ffec6694000 	C:\WINDOWS\SYSTEM32\windows.storage.dll
0x00007ffec9740000 - 0x00007ffec9a94000 	C:\WINDOWS\System32\combase.dll
0x00007ffec79c0000 - 0x00007ffec79ec000 	C:\WINDOWS\SYSTEM32\Wldp.dll
0x00007ffec9bc0000 - 0x00007ffec9c6d000 	C:\WINDOWS\System32\SHCORE.dll
0x00007ffeca7b0000 - 0x00007ffeca805000 	C:\WINDOWS\System32\shlwapi.dll
0x00007ffec7ea0000 - 0x00007ffec7ebf000 	C:\WINDOWS\SYSTEM32\profapi.dll
0x00007ffea1910000 - 0x00007ffea1929000 	C:\PlayData\00.sw\jdk-11.0.14.1+1\bin\net.dll
0x00007ffeb9c90000 - 0x00007ffeb9d9a000 	C:\WINDOWS\SYSTEM32\WINHTTP.dll
0x00007ffec7720000 - 0x00007ffec778a000 	C:\WINDOWS\system32\mswsock.dll
0x00007ffea05d0000 - 0x00007ffea05e3000 	C:\PlayData\00.sw\jdk-11.0.14.1+1\bin\nio.dll
0x00007ffec2350000 - 0x00007ffec2359000 	C:\PlayData\00.sw\jdk-11.0.14.1+1\bin\management.dll
0x00007ffec2340000 - 0x00007ffec234b000 	C:\PlayData\00.sw\jdk-11.0.14.1+1\bin\management_ext.dll
0x00007ffea8720000 - 0x00007ffea8737000 	C:\WINDOWS\system32\napinsp.dll
0x00007ffea8700000 - 0x00007ffea871b000 	C:\WINDOWS\system32\pnrpnsp.dll
0x00007ffec1ed0000 - 0x00007ffec1ee5000 	C:\WINDOWS\system32\wshbth.dll
0x00007ffec4780000 - 0x00007ffec479d000 	C:\WINDOWS\system32\NLAapi.dll
0x00007ffec73c0000 - 0x00007ffec73fb000 	C:\WINDOWS\SYSTEM32\IPHLPAPI.DLL
0x00007ffec7400000 - 0x00007ffec74cb000 	C:\WINDOWS\SYSTEM32\DNSAPI.dll
0x00007ffec9e20000 - 0x00007ffec9e28000 	C:\WINDOWS\System32\NSI.dll
0x00007ffea86e0000 - 0x00007ffea86f2000 	C:\WINDOWS\System32\winrnr.dll
0x00007ffebf3f0000 - 0x00007ffebf3fa000 	C:\Windows\System32\rasadhlp.dll
0x00007ffeb9bf0000 - 0x00007ffeb9c70000 	C:\WINDOWS\System32\fwpuclnt.dll
0x00007ffec86d0000 - 0x00007ffec86f7000 	C:\WINDOWS\System32\bcrypt.dll
0x00007ffec7920000 - 0x00007ffec7938000 	C:\WINDOWS\SYSTEM32\CRYPTSP.dll
0x00007ffec7030000 - 0x00007ffec7064000 	C:\WINDOWS\system32\rsaenh.dll
0x00007ffec7e20000 - 0x00007ffec7e4e000 	C:\WINDOWS\SYSTEM32\USERENV.dll
0x00007ffec7910000 - 0x00007ffec791c000 	C:\WINDOWS\SYSTEM32\CRYPTBASE.dll
0x00007ffebd7b0000 - 0x00007ffebd7c7000 	C:\WINDOWS\SYSTEM32\dhcpcsvc6.DLL
0x00007ffebe030000 - 0x00007ffebe04d000 	C:\WINDOWS\SYSTEM32\dhcpcsvc.DLL
0x00007ffec0bc0000 - 0x00007ffec0bce000 	C:\PlayData\00.sw\jdk-11.0.14.1+1\bin\sunmscapi.dll
0x00007ffec8230000 - 0x00007ffec8386000 	C:\WINDOWS\System32\CRYPT32.dll
0x00007ffec7a30000 - 0x00007ffec7a57000 	C:\WINDOWS\SYSTEM32\ncrypt.dll
0x00007ffec79f0000 - 0x00007ffec7a2b000 	C:\WINDOWS\SYSTEM32\NTASN1.dll
0x00007ffeae800000 - 0x00007ffeae825000 	C:\PlayData\00.sw\jdk-11.0.14.1+1\bin\sunec.dll

dbghelp: loaded successfully - version: 4.0.5 - missing functions: none
symbol engine: initialized successfully - sym options: 0x614 - pdb path: .;C:\PlayData\00.sw\jdk-11.0.14.1+1\bin;C:\WINDOWS\SYSTEM32;C:\WINDOWS\WinSxS\amd64_microsoft.windows.common-controls_6595b64144ccf1df_6.0.19041.1110_none_60b5254171f9507e;C:\PlayData\00.sw\jdk-11.0.14.1+1\bin\server

VM Arguments:
jvm_args: -Dfile.encoding=UTF-8 -Duser.country=KR -Duser.language=ko -Duser.variant 
java_command: com.example.toGetAll.ToGetAllApplication
java_class_path (initial): C:\Users\USER\Desktop\ToGetAll\Backend\build\classes\java\main;C:\Users\USER\Desktop\ToGetAll\Backend\build\resources\main;C:\Users\USER\.gradle\caches\modules-2\files-2.1\org.springframework.boot\spring-boot-devtools\2.7.0\2a45b04877bbfe9750e4d29f6a73f125e146513d\spring-boot-devtools-2.7.0.jar;C:\Users\USER\.gradle\caches\modules-2\files-2.1\org.springframework.boot\spring-boot-starter-data-jpa\2.7.0\773d8c4fbe92493655f4c7db3a2d95388b8f6eb8\spring-boot-starter-data-jpa-2.7.0.jar;C:\Users\USER\.gradle\caches\modules-2\files-2.1\org.springframework.boot\spring-boot-starter-web\2.7.0\7bf2381d030023970b5375c1090545e480467aa1\spring-boot-starter-web-2.7.0.jar;C:\Users\USER\.gradle\caches\modules-2\files-2.1\mysql\mysql-connector-java\8.0.29\16bfffda393ac4fe56f0985f1f035b37d3fc48f\mysql-connector-java-8.0.29.jar;C:\Users\USER\.gradle\caches\modules-2\files-2.1\org.springframework.boot\spring-boot-starter-aop\2.7.0\49f204ec9672800932f8f7b344221251b1422da6\spring-boot-starter-aop-2.7.0.jar;C:\Users\USER\.gradle\caches\modules-2\files-2.1\org.springframework.boot\spring-boot-starter-jdbc\2.7.0\dd69f21efd63a2a16d631210b5656dc30348451b\spring-boot-starter-jdbc-2.7.0.jar;C:\Users\USER\.gradle\caches\modules-2\files-2.1\org.springframework.boot\spring-boot-starter-json\2.7.0\f7120f4a6fd5dd2ca2128061e420e45ae2294943\spring-boot-starter-json-2.7.0.jar;C:\Users\USER\.gradle\caches\modules-2\files-2.1\org.springframework.boot\spring-boot-starter\2.7.0\64fd3c21486dd20df9a62566599337dae2eb62cc\spring-boot-starter-2.7.0.jar;C:\Users\USER\.gradle\caches\modules-2\files-2.1\org.springframework.boot\spring-boot-autoconfigure\2.7.0\483f9a66d0e8326583c5054038d0aa0a95045dc3\spring-boot-autoconfigure-2.7.0.jar;C:\Users\USER\.gradle\caches\modules-2\files-2.1\org.springframework.boot\spring-boot\2.7.0\df8bd106d6c6a6494b787b71d23cef6d2dc73703\spring-boot-2.7.0.jar;C:\Users\USER\.gradle\caches\modules-2\files-2.1\jakarta.transaction\jakarta.transaction-api\1.3.3\c41
Launcher Type: SUN_STANDARD

[Global flags]
     intx CICompilerCount                          = 3                                         {product} {ergonomic}
     uint ConcGCThreads                            = 1                                         {product} {ergonomic}
     uint G1ConcRefinementThreads                  = 4                                         {product} {ergonomic}
   size_t G1HeapRegionSize                         = 1048576                                   {product} {ergonomic}
    uintx GCDrainStackTargetSize                   = 64                                        {product} {ergonomic}
   size_t InitialHeapSize                          = 67108864                                  {product} {ergonomic}
   size_t MarkStackSize                            = 4194304                                   {product} {ergonomic}
   size_t MaxHeapSize                              = 1052770304                                {product} {ergonomic}
   size_t MaxNewSize                               = 631242752                                 {product} {ergonomic}
   size_t MinHeapDeltaBytes                        = 1048576                                   {product} {ergonomic}
    uintx NonNMethodCodeHeapSize                   = 5830732                                {pd product} {ergonomic}
    uintx NonProfiledCodeHeapSize                  = 122913754                              {pd product} {ergonomic}
    uintx ProfiledCodeHeapSize                     = 122913754                              {pd product} {ergonomic}
    uintx ReservedCodeCacheSize                    = 251658240                              {pd product} {ergonomic}
     bool SegmentedCodeCache                       = true                                      {product} {ergonomic}
     bool UseCompressedClassPointers               = true                                 {lp64_product} {ergonomic}
     bool UseCompressedOops                        = true                                 {lp64_product} {ergonomic}
     bool UseG1GC                                  = true                                      {product} {ergonomic}
     bool UseLargePagesIndividualAllocation        = false                                  {pd product} {ergonomic}

Logging:
Log output configuration:
 #0: stdout all=warning uptime,level,tags
 #1: stderr all=off uptime,level,tags

Environment Variables:
JAVA_HOME=C:\PlayData\00.sw\jdk-11.0.14.1+1
PATH=C:\PlayData\00.sw\jdk-11.0.14.1+1\bin;C:\Program Files (x86)\Common Files\Oracle\Java\javapath;C:\Program Files (x86)\Common Files\Intel\Shared Libraries\redist\intel64\compiler;C:\Program Files (x86)\Intel\iCLS Client\;C:\Program Files\Intel\iCLS Client\;C:\WINDOWS\system32;C:\WINDOWS;C:\WINDOWS\System32\Wbem;C:\WINDOWS\System32\WindowsPowerShell\v1.0\;C:\Program Files (x86)\Intel\Intel(R) Management Engine Components\DAL;C:\Program Files\Intel\Intel(R) Management Engine Components\DAL;C:\Program Files (x86)\Intel\Intel(R) Management Engine Components\IPT;C:\Program Files\Intel\Intel(R) Management Engine Components\IPT;C:\Program Files\Microsoft SQL Server\130\Tools\Binn\;C:\Program Files\Intel\WiFi\bin\;C:\Program Files\Common Files\Intel\WirelessCommon\;C:\WINDOWS\System32\OpenSSH\;C:\Users\USER\Desktop\bin;C:\Program Files\dotnet\;C:\Users\USER\Desktop\webrtc-web-master\step-05\openssl-1.0.2j-fips-x86_64\OpenSSL\bin;C:\Program Files\Git\cmd;C:\Program Files\nodejs\;C:\Program Files\MySQL\MySQL Shell 8.0\bin\;C:\PlayData\00.sw\jdk-11.0.14.1+1\bin;C:\Users\USER\AppData\Local\Programs\Python\Python37\Scripts\;C:\Users\USER\AppData\Local\Programs\Python\Python37\;C:\Users\USER\AppData\Local\Microsoft\WindowsApps;C:\Program Files\Intel\WiFi\bin\;C:\Program Files\Common Files\Intel\WirelessCommon\;C:\Program Files\JetBrains\PyCharm 2019.3.5\bin;;C:\Users\USER\AppData\Local\Programs\Microsoft VS Code\bin;C:\Users\USER\AppData\Local\pip\Cache\wheels\89\67\41\63cbf0f6ac0a6156588b9587be4db5565f8c6d8ccef98202fc;C:\Users\USER\AppData\Roaming\Microsoft\Windows\Start Menu\Programs\Python 3.7;C:\Users\USER\AppData\Roaming\npm;C:\Program Files\JetBrains\PyCharm Community Edition 2019.3.5\bin;;C:\Users\USER\AppData\Local\GitHubDesktop\bin;C:\Program Files\heroku\bin;C:\PlayData\00.sw\IntelliJ IDEA Community Edition 2022.1.2\bin;
USERNAME=USER
OS=Windows_NT
PROCESSOR_IDENTIFIER=Intel64 Family 6 Model 78 Stepping 3, GenuineIntel



---------------  S Y S T E M  ---------------

OS: Windows 10 , 64 bit Build 19041 (10.0.19041.1706)
OS uptime: 0 days 22:30 hours

CPU:total 4 (initial active 4) (2 cores per cpu, 2 threads per core) family 6 model 78 stepping 3 microcode 0xcc, cmov, cx8, fxsr, mmx, sse, sse2, sse3, ssse3, sse4.1, sse4.2, popcnt, avx, avx2, aes, clmul, erms, 3dnowpref, lzcnt, ht, tsc, tscinvbit, bmi1, bmi2, adx, fma

Memory: 4k page, system-wide physical 4014M (267M free)
TotalPageFile size 14309M (AvailPageFile size 2M)
current process WorkingSet (physical memory assigned to process): 186M, peak: 186M
current process commit charge ("private bytes"): 228M, peak: 229M

vm_info: OpenJDK 64-Bit Server VM (11.0.14.1+1) for windows-amd64 JRE (11.0.14.1+1), built on Feb  9 2022 01:48:27 by "" with unknown MS VC++:1916

END.
