#
# There is insufficient memory for the Java Runtime Environment to continue.
# Native memory allocation (malloc) failed to allocate 1527536 bytes for Chunk::new
# Possible reasons:
#   The system is out of physical RAM or swap space
#   The process is running with CompressedOops enabled, and the Java Heap may be blocking the growth of the native heap
# Possible solutions:
#   Reduce memory load on the system
#   Increase physical memory or swap space
#   Check if swap backing store is full
#   Decrease Java heap size (-Xmx/-Xms)
#   Decrease number of Java threads
#   Decrease Java thread stack sizes (-Xss)
#   Set larger code cache with -XX:ReservedCodeCacheSize=
#   JVM is running with Unscaled Compressed Oops mode in which the Java heap is
#     placed in the first 4GB address space. The Java Heap base address is the
#     maximum limit for the native heap growth. Please use -XX:HeapBaseMinAddress
#     to set the Java Heap base and to place the Java Heap above 4GB virtual address.
# This output file may be truncated or incomplete.
#
#  Out of Memory Error (./src/hotspot/share/memory/arena.cpp:197), pid=20552, tid=18708
#
# JRE version: OpenJDK Runtime Environment Temurin-11.0.14.1+1 (11.0.14.1+1) (build 11.0.14.1+1)
# Java VM: OpenJDK 64-Bit Server VM Temurin-11.0.14.1+1 (11.0.14.1+1, mixed mode, tiered, compressed oops, g1 gc, windows-amd64)
# No core dump will be written. Minidumps are not enabled by default on client versions of Windows
#

---------------  S U M M A R Y ------------

Command Line: --add-opens=java.base/java.util=ALL-UNNAMED --add-opens=java.base/java.lang=ALL-UNNAMED --add-opens=java.base/java.lang.invoke=ALL-UNNAMED --add-opens=java.base/java.util=ALL-UNNAMED --add-opens=java.prefs/java.util.prefs=ALL-UNNAMED --add-opens=java.prefs/java.util.prefs=ALL-UNNAMED --add-opens=java.base/java.nio.charset=ALL-UNNAMED --add-opens=java.base/java.net=ALL-UNNAMED --add-opens=java.base/java.util.concurrent.atomic=ALL-UNNAMED -XX:MaxMetaspaceSize=256m -XX:+HeapDumpOnOutOfMemoryError -Xms256m -Xmx512m -Dfile.encoding=UTF-8 -Duser.country=KR -Duser.language=ko -Duser.variant org.gradle.launcher.daemon.bootstrap.GradleDaemon 7.4.1

Host: Intel(R) Core(TM) i3-6006U CPU @ 2.00GHz, 4 cores, 3G,  Windows 10 , 64 bit Build 19041 (10.0.19041.1706)
Time: Tue Jun 14 16:49:17 2022 대한민국 표준시 elapsed time: 53.733810 seconds (0d 0h 0m 53s)

---------------  T H R E A D  ---------------

Current thread (0x000002489b6ee800):  JavaThread "C2 CompilerThread0" daemon [_thread_in_native, id=18708, stack(0x000000873c200000,0x000000873c300000)]


Current CompileTask:
C2:  53734 2849       4       java.util.AbstractCollection::addAll (42 bytes)

Stack: [0x000000873c200000,0x000000873c300000]
Native frames: (J=compiled Java code, j=interpreted, Vv=VM code, C=native code)
V  [jvm.dll+0x61e59a]
V  [jvm.dll+0x7aaca9]
V  [jvm.dll+0x7ac398]
V  [jvm.dll+0x7aca73]
V  [jvm.dll+0x24f9b8]
V  [jvm.dll+0xc260c]
V  [jvm.dll+0xc2bcc]
V  [jvm.dll+0x3599c2]
V  [jvm.dll+0x325b93]
V  [jvm.dll+0x324eca]
V  [jvm.dll+0x208c05]
V  [jvm.dll+0x207ded]
V  [jvm.dll+0x18a2c1]
V  [jvm.dll+0x217734]
V  [jvm.dll+0x21597b]
V  [jvm.dll+0x76d7c0]
V  [jvm.dll+0x766724]
V  [jvm.dll+0x61d3f6]
C  [ucrtbase.dll+0x21bb2]
C  [KERNEL32.DLL+0x17034]
C  [ntdll.dll+0x52651]


---------------  P R O C E S S  ---------------

Threads class SMR info:
_java_thread_list=0x000002489e07d970, length=33, elements={
0x00000248ffe2d800, 0x000002489ae67000, 0x000002489ae70800, 0x000002489ae92000,
0x000002489ae93000, 0x000002489b6ea000, 0x000002489b6ee800, 0x000002489ae9d000,
0x000002489b71b000, 0x000002489b86b000, 0x000002489df34000, 0x000002489bbaf800,
0x000002489d79b800, 0x000002489d79c800, 0x000002489b9e0800, 0x000002489cd10000,
0x000002489d26d800, 0x000002489b7f3000, 0x000002489bb4c000, 0x000002489d1cc800,
0x000002489cda1800, 0x000002489cda4000, 0x000002489cda3800, 0x000002489cda5000,
0x000002489cda6000, 0x000002489cda2800, 0x000002489cda6800, 0x000002489cda1000,
0x000002489cda7800, 0x000002489c9cd800, 0x000002489e45c000, 0x000002489e45d000,
0x000002489e45a800
}

Java Threads: ( => current thread )
  0x00000248ffe2d800 JavaThread "main" [_thread_blocked, id=9528, stack(0x000000873b600000,0x000000873b700000)]
  0x000002489ae67000 JavaThread "Reference Handler" daemon [_thread_blocked, id=9848, stack(0x000000873bd00000,0x000000873be00000)]
  0x000002489ae70800 JavaThread "Finalizer" daemon [_thread_blocked, id=15420, stack(0x000000873be00000,0x000000873bf00000)]
  0x000002489ae92000 JavaThread "Signal Dispatcher" daemon [_thread_blocked, id=15636, stack(0x000000873bf00000,0x000000873c000000)]
  0x000002489ae93000 JavaThread "Attach Listener" daemon [_thread_blocked, id=20284, stack(0x000000873c000000,0x000000873c100000)]
  0x000002489b6ea000 JavaThread "Service Thread" daemon [_thread_blocked, id=5240, stack(0x000000873c100000,0x000000873c200000)]
=>0x000002489b6ee800 JavaThread "C2 CompilerThread0" daemon [_thread_in_native, id=18708, stack(0x000000873c200000,0x000000873c300000)]
  0x000002489ae9d000 JavaThread "C1 CompilerThread0" daemon [_thread_in_vm, id=4308, stack(0x000000873c300000,0x000000873c400000)]
  0x000002489b71b000 JavaThread "Sweeper thread" daemon [_thread_blocked, id=12916, stack(0x000000873c400000,0x000000873c500000)]
  0x000002489b86b000 JavaThread "Common-Cleaner" daemon [_thread_blocked, id=1240, stack(0x000000873c500000,0x000000873c600000)]
  0x000002489df34000 JavaThread "Daemon health stats" [_thread_blocked, id=2396, stack(0x000000873b400000,0x000000873b500000)]
  0x000002489bbaf800 JavaThread "Incoming local TCP Connector on port 60700" [_thread_in_native, id=23280, stack(0x000000873ca00000,0x000000873cb00000)]
  0x000002489d79b800 JavaThread "Daemon periodic checks" [_thread_blocked, id=3328, stack(0x000000873cb00000,0x000000873cc00000)]
  0x000002489d79c800 JavaThread "Daemon" [_thread_blocked, id=1400, stack(0x000000873cc00000,0x000000873cd00000)]
  0x000002489b9e0800 JavaThread "Handler for socket connection from /127.0.0.1:60700 to /127.0.0.1:60701" [_thread_in_native, id=21988, stack(0x000000873cd00000,0x000000873ce00000)]
  0x000002489cd10000 JavaThread "Cancel handler" [_thread_blocked, id=18976, stack(0x000000873ce00000,0x000000873cf00000)]
  0x000002489d26d800 JavaThread "Daemon worker" [_thread_in_Java, id=16680, stack(0x000000873cf00000,0x000000873d000000)]
  0x000002489b7f3000 JavaThread "Asynchronous log dispatcher for DefaultDaemonConnection: socket connection from /127.0.0.1:60700 to /127.0.0.1:60701" [_thread_blocked, id=22992, stack(0x000000873d000000,0x000000873d100000)]
  0x000002489bb4c000 JavaThread "Stdin handler" [_thread_blocked, id=2900, stack(0x000000873d100000,0x000000873d200000)]
  0x000002489d1cc800 JavaThread "Daemon client event forwarder" [_thread_blocked, id=15224, stack(0x000000873d200000,0x000000873d300000)]
  0x000002489cda1800 JavaThread "Cache worker for journal cache (C:\Users\USER\.gradle\caches\journal-1)" [_thread_blocked, id=22132, stack(0x000000873d300000,0x000000873d400000)]
  0x000002489cda4000 JavaThread "File lock request listener" [_thread_in_native, id=18716, stack(0x000000873d400000,0x000000873d500000)]
  0x000002489cda3800 JavaThread "Cache worker for file hash cache (C:\Users\USER\.gradle\caches\7.4.1\fileHashes)" [_thread_blocked, id=24188, stack(0x000000873d500000,0x000000873d600000)]
  0x000002489cda5000 JavaThread "File watcher server" daemon [_thread_in_native, id=14012, stack(0x000000873d600000,0x000000873d700000)]
  0x000002489cda6000 JavaThread "File watcher consumer" daemon [_thread_blocked, id=16892, stack(0x000000873d700000,0x000000873d800000)]
  0x000002489cda2800 JavaThread "Cache worker for checksums cache (C:\Users\USER\Desktop\ToGetAll\Backend\.gradle\7.4.1\checksums)" [_thread_blocked, id=10112, stack(0x000000873d800000,0x000000873d900000)]
  0x000002489cda6800 JavaThread "Cache worker for cache directory md-rule (C:\Users\USER\.gradle\caches\7.4.1\md-rule)" [_thread_blocked, id=10704, stack(0x000000873d900000,0x000000873da00000)]
  0x000002489cda1000 JavaThread "Cache worker for file hash cache (C:\Users\USER\Desktop\ToGetAll\Backend\.gradle\7.4.1\fileHashes)" [_thread_blocked, id=11468, stack(0x000000873da00000,0x000000873db00000)]
  0x000002489cda7800 JavaThread "Cache worker for cache directory md-supplier (C:\Users\USER\.gradle\caches\7.4.1\md-supplier)" [_thread_blocked, id=15188, stack(0x000000873db00000,0x000000873dc00000)]
  0x000002489c9cd800 JavaThread "C2 CompilerThread1" daemon [_thread_blocked, id=24448, stack(0x000000873dc00000,0x000000873dd00000)]
  0x000002489e45c000 JavaThread "Cache worker for execution history cache (C:\Users\USER\.gradle\caches\7.4.1\executionHistory)" [_thread_blocked, id=17492, stack(0x000000873dd00000,0x000000873de00000)]
  0x000002489e45d000 JavaThread "jar transforms" [_thread_blocked, id=12108, stack(0x000000873de00000,0x000000873df00000)]
  0x000002489e45a800 JavaThread "jar transforms Thread 2" [_thread_blocked, id=5180, stack(0x000000873df00000,0x000000873e000000)]

Other Threads:
  0x000002489ae42000 VMThread "VM Thread" [stack: 0x000000873bc00000,0x000000873bd00000] [id=1560]
  0x000002489b8cf000 WatcherThread [stack: 0x000000873c600000,0x000000873c700000] [id=16284]
  0x00000248ffe48000 GCTaskThread "GC Thread#0" [stack: 0x000000873b700000,0x000000873b800000] [id=20528]
  0x000002489c0b6000 GCTaskThread "GC Thread#1" [stack: 0x000000873c700000,0x000000873c800000] [id=17260]
  0x000002489c04d000 GCTaskThread "GC Thread#2" [stack: 0x000000873c800000,0x000000873c900000] [id=3928]
  0x000002489bf68000 GCTaskThread "GC Thread#3" [stack: 0x000000873c900000,0x000000873ca00000] [id=11240]
  0x00000248ffe59000 ConcurrentGCThread "G1 Main Marker" [stack: 0x000000873b800000,0x000000873b900000] [id=15660]
  0x00000248ffe5a800 ConcurrentGCThread "G1 Conc#0" [stack: 0x000000873b900000,0x000000873ba00000] [id=17640]
  0x00000248fff0e800 ConcurrentGCThread "G1 Refine#0" [stack: 0x000000873ba00000,0x000000873bb00000] [id=20076]
  0x000002489acd8800 ConcurrentGCThread "G1 Young RemSet Sampling" [stack: 0x000000873bb00000,0x000000873bc00000] [id=15304]

Threads with active compile tasks:
C2 CompilerThread0  53867 2849       4       java.util.AbstractCollection::addAll (42 bytes)
C1 CompilerThread0  53867 2899       3       sun.invoke.util.Wrapper::isIntegral (23 bytes)

VM state:not at safepoint (normal execution)

VM Mutex/Monitor currently owned by a thread:  ([mutex/lock_event])
[0x00000248ffe280f0] CodeCache_lock - owner thread: 0x0000000000000000

Heap address: 0x00000000e0000000, size: 512 MB, Compressed Oops mode: 32-bit
Narrow klass base: 0x0000000000000000, Narrow klass shift: 3
Compressed class space size: 260046848 Address: 0x0000000100000000

Heap:
 garbage-first heap   total 262144K, used 26163K [0x00000000e0000000, 0x0000000100000000)
  region size 1024K, 13 young (13312K), 9 survivors (9216K)
 Metaspace       used 36150K, capacity 37031K, committed 37148K, reserved 286720K
  class space    used 4660K, capacity 4981K, committed 4992K, reserved 253952K
Heap Regions: E=young(eden), S=young(survivor), O=old, HS=humongous(starts), HC=humongous(continues), CS=collection set, F=free, A=archive, TAMS=top-at-mark-start (previous, next)
|   0|0x00000000e0000000, 0x00000000e0100000, 0x00000000e0100000|100%|HS|  |TAMS 0x00000000e0100000, 0x00000000e0000000| Complete 
|   1|0x00000000e0100000, 0x00000000e0200000, 0x00000000e0200000|100%|HC|  |TAMS 0x00000000e0200000, 0x00000000e0100000| Complete 
|   2|0x00000000e0200000, 0x00000000e0300000, 0x00000000e0300000|100%|HC|  |TAMS 0x00000000e0300000, 0x00000000e0200000| Complete 
|   3|0x00000000e0300000, 0x00000000e0400000, 0x00000000e0400000|100%| O|  |TAMS 0x00000000e0400000, 0x00000000e0300000| Untracked 
|   4|0x00000000e0400000, 0x00000000e0500000, 0x00000000e0500000|100%| O|  |TAMS 0x00000000e0500000, 0x00000000e0400000| Untracked 
|   5|0x00000000e0500000, 0x00000000e0600000, 0x00000000e0600000|100%| O|  |TAMS 0x00000000e0600000, 0x00000000e0500000| Untracked 
|   6|0x00000000e0600000, 0x00000000e0700000, 0x00000000e0700000|100%| O|  |TAMS 0x00000000e0700000, 0x00000000e0600000| Untracked 
|   7|0x00000000e0700000, 0x00000000e0800000, 0x00000000e0800000|100%| O|  |TAMS 0x00000000e0800000, 0x00000000e0700000| Untracked 
|   8|0x00000000e0800000, 0x00000000e0900000, 0x00000000e0900000|100%| O|  |TAMS 0x00000000e0900000, 0x00000000e0800000| Untracked 
|   9|0x00000000e0900000, 0x00000000e0a00000, 0x00000000e0a00000|100%| O|  |TAMS 0x00000000e0a00000, 0x00000000e0900000| Untracked 
|  10|0x00000000e0a00000, 0x00000000e0b00000, 0x00000000e0b00000|100%| O|  |TAMS 0x00000000e0b00000, 0x00000000e0a00000| Untracked 
|  11|0x00000000e0b00000, 0x00000000e0c00000, 0x00000000e0c00000|100%| O|  |TAMS 0x00000000e0c00000, 0x00000000e0b00000| Untracked 
|  12|0x00000000e0c00000, 0x00000000e0d00000, 0x00000000e0d00000|100%| O|  |TAMS 0x00000000e0d00000, 0x00000000e0c00000| Untracked 
|  13|0x00000000e0d00000, 0x00000000e0e00000, 0x00000000e0e00000|100%| O|  |TAMS 0x00000000e0e00000, 0x00000000e0d00000| Untracked 
|  14|0x00000000e0e00000, 0x00000000e0e1b800, 0x00000000e0f00000| 10%| O|  |TAMS 0x00000000e0e1b800, 0x00000000e0e00000| Untracked 
|  15|0x00000000e0f00000, 0x00000000e0f00000, 0x00000000e1000000|  0%| F|  |TAMS 0x00000000e0f00000, 0x00000000e0f00000| Untracked 
|  16|0x00000000e1000000, 0x00000000e1000000, 0x00000000e1100000|  0%| F|  |TAMS 0x00000000e1000000, 0x00000000e1000000| Untracked 
|  17|0x00000000e1100000, 0x00000000e1100000, 0x00000000e1200000|  0%| F|  |TAMS 0x00000000e1100000, 0x00000000e1100000| Untracked 
|  18|0x00000000e1200000, 0x00000000e1200000, 0x00000000e1300000|  0%| F|  |TAMS 0x00000000e1200000, 0x00000000e1200000| Untracked 
|  19|0x00000000e1300000, 0x00000000e1300000, 0x00000000e1400000|  0%| F|  |TAMS 0x00000000e1300000, 0x00000000e1300000| Untracked 
|  20|0x00000000e1400000, 0x00000000e1400000, 0x00000000e1500000|  0%| F|  |TAMS 0x00000000e1400000, 0x00000000e1400000| Untracked 
|  21|0x00000000e1500000, 0x00000000e1500000, 0x00000000e1600000|  0%| F|  |TAMS 0x00000000e1500000, 0x00000000e1500000| Untracked 
|  22|0x00000000e1600000, 0x00000000e1600000, 0x00000000e1700000|  0%| F|  |TAMS 0x00000000e1600000, 0x00000000e1600000| Untracked 
|  23|0x00000000e1700000, 0x00000000e1700000, 0x00000000e1800000|  0%| F|  |TAMS 0x00000000e1700000, 0x00000000e1700000| Untracked 
|  24|0x00000000e1800000, 0x00000000e1800000, 0x00000000e1900000|  0%| F|  |TAMS 0x00000000e1800000, 0x00000000e1800000| Untracked 
|  25|0x00000000e1900000, 0x00000000e1900000, 0x00000000e1a00000|  0%| F|  |TAMS 0x00000000e1900000, 0x00000000e1900000| Untracked 
|  26|0x00000000e1a00000, 0x00000000e1a00000, 0x00000000e1b00000|  0%| F|  |TAMS 0x00000000e1a00000, 0x00000000e1a00000| Untracked 
|  27|0x00000000e1b00000, 0x00000000e1b00000, 0x00000000e1c00000|  0%| F|  |TAMS 0x00000000e1b00000, 0x00000000e1b00000| Untracked 
|  28|0x00000000e1c00000, 0x00000000e1c00000, 0x00000000e1d00000|  0%| F|  |TAMS 0x00000000e1c00000, 0x00000000e1c00000| Untracked 
|  29|0x00000000e1d00000, 0x00000000e1d00000, 0x00000000e1e00000|  0%| F|  |TAMS 0x00000000e1d00000, 0x00000000e1d00000| Untracked 
|  30|0x00000000e1e00000, 0x00000000e1e00000, 0x00000000e1f00000|  0%| F|  |TAMS 0x00000000e1e00000, 0x00000000e1e00000| Untracked 
|  31|0x00000000e1f00000, 0x00000000e1f00000, 0x00000000e2000000|  0%| F|  |TAMS 0x00000000e1f00000, 0x00000000e1f00000| Untracked 
|  32|0x00000000e2000000, 0x00000000e2000000, 0x00000000e2100000|  0%| F|  |TAMS 0x00000000e2000000, 0x00000000e2000000| Untracked 
|  33|0x00000000e2100000, 0x00000000e2100000, 0x00000000e2200000|  0%| F|  |TAMS 0x00000000e2100000, 0x00000000e2100000| Untracked 
|  34|0x00000000e2200000, 0x00000000e2200000, 0x00000000e2300000|  0%| F|  |TAMS 0x00000000e2200000, 0x00000000e2200000| Untracked 
|  35|0x00000000e2300000, 0x00000000e2300000, 0x00000000e2400000|  0%| F|  |TAMS 0x00000000e2300000, 0x00000000e2300000| Untracked 
|  36|0x00000000e2400000, 0x00000000e2400000, 0x00000000e2500000|  0%| F|  |TAMS 0x00000000e2400000, 0x00000000e2400000| Untracked 
|  37|0x00000000e2500000, 0x00000000e2500000, 0x00000000e2600000|  0%| F|  |TAMS 0x00000000e2500000, 0x00000000e2500000| Untracked 
|  38|0x00000000e2600000, 0x00000000e2600000, 0x00000000e2700000|  0%| F|  |TAMS 0x00000000e2600000, 0x00000000e2600000| Untracked 
|  39|0x00000000e2700000, 0x00000000e2700000, 0x00000000e2800000|  0%| F|  |TAMS 0x00000000e2700000, 0x00000000e2700000| Untracked 
|  40|0x00000000e2800000, 0x00000000e2800000, 0x00000000e2900000|  0%| F|  |TAMS 0x00000000e2800000, 0x00000000e2800000| Untracked 
|  41|0x00000000e2900000, 0x00000000e2900000, 0x00000000e2a00000|  0%| F|  |TAMS 0x00000000e2900000, 0x00000000e2900000| Untracked 
|  42|0x00000000e2a00000, 0x00000000e2a00000, 0x00000000e2b00000|  0%| F|  |TAMS 0x00000000e2a00000, 0x00000000e2a00000| Untracked 
|  43|0x00000000e2b00000, 0x00000000e2b00000, 0x00000000e2c00000|  0%| F|  |TAMS 0x00000000e2b00000, 0x00000000e2b00000| Untracked 
|  44|0x00000000e2c00000, 0x00000000e2c00000, 0x00000000e2d00000|  0%| F|  |TAMS 0x00000000e2c00000, 0x00000000e2c00000| Untracked 
|  45|0x00000000e2d00000, 0x00000000e2d00000, 0x00000000e2e00000|  0%| F|  |TAMS 0x00000000e2d00000, 0x00000000e2d00000| Untracked 
|  46|0x00000000e2e00000, 0x00000000e2e00000, 0x00000000e2f00000|  0%| F|  |TAMS 0x00000000e2e00000, 0x00000000e2e00000| Untracked 
|  47|0x00000000e2f00000, 0x00000000e2f00000, 0x00000000e3000000|  0%| F|  |TAMS 0x00000000e2f00000, 0x00000000e2f00000| Untracked 
|  48|0x00000000e3000000, 0x00000000e3000000, 0x00000000e3100000|  0%| F|  |TAMS 0x00000000e3000000, 0x00000000e3000000| Untracked 
|  49|0x00000000e3100000, 0x00000000e3100000, 0x00000000e3200000|  0%| F|  |TAMS 0x00000000e3100000, 0x00000000e3100000| Untracked 
|  50|0x00000000e3200000, 0x00000000e3200000, 0x00000000e3300000|  0%| F|  |TAMS 0x00000000e3200000, 0x00000000e3200000| Untracked 
|  51|0x00000000e3300000, 0x00000000e3300000, 0x00000000e3400000|  0%| F|  |TAMS 0x00000000e3300000, 0x00000000e3300000| Untracked 
|  52|0x00000000e3400000, 0x00000000e3400000, 0x00000000e3500000|  0%| F|  |TAMS 0x00000000e3400000, 0x00000000e3400000| Untracked 
|  53|0x00000000e3500000, 0x00000000e3500000, 0x00000000e3600000|  0%| F|  |TAMS 0x00000000e3500000, 0x00000000e3500000| Untracked 
|  54|0x00000000e3600000, 0x00000000e3600000, 0x00000000e3700000|  0%| F|  |TAMS 0x00000000e3600000, 0x00000000e3600000| Untracked 
|  55|0x00000000e3700000, 0x00000000e3700000, 0x00000000e3800000|  0%| F|  |TAMS 0x00000000e3700000, 0x00000000e3700000| Untracked 
|  56|0x00000000e3800000, 0x00000000e3800000, 0x00000000e3900000|  0%| F|  |TAMS 0x00000000e3800000, 0x00000000e3800000| Untracked 
|  57|0x00000000e3900000, 0x00000000e3900000, 0x00000000e3a00000|  0%| F|  |TAMS 0x00000000e3900000, 0x00000000e3900000| Untracked 
|  58|0x00000000e3a00000, 0x00000000e3a00000, 0x00000000e3b00000|  0%| F|  |TAMS 0x00000000e3a00000, 0x00000000e3a00000| Untracked 
|  59|0x00000000e3b00000, 0x00000000e3b00000, 0x00000000e3c00000|  0%| F|  |TAMS 0x00000000e3b00000, 0x00000000e3b00000| Untracked 
|  60|0x00000000e3c00000, 0x00000000e3c00000, 0x00000000e3d00000|  0%| F|  |TAMS 0x00000000e3c00000, 0x00000000e3c00000| Untracked 
|  61|0x00000000e3d00000, 0x00000000e3d00000, 0x00000000e3e00000|  0%| F|  |TAMS 0x00000000e3d00000, 0x00000000e3d00000| Untracked 
|  62|0x00000000e3e00000, 0x00000000e3e00000, 0x00000000e3f00000|  0%| F|  |TAMS 0x00000000e3e00000, 0x00000000e3e00000| Untracked 
|  63|0x00000000e3f00000, 0x00000000e3f00000, 0x00000000e4000000|  0%| F|  |TAMS 0x00000000e3f00000, 0x00000000e3f00000| Untracked 
|  64|0x00000000e4000000, 0x00000000e4000000, 0x00000000e4100000|  0%| F|  |TAMS 0x00000000e4000000, 0x00000000e4000000| Untracked 
|  65|0x00000000e4100000, 0x00000000e4100000, 0x00000000e4200000|  0%| F|  |TAMS 0x00000000e4100000, 0x00000000e4100000| Untracked 
|  66|0x00000000e4200000, 0x00000000e4200000, 0x00000000e4300000|  0%| F|  |TAMS 0x00000000e4200000, 0x00000000e4200000| Untracked 
|  67|0x00000000e4300000, 0x00000000e4300000, 0x00000000e4400000|  0%| F|  |TAMS 0x00000000e4300000, 0x00000000e4300000| Untracked 
|  68|0x00000000e4400000, 0x00000000e4400000, 0x00000000e4500000|  0%| F|  |TAMS 0x00000000e4400000, 0x00000000e4400000| Untracked 
|  69|0x00000000e4500000, 0x00000000e4500000, 0x00000000e4600000|  0%| F|  |TAMS 0x00000000e4500000, 0x00000000e4500000| Untracked 
|  70|0x00000000e4600000, 0x00000000e4600000, 0x00000000e4700000|  0%| F|  |TAMS 0x00000000e4600000, 0x00000000e4600000| Untracked 
|  71|0x00000000e4700000, 0x00000000e4700000, 0x00000000e4800000|  0%| F|  |TAMS 0x00000000e4700000, 0x00000000e4700000| Untracked 
|  72|0x00000000e4800000, 0x00000000e4800000, 0x00000000e4900000|  0%| F|  |TAMS 0x00000000e4800000, 0x00000000e4800000| Untracked 
|  73|0x00000000e4900000, 0x00000000e4900000, 0x00000000e4a00000|  0%| F|  |TAMS 0x00000000e4900000, 0x00000000e4900000| Untracked 
|  74|0x00000000e4a00000, 0x00000000e4a00000, 0x00000000e4b00000|  0%| F|  |TAMS 0x00000000e4a00000, 0x00000000e4a00000| Untracked 
|  75|0x00000000e4b00000, 0x00000000e4b00000, 0x00000000e4c00000|  0%| F|  |TAMS 0x00000000e4b00000, 0x00000000e4b00000| Untracked 
|  76|0x00000000e4c00000, 0x00000000e4c00000, 0x00000000e4d00000|  0%| F|  |TAMS 0x00000000e4c00000, 0x00000000e4c00000| Untracked 
|  77|0x00000000e4d00000, 0x00000000e4d00000, 0x00000000e4e00000|  0%| F|  |TAMS 0x00000000e4d00000, 0x00000000e4d00000| Untracked 
|  78|0x00000000e4e00000, 0x00000000e4e00000, 0x00000000e4f00000|  0%| F|  |TAMS 0x00000000e4e00000, 0x00000000e4e00000| Untracked 
|  79|0x00000000e4f00000, 0x00000000e4f00000, 0x00000000e5000000|  0%| F|  |TAMS 0x00000000e4f00000, 0x00000000e4f00000| Untracked 
|  80|0x00000000e5000000, 0x00000000e5000000, 0x00000000e5100000|  0%| F|  |TAMS 0x00000000e5000000, 0x00000000e5000000| Untracked 
|  81|0x00000000e5100000, 0x00000000e5100000, 0x00000000e5200000|  0%| F|  |TAMS 0x00000000e5100000, 0x00000000e5100000| Untracked 
|  82|0x00000000e5200000, 0x00000000e5200000, 0x00000000e5300000|  0%| F|  |TAMS 0x00000000e5200000, 0x00000000e5200000| Untracked 
|  83|0x00000000e5300000, 0x00000000e5300000, 0x00000000e5400000|  0%| F|  |TAMS 0x00000000e5300000, 0x00000000e5300000| Untracked 
|  84|0x00000000e5400000, 0x00000000e5400000, 0x00000000e5500000|  0%| F|  |TAMS 0x00000000e5400000, 0x00000000e5400000| Untracked 
|  85|0x00000000e5500000, 0x00000000e5500000, 0x00000000e5600000|  0%| F|  |TAMS 0x00000000e5500000, 0x00000000e5500000| Untracked 
|  86|0x00000000e5600000, 0x00000000e5600000, 0x00000000e5700000|  0%| F|  |TAMS 0x00000000e5600000, 0x00000000e5600000| Untracked 
|  87|0x00000000e5700000, 0x00000000e5700000, 0x00000000e5800000|  0%| F|  |TAMS 0x00000000e5700000, 0x00000000e5700000| Untracked 
|  88|0x00000000e5800000, 0x00000000e5800000, 0x00000000e5900000|  0%| F|  |TAMS 0x00000000e5800000, 0x00000000e5800000| Untracked 
|  89|0x00000000e5900000, 0x00000000e5900000, 0x00000000e5a00000|  0%| F|  |TAMS 0x00000000e5900000, 0x00000000e5900000| Untracked 
|  90|0x00000000e5a00000, 0x00000000e5a00000, 0x00000000e5b00000|  0%| F|  |TAMS 0x00000000e5a00000, 0x00000000e5a00000| Untracked 
|  91|0x00000000e5b00000, 0x00000000e5b00000, 0x00000000e5c00000|  0%| F|  |TAMS 0x00000000e5b00000, 0x00000000e5b00000| Untracked 
|  92|0x00000000e5c00000, 0x00000000e5c00000, 0x00000000e5d00000|  0%| F|  |TAMS 0x00000000e5c00000, 0x00000000e5c00000| Untracked 
|  93|0x00000000e5d00000, 0x00000000e5d00000, 0x00000000e5e00000|  0%| F|  |TAMS 0x00000000e5d00000, 0x00000000e5d00000| Untracked 
|  94|0x00000000e5e00000, 0x00000000e5e00000, 0x00000000e5f00000|  0%| F|  |TAMS 0x00000000e5e00000, 0x00000000e5e00000| Untracked 
|  95|0x00000000e5f00000, 0x00000000e5f00000, 0x00000000e6000000|  0%| F|  |TAMS 0x00000000e5f00000, 0x00000000e5f00000| Untracked 
|  96|0x00000000e6000000, 0x00000000e6000000, 0x00000000e6100000|  0%| F|  |TAMS 0x00000000e6000000, 0x00000000e6000000| Untracked 
|  97|0x00000000e6100000, 0x00000000e6100000, 0x00000000e6200000|  0%| F|  |TAMS 0x00000000e6100000, 0x00000000e6100000| Untracked 
|  98|0x00000000e6200000, 0x00000000e6200000, 0x00000000e6300000|  0%| F|  |TAMS 0x00000000e6200000, 0x00000000e6200000| Untracked 
|  99|0x00000000e6300000, 0x00000000e6300000, 0x00000000e6400000|  0%| F|  |TAMS 0x00000000e6300000, 0x00000000e6300000| Untracked 
| 100|0x00000000e6400000, 0x00000000e6400000, 0x00000000e6500000|  0%| F|  |TAMS 0x00000000e6400000, 0x00000000e6400000| Untracked 
| 101|0x00000000e6500000, 0x00000000e6500000, 0x00000000e6600000|  0%| F|  |TAMS 0x00000000e6500000, 0x00000000e6500000| Untracked 
| 102|0x00000000e6600000, 0x00000000e6600000, 0x00000000e6700000|  0%| F|  |TAMS 0x00000000e6600000, 0x00000000e6600000| Untracked 
| 103|0x00000000e6700000, 0x00000000e6700000, 0x00000000e6800000|  0%| F|  |TAMS 0x00000000e6700000, 0x00000000e6700000| Untracked 
| 104|0x00000000e6800000, 0x00000000e6800000, 0x00000000e6900000|  0%| F|  |TAMS 0x00000000e6800000, 0x00000000e6800000| Untracked 
| 105|0x00000000e6900000, 0x00000000e6900000, 0x00000000e6a00000|  0%| F|  |TAMS 0x00000000e6900000, 0x00000000e6900000| Untracked 
| 106|0x00000000e6a00000, 0x00000000e6a00000, 0x00000000e6b00000|  0%| F|  |TAMS 0x00000000e6a00000, 0x00000000e6a00000| Untracked 
| 107|0x00000000e6b00000, 0x00000000e6b00000, 0x00000000e6c00000|  0%| F|  |TAMS 0x00000000e6b00000, 0x00000000e6b00000| Untracked 
| 108|0x00000000e6c00000, 0x00000000e6c00000, 0x00000000e6d00000|  0%| F|  |TAMS 0x00000000e6c00000, 0x00000000e6c00000| Untracked 
| 109|0x00000000e6d00000, 0x00000000e6d00000, 0x00000000e6e00000|  0%| F|  |TAMS 0x00000000e6d00000, 0x00000000e6d00000| Untracked 
| 110|0x00000000e6e00000, 0x00000000e6e00000, 0x00000000e6f00000|  0%| F|  |TAMS 0x00000000e6e00000, 0x00000000e6e00000| Untracked 
| 111|0x00000000e6f00000, 0x00000000e6f00000, 0x00000000e7000000|  0%| F|  |TAMS 0x00000000e6f00000, 0x00000000e6f00000| Untracked 
| 112|0x00000000e7000000, 0x00000000e7000000, 0x00000000e7100000|  0%| F|  |TAMS 0x00000000e7000000, 0x00000000e7000000| Untracked 
| 113|0x00000000e7100000, 0x00000000e7100000, 0x00000000e7200000|  0%| F|  |TAMS 0x00000000e7100000, 0x00000000e7100000| Untracked 
| 114|0x00000000e7200000, 0x00000000e7200000, 0x00000000e7300000|  0%| F|  |TAMS 0x00000000e7200000, 0x00000000e7200000| Untracked 
| 115|0x00000000e7300000, 0x00000000e7300000, 0x00000000e7400000|  0%| F|  |TAMS 0x00000000e7300000, 0x00000000e7300000| Untracked 
| 116|0x00000000e7400000, 0x00000000e7400000, 0x00000000e7500000|  0%| F|  |TAMS 0x00000000e7400000, 0x00000000e7400000| Untracked 
| 117|0x00000000e7500000, 0x00000000e7500000, 0x00000000e7600000|  0%| F|  |TAMS 0x00000000e7500000, 0x00000000e7500000| Untracked 
| 118|0x00000000e7600000, 0x00000000e7600000, 0x00000000e7700000|  0%| F|  |TAMS 0x00000000e7600000, 0x00000000e7600000| Untracked 
| 119|0x00000000e7700000, 0x00000000e7700000, 0x00000000e7800000|  0%| F|  |TAMS 0x00000000e7700000, 0x00000000e7700000| Untracked 
| 120|0x00000000e7800000, 0x00000000e7800000, 0x00000000e7900000|  0%| F|  |TAMS 0x00000000e7800000, 0x00000000e7800000| Untracked 
| 121|0x00000000e7900000, 0x00000000e7900000, 0x00000000e7a00000|  0%| F|  |TAMS 0x00000000e7900000, 0x00000000e7900000| Untracked 
| 122|0x00000000e7a00000, 0x00000000e7a00000, 0x00000000e7b00000|  0%| F|  |TAMS 0x00000000e7a00000, 0x00000000e7a00000| Untracked 
| 123|0x00000000e7b00000, 0x00000000e7b00000, 0x00000000e7c00000|  0%| F|  |TAMS 0x00000000e7b00000, 0x00000000e7b00000| Untracked 
| 124|0x00000000e7c00000, 0x00000000e7c00000, 0x00000000e7d00000|  0%| F|  |TAMS 0x00000000e7c00000, 0x00000000e7c00000| Untracked 
| 125|0x00000000e7d00000, 0x00000000e7d00000, 0x00000000e7e00000|  0%| F|  |TAMS 0x00000000e7d00000, 0x00000000e7d00000| Untracked 
| 126|0x00000000e7e00000, 0x00000000e7e00000, 0x00000000e7f00000|  0%| F|  |TAMS 0x00000000e7e00000, 0x00000000e7e00000| Untracked 
| 127|0x00000000e7f00000, 0x00000000e7f00000, 0x00000000e8000000|  0%| F|  |TAMS 0x00000000e7f00000, 0x00000000e7f00000| Untracked 
| 128|0x00000000e8000000, 0x00000000e8000000, 0x00000000e8100000|  0%| F|  |TAMS 0x00000000e8000000, 0x00000000e8000000| Untracked 
| 129|0x00000000e8100000, 0x00000000e8100000, 0x00000000e8200000|  0%| F|  |TAMS 0x00000000e8100000, 0x00000000e8100000| Untracked 
| 130|0x00000000e8200000, 0x00000000e8200000, 0x00000000e8300000|  0%| F|  |TAMS 0x00000000e8200000, 0x00000000e8200000| Untracked 
| 131|0x00000000e8300000, 0x00000000e8300000, 0x00000000e8400000|  0%| F|  |TAMS 0x00000000e8300000, 0x00000000e8300000| Untracked 
| 132|0x00000000e8400000, 0x00000000e8400000, 0x00000000e8500000|  0%| F|  |TAMS 0x00000000e8400000, 0x00000000e8400000| Untracked 
| 133|0x00000000e8500000, 0x00000000e8500000, 0x00000000e8600000|  0%| F|  |TAMS 0x00000000e8500000, 0x00000000e8500000| Untracked 
| 134|0x00000000e8600000, 0x00000000e8600000, 0x00000000e8700000|  0%| F|  |TAMS 0x00000000e8600000, 0x00000000e8600000| Untracked 
| 135|0x00000000e8700000, 0x00000000e8700000, 0x00000000e8800000|  0%| F|  |TAMS 0x00000000e8700000, 0x00000000e8700000| Untracked 
| 136|0x00000000e8800000, 0x00000000e8800000, 0x00000000e8900000|  0%| F|  |TAMS 0x00000000e8800000, 0x00000000e8800000| Untracked 
| 137|0x00000000e8900000, 0x00000000e8900000, 0x00000000e8a00000|  0%| F|  |TAMS 0x00000000e8900000, 0x00000000e8900000| Untracked 
| 138|0x00000000e8a00000, 0x00000000e8a00000, 0x00000000e8b00000|  0%| F|  |TAMS 0x00000000e8a00000, 0x00000000e8a00000| Untracked 
| 139|0x00000000e8b00000, 0x00000000e8b00000, 0x00000000e8c00000|  0%| F|  |TAMS 0x00000000e8b00000, 0x00000000e8b00000| Untracked 
| 140|0x00000000e8c00000, 0x00000000e8c00000, 0x00000000e8d00000|  0%| F|  |TAMS 0x00000000e8c00000, 0x00000000e8c00000| Untracked 
| 141|0x00000000e8d00000, 0x00000000e8d00000, 0x00000000e8e00000|  0%| F|  |TAMS 0x00000000e8d00000, 0x00000000e8d00000| Untracked 
| 142|0x00000000e8e00000, 0x00000000e8e00000, 0x00000000e8f00000|  0%| F|  |TAMS 0x00000000e8e00000, 0x00000000e8e00000| Untracked 
| 143|0x00000000e8f00000, 0x00000000e8f00000, 0x00000000e9000000|  0%| F|  |TAMS 0x00000000e8f00000, 0x00000000e8f00000| Untracked 
| 144|0x00000000e9000000, 0x00000000e9000000, 0x00000000e9100000|  0%| F|  |TAMS 0x00000000e9000000, 0x00000000e9000000| Untracked 
| 145|0x00000000e9100000, 0x00000000e9100000, 0x00000000e9200000|  0%| F|  |TAMS 0x00000000e9100000, 0x00000000e9100000| Untracked 
| 146|0x00000000e9200000, 0x00000000e9200000, 0x00000000e9300000|  0%| F|  |TAMS 0x00000000e9200000, 0x00000000e9200000| Untracked 
| 147|0x00000000e9300000, 0x00000000e9300000, 0x00000000e9400000|  0%| F|  |TAMS 0x00000000e9300000, 0x00000000e9300000| Untracked 
| 148|0x00000000e9400000, 0x00000000e9400000, 0x00000000e9500000|  0%| F|  |TAMS 0x00000000e9400000, 0x00000000e9400000| Untracked 
| 149|0x00000000e9500000, 0x00000000e9500000, 0x00000000e9600000|  0%| F|  |TAMS 0x00000000e9500000, 0x00000000e9500000| Untracked 
| 150|0x00000000e9600000, 0x00000000e9600000, 0x00000000e9700000|  0%| F|  |TAMS 0x00000000e9600000, 0x00000000e9600000| Untracked 
| 151|0x00000000e9700000, 0x00000000e9700000, 0x00000000e9800000|  0%| F|  |TAMS 0x00000000e9700000, 0x00000000e9700000| Untracked 
| 152|0x00000000e9800000, 0x00000000e9800000, 0x00000000e9900000|  0%| F|  |TAMS 0x00000000e9800000, 0x00000000e9800000| Untracked 
| 153|0x00000000e9900000, 0x00000000e9900000, 0x00000000e9a00000|  0%| F|  |TAMS 0x00000000e9900000, 0x00000000e9900000| Untracked 
| 154|0x00000000e9a00000, 0x00000000e9a00000, 0x00000000e9b00000|  0%| F|  |TAMS 0x00000000e9a00000, 0x00000000e9a00000| Untracked 
| 155|0x00000000e9b00000, 0x00000000e9b00000, 0x00000000e9c00000|  0%| F|  |TAMS 0x00000000e9b00000, 0x00000000e9b00000| Untracked 
| 156|0x00000000e9c00000, 0x00000000e9c00000, 0x00000000e9d00000|  0%| F|  |TAMS 0x00000000e9c00000, 0x00000000e9c00000| Untracked 
| 157|0x00000000e9d00000, 0x00000000e9d00000, 0x00000000e9e00000|  0%| F|  |TAMS 0x00000000e9d00000, 0x00000000e9d00000| Untracked 
| 158|0x00000000e9e00000, 0x00000000e9e00000, 0x00000000e9f00000|  0%| F|  |TAMS 0x00000000e9e00000, 0x00000000e9e00000| Untracked 
| 159|0x00000000e9f00000, 0x00000000e9f00000, 0x00000000ea000000|  0%| F|  |TAMS 0x00000000e9f00000, 0x00000000e9f00000| Untracked 
| 160|0x00000000ea000000, 0x00000000ea000000, 0x00000000ea100000|  0%| F|  |TAMS 0x00000000ea000000, 0x00000000ea000000| Untracked 
| 161|0x00000000ea100000, 0x00000000ea100000, 0x00000000ea200000|  0%| F|  |TAMS 0x00000000ea100000, 0x00000000ea100000| Untracked 
| 162|0x00000000ea200000, 0x00000000ea200000, 0x00000000ea300000|  0%| F|  |TAMS 0x00000000ea200000, 0x00000000ea200000| Untracked 
| 163|0x00000000ea300000, 0x00000000ea300000, 0x00000000ea400000|  0%| F|  |TAMS 0x00000000ea300000, 0x00000000ea300000| Untracked 
| 164|0x00000000ea400000, 0x00000000ea400000, 0x00000000ea500000|  0%| F|  |TAMS 0x00000000ea400000, 0x00000000ea400000| Untracked 
| 165|0x00000000ea500000, 0x00000000ea500000, 0x00000000ea600000|  0%| F|  |TAMS 0x00000000ea500000, 0x00000000ea500000| Untracked 
| 166|0x00000000ea600000, 0x00000000ea600000, 0x00000000ea700000|  0%| F|  |TAMS 0x00000000ea600000, 0x00000000ea600000| Untracked 
| 167|0x00000000ea700000, 0x00000000ea700000, 0x00000000ea800000|  0%| F|  |TAMS 0x00000000ea700000, 0x00000000ea700000| Untracked 
| 168|0x00000000ea800000, 0x00000000ea800000, 0x00000000ea900000|  0%| F|  |TAMS 0x00000000ea800000, 0x00000000ea800000| Untracked 
| 169|0x00000000ea900000, 0x00000000ea900000, 0x00000000eaa00000|  0%| F|  |TAMS 0x00000000ea900000, 0x00000000ea900000| Untracked 
| 170|0x00000000eaa00000, 0x00000000eaa00000, 0x00000000eab00000|  0%| F|  |TAMS 0x00000000eaa00000, 0x00000000eaa00000| Untracked 
| 171|0x00000000eab00000, 0x00000000eab00000, 0x00000000eac00000|  0%| F|  |TAMS 0x00000000eab00000, 0x00000000eab00000| Untracked 
| 172|0x00000000eac00000, 0x00000000eac00000, 0x00000000ead00000|  0%| F|  |TAMS 0x00000000eac00000, 0x00000000eac00000| Untracked 
| 173|0x00000000ead00000, 0x00000000ead00000, 0x00000000eae00000|  0%| F|  |TAMS 0x00000000ead00000, 0x00000000ead00000| Untracked 
| 174|0x00000000eae00000, 0x00000000eae00000, 0x00000000eaf00000|  0%| F|  |TAMS 0x00000000eae00000, 0x00000000eae00000| Untracked 
| 175|0x00000000eaf00000, 0x00000000eaf00000, 0x00000000eb000000|  0%| F|  |TAMS 0x00000000eaf00000, 0x00000000eaf00000| Untracked 
| 176|0x00000000eb000000, 0x00000000eb000000, 0x00000000eb100000|  0%| F|  |TAMS 0x00000000eb000000, 0x00000000eb000000| Untracked 
| 177|0x00000000eb100000, 0x00000000eb100000, 0x00000000eb200000|  0%| F|  |TAMS 0x00000000eb100000, 0x00000000eb100000| Untracked 
| 178|0x00000000eb200000, 0x00000000eb200000, 0x00000000eb300000|  0%| F|  |TAMS 0x00000000eb200000, 0x00000000eb200000| Untracked 
| 179|0x00000000eb300000, 0x00000000eb300000, 0x00000000eb400000|  0%| F|  |TAMS 0x00000000eb300000, 0x00000000eb300000| Untracked 
| 180|0x00000000eb400000, 0x00000000eb400000, 0x00000000eb500000|  0%| F|  |TAMS 0x00000000eb400000, 0x00000000eb400000| Untracked 
| 181|0x00000000eb500000, 0x00000000eb500000, 0x00000000eb600000|  0%| F|  |TAMS 0x00000000eb500000, 0x00000000eb500000| Untracked 
| 182|0x00000000eb600000, 0x00000000eb671720, 0x00000000eb700000| 44%| S|CS|TAMS 0x00000000eb600000, 0x00000000eb600000| Complete 
| 183|0x00000000eb700000, 0x00000000eb800000, 0x00000000eb800000|100%| S|CS|TAMS 0x00000000eb700000, 0x00000000eb700000| Complete 
| 184|0x00000000eb800000, 0x00000000eb900000, 0x00000000eb900000|100%| S|CS|TAMS 0x00000000eb800000, 0x00000000eb800000| Complete 
| 185|0x00000000eb900000, 0x00000000eba00000, 0x00000000eba00000|100%| S|CS|TAMS 0x00000000eb900000, 0x00000000eb900000| Complete 
| 186|0x00000000eba00000, 0x00000000ebb00000, 0x00000000ebb00000|100%| S|CS|TAMS 0x00000000eba00000, 0x00000000eba00000| Complete 
| 187|0x00000000ebb00000, 0x00000000ebb00000, 0x00000000ebc00000|  0%| F|  |TAMS 0x00000000ebb00000, 0x00000000ebb00000| Untracked 
| 188|0x00000000ebc00000, 0x00000000ebc00000, 0x00000000ebd00000|  0%| F|  |TAMS 0x00000000ebc00000, 0x00000000ebc00000| Untracked 
| 189|0x00000000ebd00000, 0x00000000ebd00000, 0x00000000ebe00000|  0%| F|  |TAMS 0x00000000ebd00000, 0x00000000ebd00000| Untracked 
| 190|0x00000000ebe00000, 0x00000000ebe00000, 0x00000000ebf00000|  0%| F|  |TAMS 0x00000000ebe00000, 0x00000000ebe00000| Untracked 
| 191|0x00000000ebf00000, 0x00000000ebf00000, 0x00000000ec000000|  0%| F|  |TAMS 0x00000000ebf00000, 0x00000000ebf00000| Untracked 
| 192|0x00000000ec000000, 0x00000000ec000000, 0x00000000ec100000|  0%| F|  |TAMS 0x00000000ec000000, 0x00000000ec000000| Untracked 
| 193|0x00000000ec100000, 0x00000000ec200000, 0x00000000ec200000|100%| S|CS|TAMS 0x00000000ec100000, 0x00000000ec100000| Complete 
| 194|0x00000000ec200000, 0x00000000ec300000, 0x00000000ec300000|100%| S|CS|TAMS 0x00000000ec200000, 0x00000000ec200000| Complete 
| 195|0x00000000ec300000, 0x00000000ec400000, 0x00000000ec400000|100%| S|CS|TAMS 0x00000000ec300000, 0x00000000ec300000| Complete 
| 196|0x00000000ec400000, 0x00000000ec500000, 0x00000000ec500000|100%| S|CS|TAMS 0x00000000ec400000, 0x00000000ec400000| Complete 
| 197|0x00000000ec500000, 0x00000000ec500000, 0x00000000ec600000|  0%| F|  |TAMS 0x00000000ec500000, 0x00000000ec500000| Untracked 
| 198|0x00000000ec600000, 0x00000000ec600000, 0x00000000ec700000|  0%| F|  |TAMS 0x00000000ec600000, 0x00000000ec600000| Untracked 
| 199|0x00000000ec700000, 0x00000000ec700000, 0x00000000ec800000|  0%| F|  |TAMS 0x00000000ec700000, 0x00000000ec700000| Untracked 
| 200|0x00000000ec800000, 0x00000000ec800000, 0x00000000ec900000|  0%| F|  |TAMS 0x00000000ec800000, 0x00000000ec800000| Untracked 
| 201|0x00000000ec900000, 0x00000000ec900000, 0x00000000eca00000|  0%| F|  |TAMS 0x00000000ec900000, 0x00000000ec900000| Untracked 
| 202|0x00000000eca00000, 0x00000000eca00000, 0x00000000ecb00000|  0%| F|  |TAMS 0x00000000eca00000, 0x00000000eca00000| Untracked 
| 203|0x00000000ecb00000, 0x00000000ecb00000, 0x00000000ecc00000|  0%| F|  |TAMS 0x00000000ecb00000, 0x00000000ecb00000| Untracked 
| 204|0x00000000ecc00000, 0x00000000ecc00000, 0x00000000ecd00000|  0%| F|  |TAMS 0x00000000ecc00000, 0x00000000ecc00000| Untracked 
| 205|0x00000000ecd00000, 0x00000000ecd00000, 0x00000000ece00000|  0%| F|  |TAMS 0x00000000ecd00000, 0x00000000ecd00000| Untracked 
| 206|0x00000000ece00000, 0x00000000ece00000, 0x00000000ecf00000|  0%| F|  |TAMS 0x00000000ece00000, 0x00000000ece00000| Untracked 
| 207|0x00000000ecf00000, 0x00000000ecf00000, 0x00000000ed000000|  0%| F|  |TAMS 0x00000000ecf00000, 0x00000000ecf00000| Untracked 
| 208|0x00000000ed000000, 0x00000000ed000000, 0x00000000ed100000|  0%| F|  |TAMS 0x00000000ed000000, 0x00000000ed000000| Untracked 
| 209|0x00000000ed100000, 0x00000000ed100000, 0x00000000ed200000|  0%| F|  |TAMS 0x00000000ed100000, 0x00000000ed100000| Untracked 
| 210|0x00000000ed200000, 0x00000000ed200000, 0x00000000ed300000|  0%| F|  |TAMS 0x00000000ed200000, 0x00000000ed200000| Untracked 
| 211|0x00000000ed300000, 0x00000000ed300000, 0x00000000ed400000|  0%| F|  |TAMS 0x00000000ed300000, 0x00000000ed300000| Untracked 
| 212|0x00000000ed400000, 0x00000000ed400000, 0x00000000ed500000|  0%| F|  |TAMS 0x00000000ed400000, 0x00000000ed400000| Untracked 
| 213|0x00000000ed500000, 0x00000000ed500000, 0x00000000ed600000|  0%| F|  |TAMS 0x00000000ed500000, 0x00000000ed500000| Untracked 
| 214|0x00000000ed600000, 0x00000000ed600000, 0x00000000ed700000|  0%| F|  |TAMS 0x00000000ed600000, 0x00000000ed600000| Untracked 
| 215|0x00000000ed700000, 0x00000000ed700000, 0x00000000ed800000|  0%| F|  |TAMS 0x00000000ed700000, 0x00000000ed700000| Untracked 
| 216|0x00000000ed800000, 0x00000000ed800000, 0x00000000ed900000|  0%| F|  |TAMS 0x00000000ed800000, 0x00000000ed800000| Untracked 
| 217|0x00000000ed900000, 0x00000000ed900000, 0x00000000eda00000|  0%| F|  |TAMS 0x00000000ed900000, 0x00000000ed900000| Untracked 
| 218|0x00000000eda00000, 0x00000000eda00000, 0x00000000edb00000|  0%| F|  |TAMS 0x00000000eda00000, 0x00000000eda00000| Untracked 
| 219|0x00000000edb00000, 0x00000000edb00000, 0x00000000edc00000|  0%| F|  |TAMS 0x00000000edb00000, 0x00000000edb00000| Untracked 
| 220|0x00000000edc00000, 0x00000000edc00000, 0x00000000edd00000|  0%| F|  |TAMS 0x00000000edc00000, 0x00000000edc00000| Untracked 
| 221|0x00000000edd00000, 0x00000000edd00000, 0x00000000ede00000|  0%| F|  |TAMS 0x00000000edd00000, 0x00000000edd00000| Untracked 
| 222|0x00000000ede00000, 0x00000000ede00000, 0x00000000edf00000|  0%| F|  |TAMS 0x00000000ede00000, 0x00000000ede00000| Untracked 
| 223|0x00000000edf00000, 0x00000000edf00000, 0x00000000ee000000|  0%| F|  |TAMS 0x00000000edf00000, 0x00000000edf00000| Untracked 
| 224|0x00000000ee000000, 0x00000000ee000000, 0x00000000ee100000|  0%| F|  |TAMS 0x00000000ee000000, 0x00000000ee000000| Untracked 
| 225|0x00000000ee100000, 0x00000000ee100000, 0x00000000ee200000|  0%| F|  |TAMS 0x00000000ee100000, 0x00000000ee100000| Untracked 
| 226|0x00000000ee200000, 0x00000000ee200000, 0x00000000ee300000|  0%| F|  |TAMS 0x00000000ee200000, 0x00000000ee200000| Untracked 
| 227|0x00000000ee300000, 0x00000000ee300000, 0x00000000ee400000|  0%| F|  |TAMS 0x00000000ee300000, 0x00000000ee300000| Untracked 
| 228|0x00000000ee400000, 0x00000000ee400000, 0x00000000ee500000|  0%| F|  |TAMS 0x00000000ee400000, 0x00000000ee400000| Untracked 
| 229|0x00000000ee500000, 0x00000000ee500000, 0x00000000ee600000|  0%| F|  |TAMS 0x00000000ee500000, 0x00000000ee500000| Untracked 
| 230|0x00000000ee600000, 0x00000000ee600000, 0x00000000ee700000|  0%| F|  |TAMS 0x00000000ee600000, 0x00000000ee600000| Untracked 
| 231|0x00000000ee700000, 0x00000000ee700000, 0x00000000ee800000|  0%| F|  |TAMS 0x00000000ee700000, 0x00000000ee700000| Untracked 
| 232|0x00000000ee800000, 0x00000000ee800000, 0x00000000ee900000|  0%| F|  |TAMS 0x00000000ee800000, 0x00000000ee800000| Untracked 
| 233|0x00000000ee900000, 0x00000000ee900000, 0x00000000eea00000|  0%| F|  |TAMS 0x00000000ee900000, 0x00000000ee900000| Untracked 
| 234|0x00000000eea00000, 0x00000000eea00000, 0x00000000eeb00000|  0%| F|  |TAMS 0x00000000eea00000, 0x00000000eea00000| Untracked 
| 235|0x00000000eeb00000, 0x00000000eeb00000, 0x00000000eec00000|  0%| F|  |TAMS 0x00000000eeb00000, 0x00000000eeb00000| Untracked 
| 236|0x00000000eec00000, 0x00000000eec00000, 0x00000000eed00000|  0%| F|  |TAMS 0x00000000eec00000, 0x00000000eec00000| Untracked 
| 237|0x00000000eed00000, 0x00000000eed00000, 0x00000000eee00000|  0%| F|  |TAMS 0x00000000eed00000, 0x00000000eed00000| Untracked 
| 238|0x00000000eee00000, 0x00000000eee00000, 0x00000000eef00000|  0%| F|  |TAMS 0x00000000eee00000, 0x00000000eee00000| Untracked 
| 239|0x00000000eef00000, 0x00000000eef00000, 0x00000000ef000000|  0%| F|  |TAMS 0x00000000eef00000, 0x00000000eef00000| Untracked 
| 240|0x00000000ef000000, 0x00000000ef000000, 0x00000000ef100000|  0%| F|  |TAMS 0x00000000ef000000, 0x00000000ef000000| Untracked 
| 241|0x00000000ef100000, 0x00000000ef100000, 0x00000000ef200000|  0%| F|  |TAMS 0x00000000ef100000, 0x00000000ef100000| Untracked 
| 242|0x00000000ef200000, 0x00000000ef200000, 0x00000000ef300000|  0%| F|  |TAMS 0x00000000ef200000, 0x00000000ef200000| Untracked 
| 243|0x00000000ef300000, 0x00000000ef300000, 0x00000000ef400000|  0%| F|  |TAMS 0x00000000ef300000, 0x00000000ef300000| Untracked 
| 244|0x00000000ef400000, 0x00000000ef400000, 0x00000000ef500000|  0%| F|  |TAMS 0x00000000ef400000, 0x00000000ef400000| Untracked 
| 245|0x00000000ef500000, 0x00000000ef500000, 0x00000000ef600000|  0%| F|  |TAMS 0x00000000ef500000, 0x00000000ef500000| Untracked 
| 246|0x00000000ef600000, 0x00000000ef600000, 0x00000000ef700000|  0%| F|  |TAMS 0x00000000ef600000, 0x00000000ef600000| Untracked 
| 247|0x00000000ef700000, 0x00000000ef700000, 0x00000000ef800000|  0%| F|  |TAMS 0x00000000ef700000, 0x00000000ef700000| Untracked 
| 248|0x00000000ef800000, 0x00000000ef800000, 0x00000000ef900000|  0%| F|  |TAMS 0x00000000ef800000, 0x00000000ef800000| Untracked 
| 249|0x00000000ef900000, 0x00000000ef900000, 0x00000000efa00000|  0%| F|  |TAMS 0x00000000ef900000, 0x00000000ef900000| Untracked 
| 250|0x00000000efa00000, 0x00000000efa00000, 0x00000000efb00000|  0%| F|  |TAMS 0x00000000efa00000, 0x00000000efa00000| Untracked 
| 251|0x00000000efb00000, 0x00000000efb81138, 0x00000000efc00000| 50%| E|  |TAMS 0x00000000efb00000, 0x00000000efb00000| Complete 
| 252|0x00000000efc00000, 0x00000000efd00000, 0x00000000efd00000|100%| E|CS|TAMS 0x00000000efc00000, 0x00000000efc00000| Complete 
| 253|0x00000000efd00000, 0x00000000efe00000, 0x00000000efe00000|100%| E|CS|TAMS 0x00000000efd00000, 0x00000000efd00000| Complete 
| 254|0x00000000efe00000, 0x00000000eff00000, 0x00000000eff00000|100%| E|CS|TAMS 0x00000000efe00000, 0x00000000efe00000| Complete 
| 255|0x00000000eff00000, 0x00000000f0000000, 0x00000000f0000000|100%| E|CS|TAMS 0x00000000eff00000, 0x00000000eff00000| Complete 

Card table byte_map: [0x0000024897660000,0x0000024897760000] _byte_map_base: 0x0000024896f60000

Marking Bits (Prev, Next): (CMBitMap*) 0x00000248ffe56178, (CMBitMap*) 0x00000248ffe561b0
 Prev Bits: [0x0000024897860000, 0x0000024898060000)
 Next Bits: [0x0000024898060000, 0x0000024898860000)

Polling page: 0x00000248fdd90000

Metaspace:

Usage:
  Non-class:     31.31 MB capacity,    30.78 MB ( 98%) used,   457.46 KB (  1%) free+waste,    81.94 KB ( <1%) overhead. 
      Class:      4.87 MB capacity,     4.56 MB ( 94%) used,   281.03 KB (  6%) free+waste,    40.25 KB ( <1%) overhead. 
       Both:     36.18 MB capacity,    35.34 MB ( 98%) used,   738.49 KB (  2%) free+waste,   122.19 KB ( <1%) overhead. 

Virtual space:
  Non-class space:       32.00 MB reserved,      31.40 MB ( 98%) committed 
      Class space:      248.00 MB reserved,       4.88 MB (  2%) committed 
             Both:      280.00 MB reserved,      36.28 MB ( 13%) committed 

Chunk freelists:
   Non-Class:  3.00 KB
       Class:  3.00 KB
        Both:  6.00 KB

MaxMetaspaceSize: 256.00 MB
CompressedClassSpaceSize: 248.00 MB
Initial GC threshold: 20.80 MB
Current GC threshold: 59.21 MB
CDS: off

CodeHeap 'non-profiled nmethods': size=120064Kb used=1512Kb max_used=1512Kb free=118551Kb
 bounds [0x0000024890120000, 0x0000024890390000, 0x0000024897660000]
CodeHeap 'profiled nmethods': size=120000Kb used=6267Kb max_used=6267Kb free=113732Kb
 bounds [0x0000024888bf0000, 0x0000024889210000, 0x0000024890120000]
CodeHeap 'non-nmethods': size=5696Kb used=1239Kb max_used=1289Kb free=4456Kb
 bounds [0x0000024888660000, 0x00000248888d0000, 0x0000024888bf0000]
 total_blobs=3437 nmethods=2915 adapters=434
 compilation: enabled
              stopped_count=0, restarted_count=0
 full_count=0

Compilation events (20 events):
Event: 53.565 Thread 0x000002489b6ee800 nmethod 2846 0x0000024890286410 code [0x00000248902865a0, 0x0000024890286778]
Event: 53.568 Thread 0x000002489ae9d000 2847       3       org.codehaus.groovy.util.ReferenceManager$CallBackedManager::afterReferenceCreation (5 bytes)
Event: 53.568 Thread 0x000002489ae9d000 nmethod 2847 0x00000248891ee590 code [0x00000248891ee740, 0x00000248891ee888]
Event: 53.568 Thread 0x000002489ae9d000 2848       3       org.codehaus.groovy.util.ReferenceManager$CallBackedManager::removeStallEntries0 (51 bytes)
Event: 53.569 Thread 0x000002489ae9d000 nmethod 2848 0x00000248891ee910 code [0x00000248891eeb40, 0x00000248891ef418]
Event: 53.580 Thread 0x000002489b6ee800 2849       4       java.util.AbstractCollection::addAll (42 bytes)
Event: 53.583 Thread 0x000002489ae9d000 2851  s    1       org.codehaus.groovy.reflection.stdclasses.ObjectCachedClass::getCachedSuperClass (2 bytes)
Event: 53.583 Thread 0x000002489ae9d000 nmethod 2851 0x0000024890286890 code [0x0000024890286a40, 0x0000024890286c58]
Event: 53.583 Thread 0x000002489ae9d000 2852       3       org.codehaus.groovy.runtime.metaclass.NewInstanceMetaMethod::<init> (6 bytes)
Event: 53.584 Thread 0x000002489ae9d000 nmethod 2852 0x00000248891ef690 code [0x00000248891ef840, 0x00000248891ef968]
Event: 53.584 Thread 0x000002489ae9d000 2853       3       groovy.lang.MetaMethod::isPublic (15 bytes)
Event: 53.584 Thread 0x000002489ae9d000 nmethod 2853 0x00000248891efa10 code [0x00000248891efbc0, 0x00000248891efdc8]
Event: 53.584 Thread 0x000002489ae9d000 2854       3       org.codehaus.groovy.reflection.CachedMethod::getParamsCount (6 bytes)
Event: 53.585 Thread 0x000002489ae9d000 nmethod 2854 0x00000248891efe90 code [0x00000248891f0060, 0x00000248891f02c8]
Event: 53.585 Thread 0x000002489ae9d000 2855       3       org.codehaus.groovy.runtime.metaclass.NewMetaMethod::getDeclaringClass (7 bytes)
Event: 53.585 Thread 0x000002489ae9d000 nmethod 2855 0x00000248891f0410 code [0x00000248891f05c0, 0x00000248891f0778]
Event: 53.585 Thread 0x000002489ae9d000 2856       1       java.net.JarURLConnection::getJarFileURL (5 bytes)
Event: 53.585 Thread 0x000002489ae9d000 nmethod 2856 0x0000024890286d10 code [0x0000024890286ec0, 0x0000024890286f78]
Event: 53.617 Thread 0x000002489ae9d000 2857       1       org.codehaus.groovy.reflection.ClassInfo::getStrongMetaClass (5 bytes)
Event: 53.617 Thread 0x000002489ae9d000 nmethod 2857 0x0000024890287010 code [0x00000248902871c0, 0x0000024890287278]

GC Heap History (14 events):
Event: 10.941 GC heap before
{Heap before GC invocations=0 (full 0):
 garbage-first heap   total 262144K, used 16384K [0x00000000e0000000, 0x0000000100000000)
  region size 1024K, 14 young (14336K), 0 survivors (0K)
 Metaspace       used 6780K, capacity 6985K, committed 7168K, reserved 262144K
  class space    used 573K, capacity 650K, committed 768K, reserved 253952K
}
Event: 10.953 GC heap after
{Heap after GC invocations=1 (full 0):
 garbage-first heap   total 262144K, used 4826K [0x00000000e0000000, 0x0000000100000000)
  region size 1024K, 2 young (2048K), 2 survivors (2048K)
 Metaspace       used 6780K, capacity 6985K, committed 7168K, reserved 262144K
  class space    used 573K, capacity 650K, committed 768K, reserved 253952K
}
Event: 13.628 GC heap before
{Heap before GC invocations=1 (full 0):
 garbage-first heap   total 262144K, used 19162K [0x00000000e0000000, 0x0000000100000000)
  region size 1024K, 13 young (13312K), 2 survivors (2048K)
 Metaspace       used 10225K, capacity 10546K, committed 10624K, reserved 264192K
  class space    used 1042K, capacity 1138K, committed 1152K, reserved 253952K
}
Event: 13.633 GC heap after
{Heap after GC invocations=2 (full 0):
 garbage-first heap   total 262144K, used 9631K [0x00000000e0000000, 0x0000000100000000)
  region size 1024K, 2 young (2048K), 2 survivors (2048K)
 Metaspace       used 10225K, capacity 10546K, committed 10624K, reserved 264192K
  class space    used 1042K, capacity 1138K, committed 1152K, reserved 253952K
}
Event: 32.106 GC heap before
{Heap before GC invocations=2 (full 0):
 garbage-first heap   total 262144K, used 49567K [0x00000000e0000000, 0x0000000100000000)
  region size 1024K, 40 young (40960K), 2 survivors (2048K)
 Metaspace       used 11474K, capacity 11749K, committed 11904K, reserved 266240K
  class space    used 1194K, capacity 1283K, committed 1408K, reserved 253952K
}
Event: 32.115 GC heap after
{Heap after GC invocations=3 (full 0):
 garbage-first heap   total 262144K, used 14499K [0x00000000e0000000, 0x0000000100000000)
  region size 1024K, 5 young (5120K), 5 survivors (5120K)
 Metaspace       used 11474K, capacity 11749K, committed 11904K, reserved 266240K
  class space    used 1194K, capacity 1283K, committed 1408K, reserved 253952K
}
Event: 43.995 GC heap before
{Heap before GC invocations=3 (full 0):
 garbage-first heap   total 262144K, used 65699K [0x00000000e0000000, 0x0000000100000000)
  region size 1024K, 55 young (56320K), 5 survivors (5120K)
 Metaspace       used 19674K, capacity 20203K, committed 20352K, reserved 272384K
  class space    used 2389K, capacity 2571K, committed 2688K, reserved 253952K
}
Event: 44.010 GC heap after
{Heap after GC invocations=4 (full 0):
 garbage-first heap   total 262144K, used 17267K [0x00000000e0000000, 0x0000000100000000)
  region size 1024K, 6 young (6144K), 6 survivors (6144K)
 Metaspace       used 19674K, capacity 20203K, committed 20352K, reserved 272384K
  class space    used 2389K, capacity 2571K, committed 2688K, reserved 253952K
}
Event: 44.375 GC heap before
{Heap before GC invocations=4 (full 0):
 garbage-first heap   total 262144K, used 24435K [0x00000000e0000000, 0x0000000100000000)
  region size 1024K, 14 young (14336K), 6 survivors (6144K)
 Metaspace       used 20794K, capacity 21246K, committed 21296K, reserved 274432K
  class space    used 2521K, capacity 2687K, committed 2688K, reserved 253952K
}
Event: 44.386 GC heap after
{Heap after GC invocations=5 (full 0):
 garbage-first heap   total 262144K, used 17698K [0x00000000e0000000, 0x0000000100000000)
  region size 1024K, 4 young (4096K), 4 survivors (4096K)
 Metaspace       used 20794K, capacity 21246K, committed 21296K, reserved 274432K
  class space    used 2521K, capacity 2687K, committed 2688K, reserved 253952K
}
Event: 50.492 GC heap before
{Heap before GC invocations=6 (full 0):
 garbage-first heap   total 262144K, used 78114K [0x00000000e0000000, 0x0000000100000000)
  region size 1024K, 63 young (64512K), 4 survivors (4096K)
 Metaspace       used 26886K, capacity 27589K, committed 27776K, reserved 278528K
  class space    used 3470K, capacity 3704K, committed 3712K, reserved 253952K
}
Event: 50.505 GC heap after
{Heap after GC invocations=7 (full 0):
 garbage-first heap   total 262144K, used 19725K [0x00000000e0000000, 0x0000000100000000)
  region size 1024K, 6 young (6144K), 6 survivors (6144K)
 Metaspace       used 26886K, capacity 27589K, committed 27776K, reserved 278528K
  class space    used 3470K, capacity 3704K, committed 3712K, reserved 253952K
}
Event: 53.417 GC heap before
{Heap before GC invocations=7 (full 0):
 garbage-first heap   total 262144K, used 79117K [0x00000000e0000000, 0x0000000100000000)
  region size 1024K, 65 young (66560K), 6 survivors (6144K)
 Metaspace       used 35151K, capacity 35959K, committed 36048K, reserved 286720K
  class space    used 4522K, capacity 4836K, committed 4864K, reserved 253952K
}
Event: 53.439 GC heap after
{Heap after GC invocations=8 (full 0):
 garbage-first heap   total 262144K, used 23091K [0x00000000e0000000, 0x0000000100000000)
  region size 1024K, 9 young (9216K), 9 survivors (9216K)
 Metaspace       used 35151K, capacity 35959K, committed 36048K, reserved 286720K
  class space    used 4522K, capacity 4836K, committed 4864K, reserved 253952K
}

Deoptimization events (20 events):
Event: 51.407 Thread 0x000002489d26d800 DEOPT PACKING pc=0x0000024890254864 sp=0x000000873cff9940
Event: 51.407 Thread 0x000002489d26d800 DEOPT UNPACKING pc=0x00000248886aa1af sp=0x000000873cff98f0 mode 2
Event: 51.925 Thread 0x000002489d26d800 DEOPT PACKING pc=0x0000024889014cf9 sp=0x000000873cff7d30
Event: 51.925 Thread 0x000002489d26d800 DEOPT UNPACKING pc=0x00000248886aa95e sp=0x000000873cff7278 mode 0
Event: 52.630 Thread 0x000002489d26d800 Uncommon trap: trap_request=0xffffff4d fr.pc=0x00000248901a2fb8 relative=0x0000000000002418
Event: 52.630 Thread 0x000002489d26d800 Uncommon trap: reason=unstable_if action=reinterpret pc=0x00000248901a2fb8 method=java.util.zip.ZipFile$Source.initCEN(ILjava/util/zip/ZipCoder;)V @ 621 c2
Event: 52.630 Thread 0x000002489d26d800 DEOPT PACKING pc=0x00000248901a2fb8 sp=0x000000873cff4fd0
Event: 52.630 Thread 0x000002489d26d800 DEOPT UNPACKING pc=0x00000248886aa1af sp=0x000000873cff4fd8 mode 2
Event: 52.630 Thread 0x000002489d26d800 Uncommon trap: trap_request=0xffffff4d fr.pc=0x000002489022e550 relative=0x00000000000055b0
Event: 52.630 Thread 0x000002489d26d800 Uncommon trap: reason=unstable_if action=reinterpret pc=0x000002489022e550 method=java.net.URLClassLoader.defineClass(Ljava/lang/String;Ljdk/internal/loader/Resource;)Ljava/lang/Class; @ 21 c2
Event: 52.630 Thread 0x000002489d26d800 DEOPT PACKING pc=0x000002489022e550 sp=0x000000873cff8d60
Event: 52.631 Thread 0x000002489d26d800 DEOPT UNPACKING pc=0x00000248886aa1af sp=0x000000873cff8cd0 mode 2
Event: 52.631 Thread 0x000002489d26d800 Uncommon trap: trap_request=0xffffff4d fr.pc=0x0000024890213c08 relative=0x0000000000003148
Event: 52.631 Thread 0x000002489d26d800 Uncommon trap: reason=unstable_if action=reinterpret pc=0x0000024890213c08 method=java.lang.ClassLoader.getClassLoadingLock(Ljava/lang/String;)Ljava/lang/Object; @ 6 c2
Event: 52.631 Thread 0x000002489d26d800 DEOPT PACKING pc=0x0000024890213c08 sp=0x000000873cff7280
Event: 52.631 Thread 0x000002489d26d800 DEOPT UNPACKING pc=0x00000248886aa1af sp=0x000000873cff72a0 mode 2
Event: 52.635 Thread 0x000002489d26d800 Uncommon trap: trap_request=0xffffff4d fr.pc=0x000002489025f16c relative=0x000000000000068c
Event: 52.635 Thread 0x000002489d26d800 Uncommon trap: reason=unstable_if action=reinterpret pc=0x000002489025f16c method=java.lang.Class.getPackageName()Ljava/lang/String; @ 55 c2
Event: 52.635 Thread 0x000002489d26d800 DEOPT PACKING pc=0x000002489025f16c sp=0x000000873cff8aa0
Event: 52.635 Thread 0x000002489d26d800 DEOPT UNPACKING pc=0x00000248886aa1af sp=0x000000873cff8a60 mode 2

Classes redefined (0 events):
No events

Internal exceptions (20 events):
Event: 50.301 Thread 0x000002489d26d800 Exception <a 'java/lang/NoSuchMethodError'{0x00000000ec97d638}: 'void java.lang.invoke.DirectMethodHandle$Holder.invokeSpecial(java.lang.Object, java.lang.Object)'> (0x00000000ec97d638) thrown at [./src/hotspot/share/interpreter/linkResolver.cpp, line 773]
Event: 50.776 Thread 0x000002489d26d800 Exception <a 'java/lang/NoSuchMethodError'{0x00000000ef9369c8}: 'java.lang.Object java.lang.invoke.DirectMethodHandle$Holder.invokeSpecialIFC(java.lang.Object, java.lang.Object, java.lang.Object, java.lang.Object)'> (0x00000000ef9369c8) thrown at [./src/hotspot/share/interpreter/linkResolver.cpp, line 773]
Event: 51.293 Thread 0x000002489d26d800 Implicit null exception at 0x0000024890200475 to 0x000002489020063c
Event: 51.420 Thread 0x000002489d26d800 Exception <a 'java/lang/NoSuchMethodError'{0x00000000eefe4260}: 'java.lang.Object java.lang.invoke.DirectMethodHandle$Holder.invokeSpecial(java.lang.Object, java.lang.Object, java.lang.Object, java.lang.Object, java.lang.Object, java.lang.Object, java.lang.Object, java.lang.Object, java.lang.Object, java.lang.Object, java.lang.Object, java.lang.Object, java.lang.Object)'> (0x00000000eefe4260) thrown at [./src/hotspot/share/interpreter/linkResolver.cpp, line 773]
Event: 51.426 Thread 0x000002489d26d800 Exception <a 'java/lang/NoSuchMethodError'{0x00000000eeff50c0}: 'java.lang.Object java.lang.invoke.DirectMethodHandle$Holder.invokeSpecial(java.lang.Object, java.lang.Object, java.lang.Object, java.lang.Object, java.lang.Object, java.lang.Object, java.lang.Object, java.lang.Object, java.lang.Object, java.lang.Object, java.lang.Object, java.lang.Object)'> (0x00000000eeff50c0) thrown at [./src/hotspot/share/interpreter/linkResolver.cpp, line 773]
Event: 51.427 Thread 0x000002489d26d800 Exception <a 'java/lang/NoSuchMethodError'{0x00000000eeffa1e8}: 'java.lang.Object java.lang.invoke.Invokers$Holder.linkToTargetMethod(java.lang.Object, java.lang.Object, java.lang.Object, java.lang.Object, java.lang.Object, java.lang.Object, java.lang.Object, java.lang.Object, java.lang.Object, java.lang.Object, java.lang.Object)'> (0x00000000eeffa1e8) thrown at [./src/hotspot/share/interpreter/linkResolver.cpp, line 773]
Event: 51.491 Thread 0x000002489d26d800 Exception <a 'java/lang/NoSuchMethodError'{0x00000000eee99458}: 'java.lang.Object java.lang.invoke.DirectMethodHandle$Holder.invokeSpecial(java.lang.Object, java.lang.Object, java.lang.Object, java.lang.Object, java.lang.Object, java.lang.Object, java.lang.Object, java.lang.Object, java.lang.Object, java.lang.Object, java.lang.Object, java.lang.Object, java.lang.Object, java.lang.Object)'> (0x00000000eee99458) thrown at [./src/hotspot/share/interpreter/linkResolver.cpp, line 773]
Event: 51.508 Thread 0x000002489d26d800 Exception <a 'java/lang/NoSuchMethodError'{0x00000000eeeaaad0}: 'java.lang.Object java.lang.invoke.Invokers$Holder.linkToTargetMethod(java.lang.Object, java.lang.Object, java.lang.Object, java.lang.Object, java.lang.Object, java.lang.Object, java.lang.Object, java.lang.Object, java.lang.Object, java.lang.Object, java.lang.Object, java.lang.Object)'> (0x00000000eeeaaad0) thrown at [./src/hotspot/share/interpreter/linkResolver.cpp, line 773]
Event: 51.590 Thread 0x000002489d26d800 Exception <a 'java/lang/NoSuchMethodError'{0x00000000eec0bd88}: 'java.lang.Object java.lang.invoke.DirectMethodHandle$Holder.invokeStaticInit(java.lang.Object, java.lang.Object, java.lang.Object, java.lang.Object)'> (0x00000000eec0bd88) thrown at [./src/hotspot/share/interpreter/linkResolver.cpp, line 773]
Event: 51.917 Thread 0x000002489d26d800 Exception <a 'java/lang/NoSuchMethodError'{0x00000000ee49ca18}: 'java.lang.Object java.lang.invoke.Invokers$Holder.linkToTargetMethod(java.lang.Object, java.lang.Object, java.lang.Object, java.lang.Object, java.lang.Object, java.lang.Object, java.lang.Object, java.lang.Object)'> (0x00000000ee49ca18) thrown at [./src/hotspot/share/interpreter/linkResolver.cpp, line 773]
Event: 51.925 Thread 0x000002489d26d800 Exception <a 'java/lang/NoSuchMethodError'{0x00000000ee4f3860}: 'java.lang.Object java.lang.invoke.Invokers$Holder.linkToTargetMethod(java.lang.Object, java.lang.Object, java.lang.Object, java.lang.Object, java.lang.Object, java.lang.Object, java.lang.Object)'> (0x00000000ee4f3860) thrown at [./src/hotspot/share/interpreter/linkResolver.cpp, line 773]
Event: 51.937 Thread 0x000002489d26d800 Exception <a 'java/lang/IncompatibleClassChangeError'{0x00000000ee348178}: Found class java.lang.Object, but interface was expected> (0x00000000ee348178) thrown at [./src/hotspot/share/interpreter/linkResolver.cpp, line 839]
Event: 52.387 Thread 0x000002489d26d800 Exception <a 'java/lang/NoSuchMethodError'{0x00000000ed5bf950}: 'int java.lang.invoke.DirectMethodHandle$Holder.invokeStatic(java.lang.Object, java.lang.Object, java.lang.Object, java.lang.Object, java.lang.Object)'> (0x00000000ed5bf950) thrown at [./src/hotspot/share/interpreter/linkResolver.cpp, line 773]
Event: 52.412 Thread 0x000002489d26d800 Exception <a 'java/lang/NoSuchMethodError'{0x00000000ed4af788}: 'java.lang.Object java.lang.invoke.DirectMethodHandle$Holder.invokeStatic(java.lang.Object, java.lang.Object, int, java.lang.Object)'> (0x00000000ed4af788) thrown at [./src/hotspot/share/interpreter/linkResolver.cpp, line 773]
Event: 52.413 Thread 0x000002489d26d800 Exception <a 'java/lang/NoSuchMethodError'{0x00000000ed4b9bd0}: 'java.lang.Object java.lang.invoke.Invokers$Holder.linkToTargetMethod(java.lang.Object, int, java.lang.Object, java.lang.Object)'> (0x00000000ed4b9bd0) thrown at [./src/hotspot/share/interpreter/linkResolver.cpp, line 773]
Event: 52.630 Thread 0x000002489d26d800 Implicit null exception at 0x00000248901a1c42 to 0x00000248901a2f99
Event: 52.859 Thread 0x000002489d26d800 Exception <a 'java/lang/NoSuchMethodError'{0x00000000ecb710f0}: 'void java.lang.invoke.DirectMethodHandle$Holder.invokeStaticInit(java.lang.Object, java.lang.Object, java.lang.Object)'> (0x00000000ecb710f0) thrown at [./src/hotspot/share/interpreter/linkResolver.cpp, line 773]
Event: 52.860 Thread 0x000002489d26d800 Exception <a 'java/lang/NoSuchMethodError'{0x00000000ecb78348}: 'void java.lang.invoke.DirectMethodHandle$Holder.invokeStaticInit(java.lang.Object, java.lang.Object, java.lang.Object, java.lang.Object)'> (0x00000000ecb78348) thrown at [./src/hotspot/share/interpreter/linkResolver.cpp, line 773]
Event: 52.871 Thread 0x000002489d26d800 Exception <a 'java/lang/NoSuchMethodError'{0x00000000ecb9b098}: 'void java.lang.invoke.DirectMethodHandle$Holder.invokeStaticInit(java.lang.Object, java.lang.Object, java.lang.Object, java.lang.Object, java.lang.Object)'> (0x00000000ecb9b098) thrown at [./src/hotspot/share/interpreter/linkResolver.cpp, line 773]
Event: 52.972 Thread 0x000002489d26d800 Exception <a 'java/lang/NoSuchMethodError'{0x00000000eca166d0}: 'int java.lang.invoke.DirectMethodHandle$Holder.invokeStaticInit(java.lang.Object, java.lang.Object, java.lang.Object, java.lang.Object)'> (0x00000000eca166d0) thrown at [./src/hotspot/share/interpreter/linkResolver.cpp, line 773]

Events (20 events):
Event: 53.691 loading class groovy/lang/MetaClassImpl$9
Event: 53.691 loading class groovy/lang/MetaClassImpl$9 done
Event: 53.691 loading class groovy/lang/MetaClassImpl$10
Event: 53.691 loading class groovy/lang/MetaClassImpl$10 done
Event: 53.692 loading class groovy/lang/MetaClassImpl$MetaConstructor
Event: 53.692 loading class groovy/lang/MetaClassImpl$MetaConstructor done
Event: 53.693 loading class org/codehaus/groovy/runtime/metaclass/MultipleSetterProperty
Event: 53.693 loading class org/codehaus/groovy/runtime/metaclass/MultipleSetterProperty done
Event: 53.694 loading class org/codehaus/groovy/runtime/metaclass/MethodSelectionException
Event: 53.694 loading class org/codehaus/groovy/runtime/metaclass/MethodSelectionException done
Event: 53.695 loading class groovy/lang/MetaClassImpl$MethodIndexAction
Event: 53.695 loading class groovy/lang/MetaClassImpl$MethodIndexAction done
Event: 53.696 loading class groovy/lang/MetaClassImpl$1
Event: 53.696 loading class groovy/lang/MetaClassImpl$1 done
Event: 53.698 loading class org/codehaus/groovy/reflection/CachedClass
Event: 53.698 loading class org/codehaus/groovy/reflection/CachedClass done
Event: 53.699 loading class org/codehaus/groovy/util/SingleKeyHashMap$Copier
Event: 53.699 loading class org/codehaus/groovy/util/SingleKeyHashMap$Copier done
Event: 53.699 loading class org/codehaus/groovy/util/SingleKeyHashMap$Copier
Event: 53.699 loading class org/codehaus/groovy/util/SingleKeyHashMap$Copier done


Dynamic libraries:
0x00007ff6141d0000 - 0x00007ff6141dd000 	C:\PlayData\00.sw\jdk-11.0.14.1+1\bin\java.exe
0x00007ffeca850000 - 0x00007ffecaa45000 	C:\WINDOWS\SYSTEM32\ntdll.dll
0x00007ffec8d80000 - 0x00007ffec8e3d000 	C:\WINDOWS\System32\KERNEL32.DLL
0x00007ffec7f60000 - 0x00007ffec822d000 	C:\WINDOWS\System32\KERNELBASE.dll
0x00007ffec85d0000 - 0x00007ffec86d0000 	C:\WINDOWS\System32\ucrtbase.dll
0x00007ffea4d40000 - 0x00007ffea4d55000 	C:\PlayData\00.sw\jdk-11.0.14.1+1\bin\VCRUNTIME140.dll
0x00007ffea6170000 - 0x00007ffea6187000 	C:\PlayData\00.sw\jdk-11.0.14.1+1\bin\jli.dll
0x00007ffec9ed0000 - 0x00007ffeca070000 	C:\WINDOWS\System32\USER32.dll
0x00007ffec85a0000 - 0x00007ffec85c2000 	C:\WINDOWS\System32\win32u.dll
0x00007ffeca140000 - 0x00007ffeca16a000 	C:\WINDOWS\System32\GDI32.dll
0x00007ffec8790000 - 0x00007ffec889b000 	C:\WINDOWS\System32\gdi32full.dll
0x00007ffec83e0000 - 0x00007ffec847d000 	C:\WINDOWS\System32\msvcp_win.dll
0x00007ffeafbc0000 - 0x00007ffeafe5a000 	C:\WINDOWS\WinSxS\amd64_microsoft.windows.common-controls_6595b64144ccf1df_6.0.19041.1110_none_60b5254171f9507e\COMCTL32.dll
0x00007ffec9e30000 - 0x00007ffec9ece000 	C:\WINDOWS\System32\msvcrt.dll
0x00007ffeca180000 - 0x00007ffeca1b0000 	C:\WINDOWS\System32\IMM32.DLL
0x00007ffe8f210000 - 0x00007ffe8f2ab000 	C:\PlayData\00.sw\jdk-11.0.14.1+1\bin\msvcp140.dll
0x00007ffe86e30000 - 0x00007ffe879b1000 	C:\PlayData\00.sw\jdk-11.0.14.1+1\bin\server\jvm.dll
0x00007ffec8ba0000 - 0x00007ffec8c4e000 	C:\WINDOWS\System32\ADVAPI32.dll
0x00007ffeca710000 - 0x00007ffeca7ac000 	C:\WINDOWS\System32\sechost.dll
0x00007ffec8a70000 - 0x00007ffec8b95000 	C:\WINDOWS\System32\RPCRT4.dll
0x00007ffec89d0000 - 0x00007ffec89d8000 	C:\WINDOWS\System32\PSAPI.DLL
0x00007ffec66d0000 - 0x00007ffec66d9000 	C:\WINDOWS\SYSTEM32\WSOCK32.dll
0x00007ffeaffd0000 - 0x00007ffeafff7000 	C:\WINDOWS\SYSTEM32\WINMM.dll
0x00007ffec96d0000 - 0x00007ffec973b000 	C:\WINDOWS\System32\WS2_32.dll
0x00007ffebf5e0000 - 0x00007ffebf5ea000 	C:\WINDOWS\SYSTEM32\VERSION.dll
0x00007ffec6840000 - 0x00007ffec6852000 	C:\WINDOWS\SYSTEM32\kernel.appcore.dll
0x00007ffeaf5e0000 - 0x00007ffeaf5f0000 	C:\PlayData\00.sw\jdk-11.0.14.1+1\bin\verify.dll
0x00007ffec5d10000 - 0x00007ffec5ef4000 	C:\WINDOWS\SYSTEM32\DBGHELP.DLL
0x00007ffeb80e0000 - 0x00007ffeb810c000 	C:\WINDOWS\SYSTEM32\dbgcore.DLL
0x00007ffec8700000 - 0x00007ffec8782000 	C:\WINDOWS\System32\bcryptPrimitives.dll
0x00007ffea36f0000 - 0x00007ffea3718000 	C:\PlayData\00.sw\jdk-11.0.14.1+1\bin\java.dll
0x00007ffeaf510000 - 0x00007ffeaf51a000 	C:\PlayData\00.sw\jdk-11.0.14.1+1\bin\jimage.dll
0x00007ffea2c70000 - 0x00007ffea2c88000 	C:\PlayData\00.sw\jdk-11.0.14.1+1\bin\zip.dll
0x00007ffec8f80000 - 0x00007ffec96c4000 	C:\WINDOWS\System32\SHELL32.dll
0x00007ffec5f00000 - 0x00007ffec6694000 	C:\WINDOWS\SYSTEM32\windows.storage.dll
0x00007ffec9740000 - 0x00007ffec9a94000 	C:\WINDOWS\System32\combase.dll
0x00007ffec79c0000 - 0x00007ffec79ec000 	C:\WINDOWS\SYSTEM32\Wldp.dll
0x00007ffec9bc0000 - 0x00007ffec9c6d000 	C:\WINDOWS\System32\SHCORE.dll
0x00007ffeca7b0000 - 0x00007ffeca805000 	C:\WINDOWS\System32\shlwapi.dll
0x00007ffec7ea0000 - 0x00007ffec7ebf000 	C:\WINDOWS\SYSTEM32\profapi.dll
0x00007ffea1910000 - 0x00007ffea1929000 	C:\PlayData\00.sw\jdk-11.0.14.1+1\bin\net.dll
0x00007ffeb9c90000 - 0x00007ffeb9d9a000 	C:\WINDOWS\SYSTEM32\WINHTTP.dll
0x00007ffec7720000 - 0x00007ffec778a000 	C:\WINDOWS\system32\mswsock.dll
0x00007ffea05d0000 - 0x00007ffea05e3000 	C:\PlayData\00.sw\jdk-11.0.14.1+1\bin\nio.dll
0x00007ffeb2cc0000 - 0x00007ffeb2ce7000 	C:\Users\USER\.gradle\native\e1d6ef7f7dcc3fd88c89a11ec53ec762bb8ba0a96d01ffa2cd45eb1d1d8dd5c5\windows-amd64\native-platform.dll
0x00007ffe89cc0000 - 0x00007ffe89e04000 	C:\Users\USER\.gradle\native\0d407fdbe67a94daf76414ababcb853783967236a71b16ec16e742cd7a986fd3\windows-amd64\native-platform-file-events.dll
0x00007ffec0ab0000 - 0x00007ffec0ab9000 	C:\PlayData\00.sw\jdk-11.0.14.1+1\bin\management.dll
0x00007ffeb2cb0000 - 0x00007ffeb2cbb000 	C:\PlayData\00.sw\jdk-11.0.14.1+1\bin\management_ext.dll
0x00007ffec7920000 - 0x00007ffec7938000 	C:\WINDOWS\SYSTEM32\CRYPTSP.dll
0x00007ffec7030000 - 0x00007ffec7064000 	C:\WINDOWS\system32\rsaenh.dll
0x00007ffec86d0000 - 0x00007ffec86f7000 	C:\WINDOWS\System32\bcrypt.dll
0x00007ffec7e20000 - 0x00007ffec7e4e000 	C:\WINDOWS\SYSTEM32\USERENV.dll
0x00007ffec7910000 - 0x00007ffec791c000 	C:\WINDOWS\SYSTEM32\CRYPTBASE.dll
0x00007ffec73c0000 - 0x00007ffec73fb000 	C:\WINDOWS\SYSTEM32\IPHLPAPI.DLL
0x00007ffec9e20000 - 0x00007ffec9e28000 	C:\WINDOWS\System32\NSI.dll
0x00007ffebd7b0000 - 0x00007ffebd7c7000 	C:\WINDOWS\SYSTEM32\dhcpcsvc6.DLL
0x00007ffebe030000 - 0x00007ffebe04d000 	C:\WINDOWS\SYSTEM32\dhcpcsvc.DLL
0x00007ffec7400000 - 0x00007ffec74cb000 	C:\WINDOWS\SYSTEM32\DNSAPI.dll

dbghelp: loaded successfully - version: 4.0.5 - missing functions: none
symbol engine: initialized successfully - sym options: 0x614 - pdb path: .;C:\PlayData\00.sw\jdk-11.0.14.1+1\bin;C:\WINDOWS\SYSTEM32;C:\WINDOWS\WinSxS\amd64_microsoft.windows.common-controls_6595b64144ccf1df_6.0.19041.1110_none_60b5254171f9507e;C:\PlayData\00.sw\jdk-11.0.14.1+1\bin\server;C:\Users\USER\.gradle\native\e1d6ef7f7dcc3fd88c89a11ec53ec762bb8ba0a96d01ffa2cd45eb1d1d8dd5c5\windows-amd64;C:\Users\USER\.gradle\native\0d407fdbe67a94daf76414ababcb853783967236a71b16ec16e742cd7a986fd3\windows-amd64

VM Arguments:
jvm_args: --add-opens=java.base/java.util=ALL-UNNAMED --add-opens=java.base/java.lang=ALL-UNNAMED --add-opens=java.base/java.lang.invoke=ALL-UNNAMED --add-opens=java.base/java.util=ALL-UNNAMED --add-opens=java.prefs/java.util.prefs=ALL-UNNAMED --add-opens=java.prefs/java.util.prefs=ALL-UNNAMED --add-opens=java.base/java.nio.charset=ALL-UNNAMED --add-opens=java.base/java.net=ALL-UNNAMED --add-opens=java.base/java.util.concurrent.atomic=ALL-UNNAMED -XX:MaxMetaspaceSize=256m -XX:+HeapDumpOnOutOfMemoryError -Xms256m -Xmx512m -Dfile.encoding=UTF-8 -Duser.country=KR -Duser.language=ko -Duser.variant 
java_command: org.gradle.launcher.daemon.bootstrap.GradleDaemon 7.4.1
java_class_path (initial): C:\Users\USER\.gradle\wrapper\dists\gradle-7.4.1-bin\58kw26xllvsiedyf3nujyarhn\gradle-7.4.1\lib\gradle-launcher-7.4.1.jar
Launcher Type: SUN_STANDARD

[Global flags]
     intx CICompilerCount                          = 3                                         {product} {ergonomic}
   size_t CompressedClassSpaceSize                 = 260046848                                 {product} {ergonomic}
     uint ConcGCThreads                            = 1                                         {product} {ergonomic}
     uint G1ConcRefinementThreads                  = 4                                         {product} {ergonomic}
   size_t G1HeapRegionSize                         = 1048576                                   {product} {ergonomic}
    uintx GCDrainStackTargetSize                   = 64                                        {product} {ergonomic}
     bool HeapDumpOnOutOfMemoryError               = true                                   {manageable} {command line}
   size_t InitialHeapSize                          = 268435456                                 {product} {command line}
   size_t MarkStackSize                            = 4194304                                   {product} {ergonomic}
   size_t MaxHeapSize                              = 536870912                                 {product} {command line}
   size_t MaxMetaspaceSize                         = 268435456                                 {product} {command line}
   size_t MaxNewSize                               = 321912832                                 {product} {ergonomic}
   size_t MinHeapDeltaBytes                        = 1048576                                   {product} {ergonomic}
    uintx NonNMethodCodeHeapSize                   = 5830732                                {pd product} {ergonomic}
    uintx NonProfiledCodeHeapSize                  = 122913754                              {pd product} {ergonomic}
    uintx ProfiledCodeHeapSize                     = 122913754                              {pd product} {ergonomic}
    uintx ReservedCodeCacheSize                    = 251658240                              {pd product} {ergonomic}
     bool SegmentedCodeCache                       = true                                      {product} {ergonomic}
     bool UseCompressedClassPointers               = true                                 {lp64_product} {ergonomic}
     bool UseCompressedOops                        = true                                 {lp64_product} {ergonomic}
     bool UseG1GC                                  = true                                      {product} {ergonomic}
     bool UseLargePagesIndividualAllocation        = false                                  {pd product} {ergonomic}

Logging:
Log output configuration:
 #0: stdout all=warning uptime,level,tags
 #1: stderr all=off uptime,level,tags

Environment Variables:
JAVA_HOME=C:\PlayData\00.sw\jdk-11.0.14.1+1
PATH=C:\PlayData\00.sw\jdk-11.0.14.1+1\bin;C:\Program Files (x86)\Common Files\Oracle\Java\javapath;C:\Program Files (x86)\Common Files\Intel\Shared Libraries\redist\intel64\compiler;C:\Program Files (x86)\Intel\iCLS Client\;C:\Program Files\Intel\iCLS Client\;C:\WINDOWS\system32;C:\WINDOWS;C:\WINDOWS\System32\Wbem;C:\WINDOWS\System32\WindowsPowerShell\v1.0\;C:\Program Files (x86)\Intel\Intel(R) Management Engine Components\DAL;C:\Program Files\Intel\Intel(R) Management Engine Components\DAL;C:\Program Files (x86)\Intel\Intel(R) Management Engine Components\IPT;C:\Program Files\Intel\Intel(R) Management Engine Components\IPT;C:\Program Files\Microsoft SQL Server\130\Tools\Binn\;C:\Program Files\Intel\WiFi\bin\;C:\Program Files\Common Files\Intel\WirelessCommon\;C:\WINDOWS\System32\OpenSSH\;C:\Users\USER\Desktop\bin;C:\Program Files\dotnet\;C:\Users\USER\Desktop\webrtc-web-master\step-05\openssl-1.0.2j-fips-x86_64\OpenSSL\bin;C:\Program Files\Git\cmd;C:\Program Files\nodejs\;C:\Program Files\MySQL\MySQL Shell 8.0\bin\;C:\PlayData\00.sw\jdk-11.0.14.1+1\bin;C:\Users\USER\AppData\Local\Programs\Python\Python37\Scripts\;C:\Users\USER\AppData\Local\Programs\Python\Python37\;C:\Users\USER\AppData\Local\Microsoft\WindowsApps;C:\Program Files\Intel\WiFi\bin\;C:\Program Files\Common Files\Intel\WirelessCommon\;C:\Program Files\JetBrains\PyCharm 2019.3.5\bin;;C:\Users\USER\AppData\Local\Programs\Microsoft VS Code\bin;C:\Users\USER\AppData\Local\pip\Cache\wheels\89\67\41\63cbf0f6ac0a6156588b9587be4db5565f8c6d8ccef98202fc;C:\Users\USER\AppData\Roaming\Microsoft\Windows\Start Menu\Programs\Python 3.7;C:\Users\USER\AppData\Roaming\npm;C:\Program Files\JetBrains\PyCharm Community Edition 2019.3.5\bin;;C:\Users\USER\AppData\Local\GitHubDesktop\bin;C:\Program Files\heroku\bin;C:\PlayData\00.sw\IntelliJ IDEA Community Edition 2022.1.2\bin;
USERNAME=USER
OS=Windows_NT
PROCESSOR_IDENTIFIER=Intel64 Family 6 Model 78 Stepping 3, GenuineIntel



---------------  S Y S T E M  ---------------

OS: Windows 10 , 64 bit Build 19041 (10.0.19041.1706)
OS uptime: 0 days 22:07 hours

CPU:total 4 (initial active 4) (2 cores per cpu, 2 threads per core) family 6 model 78 stepping 3 microcode 0xcc, cmov, cx8, fxsr, mmx, sse, sse2, sse3, ssse3, sse4.1, sse4.2, popcnt, avx, avx2, aes, clmul, erms, 3dnowpref, lzcnt, ht, tsc, tscinvbit, bmi1, bmi2, adx, fma

Memory: 4k page, system-wide physical 4014M (401M free)
TotalPageFile size 14309M (AvailPageFile size 37M)
current process WorkingSet (physical memory assigned to process): 223M, peak: 230M
current process commit charge ("private bytes"): 429M, peak: 436M

vm_info: OpenJDK 64-Bit Server VM (11.0.14.1+1) for windows-amd64 JRE (11.0.14.1+1), built on Feb  9 2022 01:48:27 by "" with unknown MS VC++:1916

END.
