#
# There is insufficient memory for the Java Runtime Environment to continue.
# Native memory allocation (malloc) failed to allocate 1066576 bytes for Chunk::new
# Possible reasons:
#   The system is out of physical RAM or swap space
#   The process is running with CompressedOops enabled, and the Java Heap may be blocking the growth of the native heap
# Possible solutions:
#   Reduce memory load on the system
#   Increase physical memory or swap space
#   Check if swap backing store is full
#   Decrease Java heap size (-Xmx/-Xms)
#   Decrease number of Java threads
#   Decrease Java thread stack sizes (-Xss)
#   Set larger code cache with -XX:ReservedCodeCacheSize=
#   JVM is running with Unscaled Compressed Oops mode in which the Java heap is
#     placed in the first 4GB address space. The Java Heap base address is the
#     maximum limit for the native heap growth. Please use -XX:HeapBaseMinAddress
#     to set the Java Heap base and to place the Java Heap above 4GB virtual address.
# This output file may be truncated or incomplete.
#
#  Out of Memory Error (./src/hotspot/share/memory/arena.cpp:197), pid=19808, tid=9860
#
# JRE version: OpenJDK Runtime Environment Temurin-11.0.14.1+1 (11.0.14.1+1) (build 11.0.14.1+1)
# Java VM: OpenJDK 64-Bit Server VM Temurin-11.0.14.1+1 (11.0.14.1+1, mixed mode, tiered, compressed oops, g1 gc, windows-amd64)
# No core dump will be written. Minidumps are not enabled by default on client versions of Windows
#

---------------  S U M M A R Y ------------

Command Line: --add-opens=java.base/java.util=ALL-UNNAMED --add-opens=java.base/java.lang=ALL-UNNAMED --add-opens=java.base/java.lang.invoke=ALL-UNNAMED --add-opens=java.base/java.util=ALL-UNNAMED --add-opens=java.prefs/java.util.prefs=ALL-UNNAMED --add-opens=java.prefs/java.util.prefs=ALL-UNNAMED --add-opens=java.base/java.nio.charset=ALL-UNNAMED --add-opens=java.base/java.net=ALL-UNNAMED --add-opens=java.base/java.util.concurrent.atomic=ALL-UNNAMED -XX:MaxMetaspaceSize=256m -XX:+HeapDumpOnOutOfMemoryError -Xms256m -Xmx512m -Dfile.encoding=UTF-8 -Duser.country=KR -Duser.language=ko -Duser.variant org.gradle.launcher.daemon.bootstrap.GradleDaemon 7.4.1

Host: Intel(R) Core(TM) i3-6006U CPU @ 2.00GHz, 4 cores, 3G,  Windows 10 , 64 bit Build 19041 (10.0.19041.1706)
Time: Tue Jun 14 16:52:54 2022 대한민국 표준시 elapsed time: 207.317711 seconds (0d 0h 3m 27s)

---------------  T H R E A D  ---------------

Current thread (0x00000185dfa94800):  JavaThread "C2 CompilerThread0" daemon [_thread_in_native, id=9860, stack(0x00000038ec500000,0x00000038ec600000)]


Current CompileTask:
C2: 207318 11017   !   4       io.spring.gradle.dependencymanagement.org.codehaus.plexus.interpolation.StringSearchInterpolator::interpolate (665 bytes)

Stack: [0x00000038ec500000,0x00000038ec600000]
Native frames: (J=compiled Java code, j=interpreted, Vv=VM code, C=native code)
V  [jvm.dll+0x61e59a]
V  [jvm.dll+0x7aaca9]
V  [jvm.dll+0x7ac398]
V  [jvm.dll+0x7aca73]
V  [jvm.dll+0x24f9b8]
V  [jvm.dll+0xc260c]
V  [jvm.dll+0xc2bcc]
V  [jvm.dll+0x2c1884]
V  [jvm.dll+0x52d899]
V  [jvm.dll+0x210fcd]
V  [jvm.dll+0x20ac34]
V  [jvm.dll+0x207ccb]
V  [jvm.dll+0x18a2c1]
V  [jvm.dll+0x217734]
V  [jvm.dll+0x21597b]
V  [jvm.dll+0x76d7c0]
V  [jvm.dll+0x766724]
V  [jvm.dll+0x61d3f6]
C  [ucrtbase.dll+0x21bb2]
C  [KERNEL32.DLL+0x17034]
C  [ntdll.dll+0x52651]


---------------  P R O C E S S  ---------------

Threads class SMR info:
_java_thread_list=0x00000185e2e03250, length=79, elements={
0x00000185c42be000, 0x00000185df215000, 0x00000185df21f000, 0x00000185df231000,
0x00000185dfa8a000, 0x00000185dfa8b800, 0x00000185dfa94800, 0x00000185df232000,
0x00000185df237800, 0x00000185dfc0d000, 0x00000185e1e26800, 0x00000185e2069000,
0x00000185e2065800, 0x00000185e2068000, 0x00000185e2067800, 0x00000185dfe51000,
0x00000185dfe53000, 0x00000185dfe53800, 0x00000185dfe54800, 0x00000185dfe55000,
0x00000185dfe52000, 0x00000185dfe5a000, 0x00000185dfe5d800, 0x00000185dfe5f000,
0x00000185dfe5c800, 0x00000185e1da8000, 0x00000185e2c28000, 0x00000185e22b6000,
0x00000185e22bc800, 0x00000185e22bd000, 0x00000185e22b8800, 0x00000185e22bf000,
0x00000185e22c3000, 0x00000185e1da2800, 0x00000185e1da7000, 0x00000185e1da3000,
0x00000185e1da9000, 0x00000185e1da6800, 0x00000185e1da4800, 0x00000185e1da9800,
0x00000185e1da4000, 0x00000185e1daa800, 0x00000185e1da5800, 0x00000185e1dab800,
0x00000185e1db1000, 0x00000185e1dad800, 0x00000185e1dae800, 0x00000185e1dad000,
0x00000185e1dac000, 0x00000185e1daf800, 0x00000185e1db0000, 0x00000185e22b9000,
0x00000185e22b7800, 0x00000185e22b4000, 0x00000185e22ba000, 0x00000185e22ba800,
0x00000185e22b5000, 0x00000185e22b6800, 0x00000185e22bf800, 0x00000185e22be000,
0x00000185e22c0800, 0x00000185e22c1800, 0x00000185e22c2000, 0x00000185e2c2d000,
0x00000185e2c29000, 0x00000185e2c2e000, 0x00000185e2c2e800, 0x00000185e2c2a000,
0x00000185e2c2a800, 0x00000185e2c2c800, 0x00000185e2c2b800, 0x00000185e2065000,
0x00000185e2069800, 0x00000185e206b800, 0x00000185e206a800, 0x00000185e2066800,
0x00000185dfe56000, 0x00000185dfe50800, 0x00000185dfe57000
}

Java Threads: ( => current thread )
  0x00000185c42be000 JavaThread "main" [_thread_blocked, id=15516, stack(0x00000038eb900000,0x00000038eba00000)]
  0x00000185df215000 JavaThread "Reference Handler" daemon [_thread_blocked, id=13944, stack(0x00000038ec000000,0x00000038ec100000)]
  0x00000185df21f000 JavaThread "Finalizer" daemon [_thread_blocked, id=13600, stack(0x00000038ec100000,0x00000038ec200000)]
  0x00000185df231000 JavaThread "Signal Dispatcher" daemon [_thread_blocked, id=9068, stack(0x00000038ec200000,0x00000038ec300000)]
  0x00000185dfa8a000 JavaThread "Attach Listener" daemon [_thread_blocked, id=17064, stack(0x00000038ec300000,0x00000038ec400000)]
  0x00000185dfa8b800 JavaThread "Service Thread" daemon [_thread_blocked, id=24284, stack(0x00000038ec400000,0x00000038ec500000)]
=>0x00000185dfa94800 JavaThread "C2 CompilerThread0" daemon [_thread_in_native, id=9860, stack(0x00000038ec500000,0x00000038ec600000)]
  0x00000185df232000 JavaThread "C1 CompilerThread0" daemon [_thread_blocked, id=2176, stack(0x00000038ec600000,0x00000038ec700000)]
  0x00000185df237800 JavaThread "Sweeper thread" daemon [_thread_blocked, id=1472, stack(0x00000038ec700000,0x00000038ec800000)]
  0x00000185dfc0d000 JavaThread "Common-Cleaner" daemon [_thread_blocked, id=23516, stack(0x00000038ec800000,0x00000038ec900000)]
  0x00000185e1e26800 JavaThread "Daemon health stats" [_thread_blocked, id=15544, stack(0x00000038ece00000,0x00000038ecf00000)]
  0x00000185e2069000 JavaThread "Incoming local TCP Connector on port 60717" [_thread_in_native, id=12672, stack(0x00000038eca00000,0x00000038ecb00000)]
  0x00000185e2065800 JavaThread "Daemon periodic checks" [_thread_blocked, id=24208, stack(0x00000038ecf00000,0x00000038ed000000)]
  0x00000185e2068000 JavaThread "Daemon" [_thread_blocked, id=18064, stack(0x00000038ed000000,0x00000038ed100000)]
  0x00000185e2067800 JavaThread "Daemon worker" [_thread_blocked, id=24036, stack(0x00000038ed300000,0x00000038ed400000)]
  0x00000185dfe51000 JavaThread "Cache worker for journal cache (C:\Users\USER\.gradle\caches\journal-1)" [_thread_blocked, id=16448, stack(0x00000038ed700000,0x00000038ed800000)]
  0x00000185dfe53000 JavaThread "File lock request listener" [_thread_in_native, id=15496, stack(0x00000038ed800000,0x00000038ed900000)]
  0x00000185dfe53800 JavaThread "Cache worker for file hash cache (C:\Users\USER\.gradle\caches\7.4.1\fileHashes)" [_thread_blocked, id=16436, stack(0x00000038ed900000,0x00000038eda00000)]
  0x00000185dfe54800 JavaThread "File watcher server" daemon [_thread_in_native, id=14764, stack(0x00000038edb00000,0x00000038edc00000)]
  0x00000185dfe55000 JavaThread "File watcher consumer" daemon [_thread_blocked, id=20020, stack(0x00000038edc00000,0x00000038edd00000)]
  0x00000185dfe52000 JavaThread "Cache worker for execution history cache (C:\Users\USER\.gradle\caches\7.4.1\executionHistory)" [_thread_blocked, id=21820, stack(0x00000038ee000000,0x00000038ee100000)]
  0x00000185dfe5a000 JavaThread "jar transforms" [_thread_blocked, id=12668, stack(0x00000038ee100000,0x00000038ee200000)]
  0x00000185dfe5d800 JavaThread "jar transforms Thread 2" [_thread_blocked, id=14904, stack(0x00000038ee300000,0x00000038ee400000)]
  0x00000185dfe5f000 JavaThread "Cache worker for file content cache (C:\Users\USER\.gradle\caches\7.4.1\fileContent)" [_thread_blocked, id=18312, stack(0x00000038ee400000,0x00000038ee500000)]
  0x00000185dfe5c800 JavaThread "jar transforms Thread 3" [_thread_blocked, id=15960, stack(0x00000038ee500000,0x00000038ee600000)]
  0x00000185e1da8000 JavaThread "jar transforms Thread 4" [_thread_blocked, id=6128, stack(0x00000038ee600000,0x00000038ee700000)]
  0x00000185e2c28000 JavaThread "Memory manager" [_thread_blocked, id=9992, stack(0x00000038efb00000,0x00000038efc00000)]
  0x00000185e22b6000 JavaThread "Cache worker for Java compile cache (C:\Users\USER\.gradle\caches\7.4.1\javaCompile)" [_thread_blocked, id=16232, stack(0x00000038f1800000,0x00000038f1900000)]
  0x00000185e22bc800 JavaThread "Exec process" [_thread_blocked, id=20800, stack(0x00000038eb700000,0x00000038eb800000)]
  0x00000185e22bd000 JavaThread "Exec process Thread 2" [_thread_blocked, id=396, stack(0x00000038eb800000,0x00000038eb900000)]
  0x00000185e22b8800 JavaThread "Exec process Thread 3" [_thread_blocked, id=7976, stack(0x00000038f1d00000,0x00000038f1e00000)]
  0x00000185e22bf000 JavaThread "Exec process Thread 4" [_thread_blocked, id=6768, stack(0x00000038f1e00000,0x00000038f1f00000)]
  0x00000185e22c3000 JavaThread "included builds" [_thread_blocked, id=17632, stack(0x00000038efa00000,0x00000038efb00000)]
  0x00000185e1da2800 JavaThread "Daemon Thread 2" [_thread_blocked, id=15188, stack(0x00000038eb600000,0x00000038eb700000)]
  0x00000185e1da7000 JavaThread "Handler for socket connection from /127.0.0.1:60717 to /127.0.0.1:60769" [_thread_in_native, id=24448, stack(0x00000038ed100000,0x00000038ed200000)]
  0x00000185e1da3000 JavaThread "Cancel handler" [_thread_blocked, id=15140, stack(0x00000038ed500000,0x00000038ed600000)]
  0x00000185e1da9000 JavaThread "Asynchronous log dispatcher for DefaultDaemonConnection: socket connection from /127.0.0.1:60717 to /127.0.0.1:60769" [_thread_blocked, id=4824, stack(0x00000038ed200000,0x00000038ed300000)]
  0x00000185e1da6800 JavaThread "Stdin handler" [_thread_blocked, id=13280, stack(0x00000038ed400000,0x00000038ed500000)]
  0x00000185e1da4800 JavaThread "Daemon client event forwarder" [_thread_blocked, id=10072, stack(0x00000038ed600000,0x00000038ed700000)]
  0x00000185e1da9800 JavaThread "Cache worker for checksums cache (C:\Users\USER\Desktop\ToGetAll\Backend\.gradle\7.4.1\checksums)" [_thread_blocked, id=12864, stack(0x00000038eda00000,0x00000038edb00000)]
  0x00000185e1da4000 JavaThread "Cache worker for cache directory md-rule (C:\Users\USER\.gradle\caches\7.4.1\md-rule)" [_thread_blocked, id=16036, stack(0x00000038edd00000,0x00000038ede00000)]
  0x00000185e1daa800 JavaThread "Cache worker for file hash cache (C:\Users\USER\Desktop\ToGetAll\Backend\.gradle\7.4.1\fileHashes)" [_thread_blocked, id=23924, stack(0x00000038ede00000,0x00000038edf00000)]
  0x00000185e1da5800 JavaThread "Cache worker for cache directory md-supplier (C:\Users\USER\.gradle\caches\7.4.1\md-supplier)" [_thread_blocked, id=14692, stack(0x00000038edf00000,0x00000038ee000000)]
  0x00000185e1dab800 JavaThread "Cache worker for dependencies-accessors (C:\Users\USER\Desktop\ToGetAll\Backend\.gradle\7.4.1\dependencies-accessors)" [_thread_blocked, id=24004, stack(0x00000038ee200000,0x00000038ee300000)]
  0x00000185e1db1000 JavaThread "Cache worker for Build Output Cleanup Cache (C:\Users\USER\Desktop\ToGetAll\Backend\.gradle\buildOutputCleanup)" [_thread_blocked, id=9816, stack(0x00000038ee700000,0x00000038ee800000)]
  0x00000185e1dad800 JavaThread "Unconstrained build operations" [_thread_blocked, id=7488, stack(0x00000038ee800000,0x00000038ee900000)]
  0x00000185e1dae800 JavaThread "Unconstrained build operations Thread 2" [_thread_blocked, id=7476, stack(0x00000038ee900000,0x00000038eea00000)]
  0x00000185e1dad000 JavaThread "Unconstrained build operations Thread 3" [_thread_blocked, id=16520, stack(0x00000038eea00000,0x00000038eeb00000)]
  0x00000185e1dac000 JavaThread "Unconstrained build operations Thread 4" [_thread_blocked, id=19612, stack(0x00000038eeb00000,0x00000038eec00000)]
  0x00000185e1daf800 JavaThread "Unconstrained build operations Thread 5" [_thread_blocked, id=4028, stack(0x00000038eec00000,0x00000038eed00000)]
  0x00000185e1db0000 JavaThread "Unconstrained build operations Thread 6" [_thread_blocked, id=21908, stack(0x00000038eed00000,0x00000038eee00000)]
  0x00000185e22b9000 JavaThread "Unconstrained build operations Thread 7" [_thread_blocked, id=16300, stack(0x00000038eee00000,0x00000038eef00000)]
  0x00000185e22b7800 JavaThread "Unconstrained build operations Thread 8" [_thread_blocked, id=11540, stack(0x00000038eef00000,0x00000038ef000000)]
  0x00000185e22b4000 JavaThread "Unconstrained build operations Thread 9" [_thread_blocked, id=21832, stack(0x00000038ef000000,0x00000038ef100000)]
  0x00000185e22ba000 JavaThread "Unconstrained build operations Thread 10" [_thread_blocked, id=8052, stack(0x00000038ef100000,0x00000038ef200000)]
  0x00000185e22ba800 JavaThread "Unconstrained build operations Thread 11" [_thread_blocked, id=10708, stack(0x00000038ef200000,0x00000038ef300000)]
  0x00000185e22b5000 JavaThread "Unconstrained build operations Thread 12" [_thread_blocked, id=9620, stack(0x00000038ef300000,0x00000038ef400000)]
  0x00000185e22b6800 JavaThread "Unconstrained build operations Thread 13" [_thread_blocked, id=22952, stack(0x00000038ef400000,0x00000038ef500000)]
  0x00000185e22bf800 JavaThread "Unconstrained build operations Thread 14" [_thread_blocked, id=2964, stack(0x00000038ef500000,0x00000038ef600000)]
  0x00000185e22be000 JavaThread "Unconstrained build operations Thread 15" [_thread_blocked, id=23584, stack(0x00000038ef600000,0x00000038ef700000)]
  0x00000185e22c0800 JavaThread "Unconstrained build operations Thread 16" [_thread_blocked, id=17104, stack(0x00000038ef700000,0x00000038ef800000)]
  0x00000185e22c1800 JavaThread "Unconstrained build operations Thread 17" [_thread_blocked, id=18376, stack(0x00000038ef800000,0x00000038ef900000)]
  0x00000185e22c2000 JavaThread "Unconstrained build operations Thread 18" [_thread_blocked, id=22208, stack(0x00000038ef900000,0x00000038efa00000)]
  0x00000185e2c2d000 JavaThread "Unconstrained build operations Thread 19" [_thread_blocked, id=17476, stack(0x00000038efc00000,0x00000038efd00000)]
  0x00000185e2c29000 JavaThread "included builds" [_thread_in_Java, id=13844, stack(0x00000038efe00000,0x00000038eff00000)]
  0x00000185e2c2e000 JavaThread "Execution worker for ':'" [_thread_blocked, id=18732, stack(0x00000038eff00000,0x00000038f0000000)]
  0x00000185e2c2e800 JavaThread "Execution worker for ':' Thread 2" [_thread_blocked, id=13972, stack(0x00000038f0000000,0x00000038f0100000)]
  0x00000185e2c2a000 JavaThread "Execution worker for ':' Thread 3" [_thread_blocked, id=12184, stack(0x00000038f0100000,0x00000038f0200000)]
  0x00000185e2c2a800 JavaThread "Cache worker for execution history cache (C:\Users\USER\Desktop\ToGetAll\Backend\.gradle\7.4.1\executionHistory)" [_thread_blocked, id=15048, stack(0x00000038f0200000,0x00000038f0300000)]
  0x00000185e2c2c800 JavaThread "Unconstrained build operations Thread 20" [_thread_blocked, id=21000, stack(0x00000038efd00000,0x00000038efe00000)]
  0x00000185e2c2b800 JavaThread "Unconstrained build operations Thread 21" [_thread_blocked, id=18688, stack(0x00000038f0300000,0x00000038f0400000)]
  0x00000185e2065000 JavaThread "Unconstrained build operations Thread 22" [_thread_blocked, id=15108, stack(0x00000038f0400000,0x00000038f0500000)]
  0x00000185e2069800 JavaThread "Unconstrained build operations Thread 23" [_thread_blocked, id=11204, stack(0x00000038f0500000,0x00000038f0600000)]
  0x00000185e206b800 JavaThread "Unconstrained build operations Thread 24" [_thread_blocked, id=20576, stack(0x00000038f0600000,0x00000038f0700000)]
  0x00000185e206a800 JavaThread "Unconstrained build operations Thread 25" [_thread_blocked, id=23376, stack(0x00000038f0700000,0x00000038f0800000)]
  0x00000185e2066800 JavaThread "Unconstrained build operations Thread 26" [_thread_blocked, id=23784, stack(0x00000038f0800000,0x00000038f0900000)]
  0x00000185dfe56000 JavaThread "Unconstrained build operations Thread 27" [_thread_blocked, id=13680, stack(0x00000038f0900000,0x00000038f0a00000)]
  0x00000185dfe50800 JavaThread "Unconstrained build operations Thread 28" [_thread_blocked, id=16412, stack(0x00000038f0a00000,0x00000038f0b00000)]
  0x00000185dfe57000 JavaThread "Unconstrained build operations Thread 29" [_thread_new, id=19604, stack(0x0000000000000000,0x0000000000000000)]

Other Threads:
  0x00000185df1de800 VMThread "VM Thread" [stack: 0x00000038ebf00000,0x00000038ec000000] [id=18792]
  0x00000185dfc11800 WatcherThread [stack: 0x00000038ec900000,0x00000038eca00000] [id=23340]
  0x00000185c42d7000 GCTaskThread "GC Thread#0" [stack: 0x00000038eba00000,0x00000038ebb00000] [id=2760]
  0x00000185e03f2800 GCTaskThread "GC Thread#1" [stack: 0x00000038ecb00000,0x00000038ecc00000] [id=2508]
  0x00000185e0792800 GCTaskThread "GC Thread#2" [stack: 0x00000038ecc00000,0x00000038ecd00000] [id=24344]
  0x00000185e00f7000 GCTaskThread "GC Thread#3" [stack: 0x00000038ecd00000,0x00000038ece00000] [id=15480]
  0x00000185c42e7800 ConcurrentGCThread "G1 Main Marker" [stack: 0x00000038ebb00000,0x00000038ebc00000] [id=24280]
  0x00000185c42e9000 ConcurrentGCThread "G1 Conc#0" [stack: 0x00000038ebc00000,0x00000038ebd00000] [id=21840]
  0x00000185c439e000 ConcurrentGCThread "G1 Refine#0" [stack: 0x00000038ebd00000,0x00000038ebe00000] [id=21864]
  0x00000185df078800 ConcurrentGCThread "G1 Young RemSet Sampling" [stack: 0x00000038ebe00000,0x00000038ebf00000] [id=23432]

Threads with active compile tasks:
C2 CompilerThread0 207492 11017   !   4       io.spring.gradle.dependencymanagement.org.codehaus.plexus.interpolation.StringSearchInterpolator::interpolate (665 bytes)

VM state:not at safepoint (normal execution)

VM Mutex/Monitor currently owned by a thread: None

Heap address: 0x00000000e0000000, size: 512 MB, Compressed Oops mode: 32-bit
Narrow klass base: 0x0000000000000000, Narrow klass shift: 3
Compressed class space size: 260046848 Address: 0x0000000100000000

Heap:
 garbage-first heap   total 262144K, used 87728K [0x00000000e0000000, 0x0000000100000000)
  region size 1024K, 33 young (33792K), 8 survivors (8192K)
 Metaspace       used 72978K, capacity 75736K, committed 75856K, reserved 321536K
  class space    used 9200K, capacity 10170K, committed 10188K, reserved 253952K
Heap Regions: E=young(eden), S=young(survivor), O=old, HS=humongous(starts), HC=humongous(continues), CS=collection set, F=free, A=archive, TAMS=top-at-mark-start (previous, next)
|   0|0x00000000e0000000, 0x00000000e0100000, 0x00000000e0100000|100%|HS|  |TAMS 0x00000000e0100000, 0x00000000e0000000| Complete 
|   1|0x00000000e0100000, 0x00000000e0200000, 0x00000000e0200000|100%|HC|  |TAMS 0x00000000e0200000, 0x00000000e0100000| Complete 
|   2|0x00000000e0200000, 0x00000000e0300000, 0x00000000e0300000|100%|HC|  |TAMS 0x00000000e0300000, 0x00000000e0200000| Complete 
|   3|0x00000000e0300000, 0x00000000e0400000, 0x00000000e0400000|100%| O|  |TAMS 0x00000000e0400000, 0x00000000e0300000| Untracked 
|   4|0x00000000e0400000, 0x00000000e0500000, 0x00000000e0500000|100%| O|  |TAMS 0x00000000e0500000, 0x00000000e0400000| Untracked 
|   5|0x00000000e0500000, 0x00000000e0600000, 0x00000000e0600000|100%| O|  |TAMS 0x00000000e0600000, 0x00000000e0500000| Untracked 
|   6|0x00000000e0600000, 0x00000000e0700000, 0x00000000e0700000|100%| O|  |TAMS 0x00000000e0700000, 0x00000000e0600000| Untracked 
|   7|0x00000000e0700000, 0x00000000e0800000, 0x00000000e0800000|100%| O|  |TAMS 0x00000000e0800000, 0x00000000e0700000| Untracked 
|   8|0x00000000e0800000, 0x00000000e0900000, 0x00000000e0900000|100%| O|  |TAMS 0x00000000e0900000, 0x00000000e0800000| Untracked 
|   9|0x00000000e0900000, 0x00000000e0a00000, 0x00000000e0a00000|100%| O|  |TAMS 0x00000000e0a00000, 0x00000000e0900000| Untracked 
|  10|0x00000000e0a00000, 0x00000000e0b00000, 0x00000000e0b00000|100%| O|  |TAMS 0x00000000e0b00000, 0x00000000e0a00000| Untracked 
|  11|0x00000000e0b00000, 0x00000000e0c00000, 0x00000000e0c00000|100%| O|  |TAMS 0x00000000e0c00000, 0x00000000e0b00000| Untracked 
|  12|0x00000000e0c00000, 0x00000000e0d00000, 0x00000000e0d00000|100%| O|  |TAMS 0x00000000e0d00000, 0x00000000e0c00000| Untracked 
|  13|0x00000000e0d00000, 0x00000000e0e00000, 0x00000000e0e00000|100%| O|  |TAMS 0x00000000e0e00000, 0x00000000e0d00000| Untracked 
|  14|0x00000000e0e00000, 0x00000000e0f00000, 0x00000000e0f00000|100%| O|  |TAMS 0x00000000e0f00000, 0x00000000e0e00000| Untracked 
|  15|0x00000000e0f00000, 0x00000000e1000000, 0x00000000e1000000|100%| O|  |TAMS 0x00000000e0f65a00, 0x00000000e0f00000| Untracked 
|  16|0x00000000e1000000, 0x00000000e1100000, 0x00000000e1100000|100%| O|  |TAMS 0x00000000e1000000, 0x00000000e1000000| Untracked 
|  17|0x00000000e1100000, 0x00000000e1200000, 0x00000000e1200000|100%| O|  |TAMS 0x00000000e1100000, 0x00000000e1100000| Untracked 
|  18|0x00000000e1200000, 0x00000000e1300000, 0x00000000e1300000|100%| O|  |TAMS 0x00000000e1200000, 0x00000000e1200000| Untracked 
|  19|0x00000000e1300000, 0x00000000e1400000, 0x00000000e1400000|100%| O|  |TAMS 0x00000000e1300000, 0x00000000e1300000| Untracked 
|  20|0x00000000e1400000, 0x00000000e1500000, 0x00000000e1500000|100%| O|  |TAMS 0x00000000e1400000, 0x00000000e1400000| Untracked 
|  21|0x00000000e1500000, 0x00000000e1600000, 0x00000000e1600000|100%| O|  |TAMS 0x00000000e1500000, 0x00000000e1500000| Untracked 
|  22|0x00000000e1600000, 0x00000000e1700000, 0x00000000e1700000|100%| O|  |TAMS 0x00000000e1600000, 0x00000000e1600000| Untracked 
|  23|0x00000000e1700000, 0x00000000e1800000, 0x00000000e1800000|100%| O|  |TAMS 0x00000000e1700000, 0x00000000e1700000| Untracked 
|  24|0x00000000e1800000, 0x00000000e1900000, 0x00000000e1900000|100%| O|  |TAMS 0x00000000e1800000, 0x00000000e1800000| Untracked 
|  25|0x00000000e1900000, 0x00000000e1a00000, 0x00000000e1a00000|100%| O|  |TAMS 0x00000000e1900000, 0x00000000e1900000| Untracked 
|  26|0x00000000e1a00000, 0x00000000e1b00000, 0x00000000e1b00000|100%| O|  |TAMS 0x00000000e1a00000, 0x00000000e1a00000| Untracked 
|  27|0x00000000e1b00000, 0x00000000e1c00000, 0x00000000e1c00000|100%| O|  |TAMS 0x00000000e1b00000, 0x00000000e1b00000| Untracked 
|  28|0x00000000e1c00000, 0x00000000e1d00000, 0x00000000e1d00000|100%| O|  |TAMS 0x00000000e1c00000, 0x00000000e1c00000| Untracked 
|  29|0x00000000e1d00000, 0x00000000e1e00000, 0x00000000e1e00000|100%| O|  |TAMS 0x00000000e1d00000, 0x00000000e1d00000| Untracked 
|  30|0x00000000e1e00000, 0x00000000e1f00000, 0x00000000e1f00000|100%| O|  |TAMS 0x00000000e1e00000, 0x00000000e1e00000| Untracked 
|  31|0x00000000e1f00000, 0x00000000e2000000, 0x00000000e2000000|100%| O|  |TAMS 0x00000000e1f00000, 0x00000000e1f00000| Untracked 
|  32|0x00000000e2000000, 0x00000000e2100000, 0x00000000e2100000|100%| O|  |TAMS 0x00000000e2000000, 0x00000000e2000000| Untracked 
|  33|0x00000000e2100000, 0x00000000e2200000, 0x00000000e2200000|100%| O|  |TAMS 0x00000000e2100000, 0x00000000e2100000| Untracked 
|  34|0x00000000e2200000, 0x00000000e2300000, 0x00000000e2300000|100%| O|  |TAMS 0x00000000e2200000, 0x00000000e2200000| Untracked 
|  35|0x00000000e2300000, 0x00000000e2400000, 0x00000000e2400000|100%| O|  |TAMS 0x00000000e2300000, 0x00000000e2300000| Untracked 
|  36|0x00000000e2400000, 0x00000000e2500000, 0x00000000e2500000|100%| O|  |TAMS 0x00000000e2400000, 0x00000000e2400000| Untracked 
|  37|0x00000000e2500000, 0x00000000e2600000, 0x00000000e2600000|100%| O|  |TAMS 0x00000000e2500000, 0x00000000e2500000| Untracked 
|  38|0x00000000e2600000, 0x00000000e2700000, 0x00000000e2700000|100%| O|  |TAMS 0x00000000e2600000, 0x00000000e2600000| Untracked 
|  39|0x00000000e2700000, 0x00000000e2800000, 0x00000000e2800000|100%| O|  |TAMS 0x00000000e2700000, 0x00000000e2700000| Untracked 
|  40|0x00000000e2800000, 0x00000000e2900000, 0x00000000e2900000|100%| O|  |TAMS 0x00000000e2800000, 0x00000000e2800000| Untracked 
|  41|0x00000000e2900000, 0x00000000e2900000, 0x00000000e2a00000|  0%| F|  |TAMS 0x00000000e2900000, 0x00000000e2900000| Untracked 
|  42|0x00000000e2a00000, 0x00000000e2b00000, 0x00000000e2b00000|100%| O|  |TAMS 0x00000000e2a00000, 0x00000000e2a00000| Untracked 
|  43|0x00000000e2b00000, 0x00000000e2c00000, 0x00000000e2c00000|100%| O|  |TAMS 0x00000000e2b00000, 0x00000000e2b00000| Untracked 
|  44|0x00000000e2c00000, 0x00000000e2d00000, 0x00000000e2d00000|100%| O|  |TAMS 0x00000000e2c00000, 0x00000000e2c00000| Untracked 
|  45|0x00000000e2d00000, 0x00000000e2e00000, 0x00000000e2e00000|100%| O|  |TAMS 0x00000000e2d00000, 0x00000000e2d00000| Untracked 
|  46|0x00000000e2e00000, 0x00000000e2f00000, 0x00000000e2f00000|100%| O|  |TAMS 0x00000000e2e00000, 0x00000000e2e00000| Untracked 
|  47|0x00000000e2f00000, 0x00000000e3000000, 0x00000000e3000000|100%| O|  |TAMS 0x00000000e2f00000, 0x00000000e2f00000| Untracked 
|  48|0x00000000e3000000, 0x00000000e3100000, 0x00000000e3100000|100%| O|  |TAMS 0x00000000e3000000, 0x00000000e3000000| Untracked 
|  49|0x00000000e3100000, 0x00000000e3200000, 0x00000000e3200000|100%| O|  |TAMS 0x00000000e3100000, 0x00000000e3100000| Untracked 
|  50|0x00000000e3200000, 0x00000000e3300000, 0x00000000e3300000|100%| O|  |TAMS 0x00000000e3200000, 0x00000000e3200000| Untracked 
|  51|0x00000000e3300000, 0x00000000e3400000, 0x00000000e3400000|100%| O|  |TAMS 0x00000000e3300000, 0x00000000e3300000| Untracked 
|  52|0x00000000e3400000, 0x00000000e3500000, 0x00000000e3500000|100%| O|  |TAMS 0x00000000e3400000, 0x00000000e3400000| Untracked 
|  53|0x00000000e3500000, 0x00000000e3600000, 0x00000000e3600000|100%| O|  |TAMS 0x00000000e3500000, 0x00000000e3500000| Untracked 
|  54|0x00000000e3600000, 0x00000000e3700000, 0x00000000e3700000|100%| O|  |TAMS 0x00000000e3600000, 0x00000000e3600000| Untracked 
|  55|0x00000000e3700000, 0x00000000e372c000, 0x00000000e3800000| 17%| O|  |TAMS 0x00000000e3700000, 0x00000000e3700000| Untracked 
|  56|0x00000000e3800000, 0x00000000e3800000, 0x00000000e3900000|  0%| F|  |TAMS 0x00000000e3800000, 0x00000000e3800000| Untracked 
|  57|0x00000000e3900000, 0x00000000e3900000, 0x00000000e3a00000|  0%| F|  |TAMS 0x00000000e3900000, 0x00000000e3900000| Untracked 
|  58|0x00000000e3a00000, 0x00000000e3a00000, 0x00000000e3b00000|  0%| F|  |TAMS 0x00000000e3a00000, 0x00000000e3a00000| Untracked 
|  59|0x00000000e3b00000, 0x00000000e3b00000, 0x00000000e3c00000|  0%| F|  |TAMS 0x00000000e3b00000, 0x00000000e3b00000| Untracked 
|  60|0x00000000e3c00000, 0x00000000e3c00000, 0x00000000e3d00000|  0%| F|  |TAMS 0x00000000e3c00000, 0x00000000e3c00000| Untracked 
|  61|0x00000000e3d00000, 0x00000000e3d00000, 0x00000000e3e00000|  0%| F|  |TAMS 0x00000000e3d00000, 0x00000000e3d00000| Untracked 
|  62|0x00000000e3e00000, 0x00000000e3e00000, 0x00000000e3f00000|  0%| F|  |TAMS 0x00000000e3e00000, 0x00000000e3e00000| Untracked 
|  63|0x00000000e3f00000, 0x00000000e3f00000, 0x00000000e4000000|  0%| F|  |TAMS 0x00000000e3f00000, 0x00000000e3f00000| Untracked 
|  64|0x00000000e4000000, 0x00000000e4000000, 0x00000000e4100000|  0%| F|  |TAMS 0x00000000e4000000, 0x00000000e4000000| Untracked 
|  65|0x00000000e4100000, 0x00000000e4100000, 0x00000000e4200000|  0%| F|  |TAMS 0x00000000e4100000, 0x00000000e4100000| Untracked 
|  66|0x00000000e4200000, 0x00000000e4200000, 0x00000000e4300000|  0%| F|  |TAMS 0x00000000e4200000, 0x00000000e4200000| Untracked 
|  67|0x00000000e4300000, 0x00000000e4300000, 0x00000000e4400000|  0%| F|  |TAMS 0x00000000e4300000, 0x00000000e4300000| Untracked 
|  68|0x00000000e4400000, 0x00000000e4400000, 0x00000000e4500000|  0%| F|  |TAMS 0x00000000e4400000, 0x00000000e4400000| Untracked 
|  69|0x00000000e4500000, 0x00000000e4500000, 0x00000000e4600000|  0%| F|  |TAMS 0x00000000e4500000, 0x00000000e4500000| Untracked 
|  70|0x00000000e4600000, 0x00000000e4600000, 0x00000000e4700000|  0%| F|  |TAMS 0x00000000e4600000, 0x00000000e4600000| Untracked 
|  71|0x00000000e4700000, 0x00000000e4700000, 0x00000000e4800000|  0%| F|  |TAMS 0x00000000e4700000, 0x00000000e4700000| Untracked 
|  72|0x00000000e4800000, 0x00000000e4800000, 0x00000000e4900000|  0%| F|  |TAMS 0x00000000e4800000, 0x00000000e4800000| Untracked 
|  73|0x00000000e4900000, 0x00000000e4900000, 0x00000000e4a00000|  0%| F|  |TAMS 0x00000000e4900000, 0x00000000e4900000| Untracked 
|  74|0x00000000e4a00000, 0x00000000e4a00000, 0x00000000e4b00000|  0%| F|  |TAMS 0x00000000e4a00000, 0x00000000e4a00000| Untracked 
|  75|0x00000000e4b00000, 0x00000000e4b00000, 0x00000000e4c00000|  0%| F|  |TAMS 0x00000000e4b00000, 0x00000000e4b00000| Untracked 
|  76|0x00000000e4c00000, 0x00000000e4c00000, 0x00000000e4d00000|  0%| F|  |TAMS 0x00000000e4c00000, 0x00000000e4c00000| Untracked 
|  77|0x00000000e4d00000, 0x00000000e4d00000, 0x00000000e4e00000|  0%| F|  |TAMS 0x00000000e4d00000, 0x00000000e4d00000| Untracked 
|  78|0x00000000e4e00000, 0x00000000e4e00000, 0x00000000e4f00000|  0%| F|  |TAMS 0x00000000e4e00000, 0x00000000e4e00000| Untracked 
|  79|0x00000000e4f00000, 0x00000000e4f00000, 0x00000000e5000000|  0%| F|  |TAMS 0x00000000e4f00000, 0x00000000e4f00000| Untracked 
|  80|0x00000000e5000000, 0x00000000e5000000, 0x00000000e5100000|  0%| F|  |TAMS 0x00000000e5000000, 0x00000000e5000000| Untracked 
|  81|0x00000000e5100000, 0x00000000e5100000, 0x00000000e5200000|  0%| F|  |TAMS 0x00000000e5100000, 0x00000000e5100000| Untracked 
|  82|0x00000000e5200000, 0x00000000e5200000, 0x00000000e5300000|  0%| F|  |TAMS 0x00000000e5200000, 0x00000000e5200000| Untracked 
|  83|0x00000000e5300000, 0x00000000e5300000, 0x00000000e5400000|  0%| F|  |TAMS 0x00000000e5300000, 0x00000000e5300000| Untracked 
|  84|0x00000000e5400000, 0x00000000e5400000, 0x00000000e5500000|  0%| F|  |TAMS 0x00000000e5400000, 0x00000000e5400000| Untracked 
|  85|0x00000000e5500000, 0x00000000e5500000, 0x00000000e5600000|  0%| F|  |TAMS 0x00000000e5500000, 0x00000000e5500000| Untracked 
|  86|0x00000000e5600000, 0x00000000e5600000, 0x00000000e5700000|  0%| F|  |TAMS 0x00000000e5600000, 0x00000000e5600000| Untracked 
|  87|0x00000000e5700000, 0x00000000e5700000, 0x00000000e5800000|  0%| F|  |TAMS 0x00000000e5700000, 0x00000000e5700000| Untracked 
|  88|0x00000000e5800000, 0x00000000e5800000, 0x00000000e5900000|  0%| F|  |TAMS 0x00000000e5800000, 0x00000000e5800000| Untracked 
|  89|0x00000000e5900000, 0x00000000e5900000, 0x00000000e5a00000|  0%| F|  |TAMS 0x00000000e5900000, 0x00000000e5900000| Untracked 
|  90|0x00000000e5a00000, 0x00000000e5a00000, 0x00000000e5b00000|  0%| F|  |TAMS 0x00000000e5a00000, 0x00000000e5a00000| Untracked 
|  91|0x00000000e5b00000, 0x00000000e5b00000, 0x00000000e5c00000|  0%| F|  |TAMS 0x00000000e5b00000, 0x00000000e5b00000| Untracked 
|  92|0x00000000e5c00000, 0x00000000e5c00000, 0x00000000e5d00000|  0%| F|  |TAMS 0x00000000e5c00000, 0x00000000e5c00000| Untracked 
|  93|0x00000000e5d00000, 0x00000000e5d00000, 0x00000000e5e00000|  0%| F|  |TAMS 0x00000000e5d00000, 0x00000000e5d00000| Untracked 
|  94|0x00000000e5e00000, 0x00000000e5e00000, 0x00000000e5f00000|  0%| F|  |TAMS 0x00000000e5e00000, 0x00000000e5e00000| Untracked 
|  95|0x00000000e5f00000, 0x00000000e5f00000, 0x00000000e6000000|  0%| F|  |TAMS 0x00000000e5f00000, 0x00000000e5f00000| Untracked 
|  96|0x00000000e6000000, 0x00000000e6000000, 0x00000000e6100000|  0%| F|  |TAMS 0x00000000e6000000, 0x00000000e6000000| Untracked 
|  97|0x00000000e6100000, 0x00000000e6100000, 0x00000000e6200000|  0%| F|  |TAMS 0x00000000e6100000, 0x00000000e6100000| Untracked 
|  98|0x00000000e6200000, 0x00000000e6200000, 0x00000000e6300000|  0%| F|  |TAMS 0x00000000e6200000, 0x00000000e6200000| Untracked 
|  99|0x00000000e6300000, 0x00000000e6300000, 0x00000000e6400000|  0%| F|  |TAMS 0x00000000e6300000, 0x00000000e6300000| Untracked 
| 100|0x00000000e6400000, 0x00000000e6400000, 0x00000000e6500000|  0%| F|  |TAMS 0x00000000e6400000, 0x00000000e6400000| Untracked 
| 101|0x00000000e6500000, 0x00000000e6500000, 0x00000000e6600000|  0%| F|  |TAMS 0x00000000e6500000, 0x00000000e6500000| Untracked 
| 102|0x00000000e6600000, 0x00000000e6600000, 0x00000000e6700000|  0%| F|  |TAMS 0x00000000e6600000, 0x00000000e6600000| Untracked 
| 103|0x00000000e6700000, 0x00000000e6700000, 0x00000000e6800000|  0%| F|  |TAMS 0x00000000e6700000, 0x00000000e6700000| Untracked 
| 104|0x00000000e6800000, 0x00000000e6800000, 0x00000000e6900000|  0%| F|  |TAMS 0x00000000e6800000, 0x00000000e6800000| Untracked 
| 105|0x00000000e6900000, 0x00000000e6900000, 0x00000000e6a00000|  0%| F|  |TAMS 0x00000000e6900000, 0x00000000e6900000| Untracked 
| 106|0x00000000e6a00000, 0x00000000e6a00000, 0x00000000e6b00000|  0%| F|  |TAMS 0x00000000e6a00000, 0x00000000e6a00000| Untracked 
| 107|0x00000000e6b00000, 0x00000000e6b00000, 0x00000000e6c00000|  0%| F|  |TAMS 0x00000000e6b00000, 0x00000000e6b00000| Untracked 
| 108|0x00000000e6c00000, 0x00000000e6c00000, 0x00000000e6d00000|  0%| F|  |TAMS 0x00000000e6c00000, 0x00000000e6c00000| Untracked 
| 109|0x00000000e6d00000, 0x00000000e6d00000, 0x00000000e6e00000|  0%| F|  |TAMS 0x00000000e6d00000, 0x00000000e6d00000| Untracked 
| 110|0x00000000e6e00000, 0x00000000e6e00000, 0x00000000e6f00000|  0%| F|  |TAMS 0x00000000e6e00000, 0x00000000e6e00000| Untracked 
| 111|0x00000000e6f00000, 0x00000000e6f00000, 0x00000000e7000000|  0%| F|  |TAMS 0x00000000e6f00000, 0x00000000e6f00000| Untracked 
| 112|0x00000000e7000000, 0x00000000e7000000, 0x00000000e7100000|  0%| F|  |TAMS 0x00000000e7000000, 0x00000000e7000000| Untracked 
| 113|0x00000000e7100000, 0x00000000e7100000, 0x00000000e7200000|  0%| F|  |TAMS 0x00000000e7100000, 0x00000000e7100000| Untracked 
| 114|0x00000000e7200000, 0x00000000e7280000, 0x00000000e7300000| 50%| S|CS|TAMS 0x00000000e7200000, 0x00000000e7200000| Complete 
| 115|0x00000000e7300000, 0x00000000e7400000, 0x00000000e7400000|100%| S|CS|TAMS 0x00000000e7300000, 0x00000000e7300000| Complete 
| 116|0x00000000e7400000, 0x00000000e7500000, 0x00000000e7500000|100%| S|CS|TAMS 0x00000000e7400000, 0x00000000e7400000| Complete 
| 117|0x00000000e7500000, 0x00000000e7600000, 0x00000000e7600000|100%| S|CS|TAMS 0x00000000e7500000, 0x00000000e7500000| Complete 
| 118|0x00000000e7600000, 0x00000000e7700000, 0x00000000e7700000|100%| S|CS|TAMS 0x00000000e7600000, 0x00000000e7600000| Complete 
| 119|0x00000000e7700000, 0x00000000e7800000, 0x00000000e7800000|100%| S|CS|TAMS 0x00000000e7700000, 0x00000000e7700000| Complete 
| 120|0x00000000e7800000, 0x00000000e7900000, 0x00000000e7900000|100%| S|CS|TAMS 0x00000000e7800000, 0x00000000e7800000| Complete 
| 121|0x00000000e7900000, 0x00000000e7a00000, 0x00000000e7a00000|100%| S|CS|TAMS 0x00000000e7900000, 0x00000000e7900000| Complete 
| 122|0x00000000e7a00000, 0x00000000e7a00000, 0x00000000e7b00000|  0%| F|  |TAMS 0x00000000e7a00000, 0x00000000e7a00000| Untracked 
| 123|0x00000000e7b00000, 0x00000000e7b00000, 0x00000000e7c00000|  0%| F|  |TAMS 0x00000000e7b00000, 0x00000000e7b00000| Untracked 
| 124|0x00000000e7c00000, 0x00000000e7c00000, 0x00000000e7d00000|  0%| F|  |TAMS 0x00000000e7c00000, 0x00000000e7c00000| Untracked 
| 125|0x00000000e7d00000, 0x00000000e7d00000, 0x00000000e7e00000|  0%| F|  |TAMS 0x00000000e7d00000, 0x00000000e7d00000| Untracked 
| 126|0x00000000e7e00000, 0x00000000e7e00000, 0x00000000e7f00000|  0%| F|  |TAMS 0x00000000e7e00000, 0x00000000e7e00000| Untracked 
| 127|0x00000000e7f00000, 0x00000000e7f00000, 0x00000000e8000000|  0%| F|  |TAMS 0x00000000e7f00000, 0x00000000e7f00000| Untracked 
| 128|0x00000000e8000000, 0x00000000e8000000, 0x00000000e8100000|  0%| F|  |TAMS 0x00000000e8000000, 0x00000000e8000000| Untracked 
| 129|0x00000000e8100000, 0x00000000e8100000, 0x00000000e8200000|  0%| F|  |TAMS 0x00000000e8100000, 0x00000000e8100000| Untracked 
| 130|0x00000000e8200000, 0x00000000e8200000, 0x00000000e8300000|  0%| F|  |TAMS 0x00000000e8200000, 0x00000000e8200000| Untracked 
| 131|0x00000000e8300000, 0x00000000e8300000, 0x00000000e8400000|  0%| F|  |TAMS 0x00000000e8300000, 0x00000000e8300000| Untracked 
| 132|0x00000000e8400000, 0x00000000e8400000, 0x00000000e8500000|  0%| F|  |TAMS 0x00000000e8400000, 0x00000000e8400000| Untracked 
| 133|0x00000000e8500000, 0x00000000e8500000, 0x00000000e8600000|  0%| F|  |TAMS 0x00000000e8500000, 0x00000000e8500000| Untracked 
| 134|0x00000000e8600000, 0x00000000e8600000, 0x00000000e8700000|  0%| F|  |TAMS 0x00000000e8600000, 0x00000000e8600000| Untracked 
| 135|0x00000000e8700000, 0x00000000e8700000, 0x00000000e8800000|  0%| F|  |TAMS 0x00000000e8700000, 0x00000000e8700000| Untracked 
| 136|0x00000000e8800000, 0x00000000e8800000, 0x00000000e8900000|  0%| F|  |TAMS 0x00000000e8800000, 0x00000000e8800000| Untracked 
| 137|0x00000000e8900000, 0x00000000e8900000, 0x00000000e8a00000|  0%| F|  |TAMS 0x00000000e8900000, 0x00000000e8900000| Untracked 
| 138|0x00000000e8a00000, 0x00000000e8a00000, 0x00000000e8b00000|  0%| F|  |TAMS 0x00000000e8a00000, 0x00000000e8a00000| Untracked 
| 139|0x00000000e8b00000, 0x00000000e8b00000, 0x00000000e8c00000|  0%| F|  |TAMS 0x00000000e8b00000, 0x00000000e8b00000| Untracked 
| 140|0x00000000e8c00000, 0x00000000e8c00000, 0x00000000e8d00000|  0%| F|  |TAMS 0x00000000e8c00000, 0x00000000e8c00000| Untracked 
| 141|0x00000000e8d00000, 0x00000000e8d00000, 0x00000000e8e00000|  0%| F|  |TAMS 0x00000000e8d00000, 0x00000000e8d00000| Untracked 
| 142|0x00000000e8e00000, 0x00000000e8e00000, 0x00000000e8f00000|  0%| F|  |TAMS 0x00000000e8e00000, 0x00000000e8e00000| Untracked 
| 143|0x00000000e8f00000, 0x00000000e8f00000, 0x00000000e9000000|  0%| F|  |TAMS 0x00000000e8f00000, 0x00000000e8f00000| Untracked 
| 144|0x00000000e9000000, 0x00000000e9000000, 0x00000000e9100000|  0%| F|  |TAMS 0x00000000e9000000, 0x00000000e9000000| Untracked 
| 145|0x00000000e9100000, 0x00000000e9100000, 0x00000000e9200000|  0%| F|  |TAMS 0x00000000e9100000, 0x00000000e9100000| Untracked 
| 146|0x00000000e9200000, 0x00000000e9200000, 0x00000000e9300000|  0%| F|  |TAMS 0x00000000e9200000, 0x00000000e9200000| Untracked 
| 147|0x00000000e9300000, 0x00000000e9300000, 0x00000000e9400000|  0%| F|  |TAMS 0x00000000e9300000, 0x00000000e9300000| Untracked 
| 148|0x00000000e9400000, 0x00000000e9400000, 0x00000000e9500000|  0%| F|  |TAMS 0x00000000e9400000, 0x00000000e9400000| Untracked 
| 149|0x00000000e9500000, 0x00000000e9500000, 0x00000000e9600000|  0%| F|  |TAMS 0x00000000e9500000, 0x00000000e9500000| Untracked 
| 150|0x00000000e9600000, 0x00000000e9600000, 0x00000000e9700000|  0%| F|  |TAMS 0x00000000e9600000, 0x00000000e9600000| Untracked 
| 151|0x00000000e9700000, 0x00000000e9700000, 0x00000000e9800000|  0%| F|  |TAMS 0x00000000e9700000, 0x00000000e9700000| Untracked 
| 152|0x00000000e9800000, 0x00000000e9800000, 0x00000000e9900000|  0%| F|  |TAMS 0x00000000e9800000, 0x00000000e9800000| Untracked 
| 153|0x00000000e9900000, 0x00000000e9900000, 0x00000000e9a00000|  0%| F|  |TAMS 0x00000000e9900000, 0x00000000e9900000| Untracked 
| 154|0x00000000e9a00000, 0x00000000e9a00000, 0x00000000e9b00000|  0%| F|  |TAMS 0x00000000e9a00000, 0x00000000e9a00000| Untracked 
| 155|0x00000000e9b00000, 0x00000000e9b00000, 0x00000000e9c00000|  0%| F|  |TAMS 0x00000000e9b00000, 0x00000000e9b00000| Untracked 
| 156|0x00000000e9c00000, 0x00000000e9c00000, 0x00000000e9d00000|  0%| F|  |TAMS 0x00000000e9c00000, 0x00000000e9c00000| Untracked 
| 157|0x00000000e9d00000, 0x00000000e9d00000, 0x00000000e9e00000|  0%| F|  |TAMS 0x00000000e9d00000, 0x00000000e9d00000| Untracked 
| 158|0x00000000e9e00000, 0x00000000e9e00000, 0x00000000e9f00000|  0%| F|  |TAMS 0x00000000e9e00000, 0x00000000e9e00000| Untracked 
| 159|0x00000000e9f00000, 0x00000000e9f00000, 0x00000000ea000000|  0%| F|  |TAMS 0x00000000e9f00000, 0x00000000e9f00000| Untracked 
| 160|0x00000000ea000000, 0x00000000ea000000, 0x00000000ea100000|  0%| F|  |TAMS 0x00000000ea000000, 0x00000000ea000000| Untracked 
| 161|0x00000000ea100000, 0x00000000ea100000, 0x00000000ea200000|  0%| F|  |TAMS 0x00000000ea100000, 0x00000000ea100000| Untracked 
| 162|0x00000000ea200000, 0x00000000ea200000, 0x00000000ea300000|  0%| F|  |TAMS 0x00000000ea200000, 0x00000000ea200000| Untracked 
| 163|0x00000000ea300000, 0x00000000ea300000, 0x00000000ea400000|  0%| F|  |TAMS 0x00000000ea300000, 0x00000000ea300000| Untracked 
| 164|0x00000000ea400000, 0x00000000ea400000, 0x00000000ea500000|  0%| F|  |TAMS 0x00000000ea400000, 0x00000000ea400000| Untracked 
| 165|0x00000000ea500000, 0x00000000ea500000, 0x00000000ea600000|  0%| F|  |TAMS 0x00000000ea500000, 0x00000000ea500000| Untracked 
| 166|0x00000000ea600000, 0x00000000ea600000, 0x00000000ea700000|  0%| F|  |TAMS 0x00000000ea600000, 0x00000000ea600000| Untracked 
| 167|0x00000000ea700000, 0x00000000ea700000, 0x00000000ea800000|  0%| F|  |TAMS 0x00000000ea700000, 0x00000000ea700000| Untracked 
| 168|0x00000000ea800000, 0x00000000ea800000, 0x00000000ea900000|  0%| F|  |TAMS 0x00000000ea800000, 0x00000000ea800000| Untracked 
| 169|0x00000000ea900000, 0x00000000ea900000, 0x00000000eaa00000|  0%| F|  |TAMS 0x00000000ea900000, 0x00000000ea900000| Untracked 
| 170|0x00000000eaa00000, 0x00000000eaa00000, 0x00000000eab00000|  0%| F|  |TAMS 0x00000000eaa00000, 0x00000000eaa00000| Untracked 
| 171|0x00000000eab00000, 0x00000000eab00000, 0x00000000eac00000|  0%| F|  |TAMS 0x00000000eab00000, 0x00000000eab00000| Untracked 
| 172|0x00000000eac00000, 0x00000000eac00000, 0x00000000ead00000|  0%| F|  |TAMS 0x00000000eac00000, 0x00000000eac00000| Untracked 
| 173|0x00000000ead00000, 0x00000000ead00000, 0x00000000eae00000|  0%| F|  |TAMS 0x00000000ead00000, 0x00000000ead00000| Untracked 
| 174|0x00000000eae00000, 0x00000000eae00000, 0x00000000eaf00000|  0%| F|  |TAMS 0x00000000eae00000, 0x00000000eae00000| Untracked 
| 175|0x00000000eaf00000, 0x00000000eaf00000, 0x00000000eb000000|  0%| F|  |TAMS 0x00000000eaf00000, 0x00000000eaf00000| Untracked 
| 176|0x00000000eb000000, 0x00000000eb000000, 0x00000000eb100000|  0%| F|  |TAMS 0x00000000eb000000, 0x00000000eb000000| Untracked 
| 177|0x00000000eb100000, 0x00000000eb100000, 0x00000000eb200000|  0%| F|  |TAMS 0x00000000eb100000, 0x00000000eb100000| Untracked 
| 178|0x00000000eb200000, 0x00000000eb200000, 0x00000000eb300000|  0%| F|  |TAMS 0x00000000eb200000, 0x00000000eb200000| Untracked 
| 179|0x00000000eb300000, 0x00000000eb300000, 0x00000000eb400000|  0%| F|  |TAMS 0x00000000eb300000, 0x00000000eb300000| Untracked 
| 180|0x00000000eb400000, 0x00000000eb400000, 0x00000000eb500000|  0%| F|  |TAMS 0x00000000eb400000, 0x00000000eb400000| Untracked 
| 181|0x00000000eb500000, 0x00000000eb500000, 0x00000000eb600000|  0%| F|  |TAMS 0x00000000eb500000, 0x00000000eb500000| Untracked 
| 182|0x00000000eb600000, 0x00000000eb600000, 0x00000000eb700000|  0%| F|  |TAMS 0x00000000eb600000, 0x00000000eb600000| Untracked 
| 183|0x00000000eb700000, 0x00000000eb700000, 0x00000000eb800000|  0%| F|  |TAMS 0x00000000eb700000, 0x00000000eb700000| Untracked 
| 184|0x00000000eb800000, 0x00000000eb800000, 0x00000000eb900000|  0%| F|  |TAMS 0x00000000eb800000, 0x00000000eb800000| Untracked 
| 185|0x00000000eb900000, 0x00000000eb900000, 0x00000000eba00000|  0%| F|  |TAMS 0x00000000eb900000, 0x00000000eb900000| Untracked 
| 186|0x00000000eba00000, 0x00000000eba00000, 0x00000000ebb00000|  0%| F|  |TAMS 0x00000000eba00000, 0x00000000eba00000| Untracked 
| 187|0x00000000ebb00000, 0x00000000ebb00000, 0x00000000ebc00000|  0%| F|  |TAMS 0x00000000ebb00000, 0x00000000ebb00000| Untracked 
| 188|0x00000000ebc00000, 0x00000000ebc00000, 0x00000000ebd00000|  0%| F|  |TAMS 0x00000000ebc00000, 0x00000000ebc00000| Untracked 
| 189|0x00000000ebd00000, 0x00000000ebd00000, 0x00000000ebe00000|  0%| F|  |TAMS 0x00000000ebd00000, 0x00000000ebd00000| Untracked 
| 190|0x00000000ebe00000, 0x00000000ebe00000, 0x00000000ebf00000|  0%| F|  |TAMS 0x00000000ebe00000, 0x00000000ebe00000| Untracked 
| 191|0x00000000ebf00000, 0x00000000ebf00000, 0x00000000ec000000|  0%| F|  |TAMS 0x00000000ebf00000, 0x00000000ebf00000| Untracked 
| 192|0x00000000ec000000, 0x00000000ec000000, 0x00000000ec100000|  0%| F|  |TAMS 0x00000000ec000000, 0x00000000ec000000| Untracked 
| 193|0x00000000ec100000, 0x00000000ec100000, 0x00000000ec200000|  0%| F|  |TAMS 0x00000000ec100000, 0x00000000ec100000| Untracked 
| 194|0x00000000ec200000, 0x00000000ec200000, 0x00000000ec300000|  0%| F|  |TAMS 0x00000000ec200000, 0x00000000ec200000| Untracked 
| 195|0x00000000ec300000, 0x00000000ec300000, 0x00000000ec400000|  0%| F|  |TAMS 0x00000000ec300000, 0x00000000ec300000| Untracked 
| 196|0x00000000ec400000, 0x00000000ec400000, 0x00000000ec500000|  0%| F|  |TAMS 0x00000000ec400000, 0x00000000ec400000| Untracked 
| 197|0x00000000ec500000, 0x00000000ec500000, 0x00000000ec600000|  0%| F|  |TAMS 0x00000000ec500000, 0x00000000ec500000| Untracked 
| 198|0x00000000ec600000, 0x00000000ec600000, 0x00000000ec700000|  0%| F|  |TAMS 0x00000000ec600000, 0x00000000ec600000| Untracked 
| 199|0x00000000ec700000, 0x00000000ec700000, 0x00000000ec800000|  0%| F|  |TAMS 0x00000000ec700000, 0x00000000ec700000| Untracked 
| 200|0x00000000ec800000, 0x00000000ec800000, 0x00000000ec900000|  0%| F|  |TAMS 0x00000000ec800000, 0x00000000ec800000| Untracked 
| 201|0x00000000ec900000, 0x00000000ec900000, 0x00000000eca00000|  0%| F|  |TAMS 0x00000000ec900000, 0x00000000ec900000| Untracked 
| 202|0x00000000eca00000, 0x00000000eca00000, 0x00000000ecb00000|  0%| F|  |TAMS 0x00000000eca00000, 0x00000000eca00000| Untracked 
| 203|0x00000000ecb00000, 0x00000000ecb00000, 0x00000000ecc00000|  0%| F|  |TAMS 0x00000000ecb00000, 0x00000000ecb00000| Untracked 
| 204|0x00000000ecc00000, 0x00000000ecc00000, 0x00000000ecd00000|  0%| F|  |TAMS 0x00000000ecc00000, 0x00000000ecc00000| Untracked 
| 205|0x00000000ecd00000, 0x00000000ecd00000, 0x00000000ece00000|  0%| F|  |TAMS 0x00000000ecd00000, 0x00000000ecd00000| Untracked 
| 206|0x00000000ece00000, 0x00000000ece00000, 0x00000000ecf00000|  0%| F|  |TAMS 0x00000000ece00000, 0x00000000ece00000| Untracked 
| 207|0x00000000ecf00000, 0x00000000ecf00000, 0x00000000ed000000|  0%| F|  |TAMS 0x00000000ecf00000, 0x00000000ecf00000| Untracked 
| 208|0x00000000ed000000, 0x00000000ed000000, 0x00000000ed100000|  0%| F|  |TAMS 0x00000000ed000000, 0x00000000ed000000| Untracked 
| 209|0x00000000ed100000, 0x00000000ed100000, 0x00000000ed200000|  0%| F|  |TAMS 0x00000000ed100000, 0x00000000ed100000| Untracked 
| 210|0x00000000ed200000, 0x00000000ed200000, 0x00000000ed300000|  0%| F|  |TAMS 0x00000000ed200000, 0x00000000ed200000| Untracked 
| 211|0x00000000ed300000, 0x00000000ed300000, 0x00000000ed400000|  0%| F|  |TAMS 0x00000000ed300000, 0x00000000ed300000| Untracked 
| 212|0x00000000ed400000, 0x00000000ed400000, 0x00000000ed500000|  0%| F|  |TAMS 0x00000000ed400000, 0x00000000ed400000| Untracked 
| 213|0x00000000ed500000, 0x00000000ed500000, 0x00000000ed600000|  0%| F|  |TAMS 0x00000000ed500000, 0x00000000ed500000| Untracked 
| 214|0x00000000ed600000, 0x00000000ed600000, 0x00000000ed700000|  0%| F|  |TAMS 0x00000000ed600000, 0x00000000ed600000| Untracked 
| 215|0x00000000ed700000, 0x00000000ed700000, 0x00000000ed800000|  0%| F|  |TAMS 0x00000000ed700000, 0x00000000ed700000| Untracked 
| 216|0x00000000ed800000, 0x00000000ed800000, 0x00000000ed900000|  0%| F|  |TAMS 0x00000000ed800000, 0x00000000ed800000| Untracked 
| 217|0x00000000ed900000, 0x00000000ed900000, 0x00000000eda00000|  0%| F|  |TAMS 0x00000000ed900000, 0x00000000ed900000| Untracked 
| 218|0x00000000eda00000, 0x00000000eda00000, 0x00000000edb00000|  0%| F|  |TAMS 0x00000000eda00000, 0x00000000eda00000| Untracked 
| 219|0x00000000edb00000, 0x00000000edb00000, 0x00000000edc00000|  0%| F|  |TAMS 0x00000000edb00000, 0x00000000edb00000| Untracked 
| 220|0x00000000edc00000, 0x00000000edc00000, 0x00000000edd00000|  0%| F|  |TAMS 0x00000000edc00000, 0x00000000edc00000| Untracked 
| 221|0x00000000edd00000, 0x00000000edd00000, 0x00000000ede00000|  0%| F|  |TAMS 0x00000000edd00000, 0x00000000edd00000| Untracked 
| 222|0x00000000ede00000, 0x00000000ede00000, 0x00000000edf00000|  0%| F|  |TAMS 0x00000000ede00000, 0x00000000ede00000| Untracked 
| 223|0x00000000edf00000, 0x00000000edf00000, 0x00000000ee000000|  0%| F|  |TAMS 0x00000000edf00000, 0x00000000edf00000| Untracked 
| 224|0x00000000ee000000, 0x00000000ee000000, 0x00000000ee100000|  0%| F|  |TAMS 0x00000000ee000000, 0x00000000ee000000| Untracked 
| 225|0x00000000ee100000, 0x00000000ee100000, 0x00000000ee200000|  0%| F|  |TAMS 0x00000000ee100000, 0x00000000ee100000| Untracked 
| 226|0x00000000ee200000, 0x00000000ee200000, 0x00000000ee300000|  0%| F|  |TAMS 0x00000000ee200000, 0x00000000ee200000| Untracked 
| 227|0x00000000ee300000, 0x00000000ee300000, 0x00000000ee400000|  0%| F|  |TAMS 0x00000000ee300000, 0x00000000ee300000| Untracked 
| 228|0x00000000ee400000, 0x00000000ee400000, 0x00000000ee500000|  0%| F|  |TAMS 0x00000000ee400000, 0x00000000ee400000| Untracked 
| 229|0x00000000ee500000, 0x00000000ee500000, 0x00000000ee600000|  0%| F|  |TAMS 0x00000000ee500000, 0x00000000ee500000| Untracked 
| 230|0x00000000ee600000, 0x00000000ee61e990, 0x00000000ee700000| 11%| E|  |TAMS 0x00000000ee600000, 0x00000000ee600000| Complete 
| 231|0x00000000ee700000, 0x00000000ee800000, 0x00000000ee800000|100%| E|CS|TAMS 0x00000000ee700000, 0x00000000ee700000| Complete 
| 232|0x00000000ee800000, 0x00000000ee900000, 0x00000000ee900000|100%| E|CS|TAMS 0x00000000ee800000, 0x00000000ee800000| Complete 
| 233|0x00000000ee900000, 0x00000000eea00000, 0x00000000eea00000|100%| E|CS|TAMS 0x00000000ee900000, 0x00000000ee900000| Complete 
| 234|0x00000000eea00000, 0x00000000eeb00000, 0x00000000eeb00000|100%| E|CS|TAMS 0x00000000eea00000, 0x00000000eea00000| Complete 
| 235|0x00000000eeb00000, 0x00000000eec00000, 0x00000000eec00000|100%| E|CS|TAMS 0x00000000eeb00000, 0x00000000eeb00000| Complete 
| 236|0x00000000eec00000, 0x00000000eed00000, 0x00000000eed00000|100%| E|CS|TAMS 0x00000000eec00000, 0x00000000eec00000| Complete 
| 237|0x00000000eed00000, 0x00000000eee00000, 0x00000000eee00000|100%| E|CS|TAMS 0x00000000eed00000, 0x00000000eed00000| Complete 
| 238|0x00000000eee00000, 0x00000000eef00000, 0x00000000eef00000|100%| E|CS|TAMS 0x00000000eee00000, 0x00000000eee00000| Complete 
| 239|0x00000000eef00000, 0x00000000ef000000, 0x00000000ef000000|100%| E|CS|TAMS 0x00000000eef00000, 0x00000000eef00000| Complete 
| 240|0x00000000ef000000, 0x00000000ef100000, 0x00000000ef100000|100%| E|CS|TAMS 0x00000000ef000000, 0x00000000ef000000| Complete 
| 241|0x00000000ef100000, 0x00000000ef200000, 0x00000000ef200000|100%| E|CS|TAMS 0x00000000ef100000, 0x00000000ef100000| Complete 
| 242|0x00000000ef200000, 0x00000000ef300000, 0x00000000ef300000|100%| E|CS|TAMS 0x00000000ef200000, 0x00000000ef200000| Complete 
| 243|0x00000000ef300000, 0x00000000ef400000, 0x00000000ef400000|100%| E|CS|TAMS 0x00000000ef300000, 0x00000000ef300000| Complete 
| 244|0x00000000ef400000, 0x00000000ef500000, 0x00000000ef500000|100%| E|CS|TAMS 0x00000000ef400000, 0x00000000ef400000| Complete 
| 245|0x00000000ef500000, 0x00000000ef600000, 0x00000000ef600000|100%| E|CS|TAMS 0x00000000ef500000, 0x00000000ef500000| Complete 
| 246|0x00000000ef600000, 0x00000000ef700000, 0x00000000ef700000|100%| E|CS|TAMS 0x00000000ef600000, 0x00000000ef600000| Complete 
| 247|0x00000000ef700000, 0x00000000ef800000, 0x00000000ef800000|100%| E|CS|TAMS 0x00000000ef700000, 0x00000000ef700000| Complete 
| 248|0x00000000ef800000, 0x00000000ef900000, 0x00000000ef900000|100%| E|CS|TAMS 0x00000000ef800000, 0x00000000ef800000| Complete 
| 249|0x00000000ef900000, 0x00000000efa00000, 0x00000000efa00000|100%| E|CS|TAMS 0x00000000ef900000, 0x00000000ef900000| Complete 
| 250|0x00000000efa00000, 0x00000000efb00000, 0x00000000efb00000|100%| E|CS|TAMS 0x00000000efa00000, 0x00000000efa00000| Complete 
| 251|0x00000000efb00000, 0x00000000efc00000, 0x00000000efc00000|100%| E|CS|TAMS 0x00000000efb00000, 0x00000000efb00000| Complete 
| 252|0x00000000efc00000, 0x00000000efd00000, 0x00000000efd00000|100%| E|CS|TAMS 0x00000000efc00000, 0x00000000efc00000| Complete 
| 253|0x00000000efd00000, 0x00000000efe00000, 0x00000000efe00000|100%| E|CS|TAMS 0x00000000efd00000, 0x00000000efd00000| Complete 
| 254|0x00000000efe00000, 0x00000000eff00000, 0x00000000eff00000|100%| E|CS|TAMS 0x00000000efe00000, 0x00000000efe00000| Complete 
| 255|0x00000000eff00000, 0x00000000f0000000, 0x00000000f0000000|100%| E|CS|TAMS 0x00000000eff00000, 0x00000000eff00000| Complete 

Card table byte_map: [0x00000185dba00000,0x00000185dbb00000] _byte_map_base: 0x00000185db300000

Marking Bits (Prev, Next): (CMBitMap*) 0x00000185c42e4e70, (CMBitMap*) 0x00000185c42e4e38
 Prev Bits: [0x00000185dc400000, 0x00000185dcc00000)
 Next Bits: [0x00000185dbc00000, 0x00000185dc400000)

Polling page: 0x00000185c2230000

Metaspace:

Usage:
  Non-class:     64.03 MB capacity,    62.28 MB ( 97%) used,     1.48 MB (  2%) free+waste,   266.50 KB ( <1%) overhead. 
      Class:      9.93 MB capacity,     8.98 MB ( 90%) used,   844.84 KB (  8%) free+waste,   125.06 KB (  1%) overhead. 
       Both:     73.96 MB capacity,    71.27 MB ( 96%) used,     2.31 MB (  3%) free+waste,   391.56 KB ( <1%) overhead. 

Virtual space:
  Non-class space:       66.00 MB reserved,      64.13 MB ( 97%) committed 
      Class space:      248.00 MB reserved,       9.95 MB (  4%) committed 
             Both:      314.00 MB reserved,      74.08 MB ( 24%) committed 

Chunk freelists:
   Non-Class:  38.00 KB
       Class:  6.00 KB
        Both:  44.00 KB

MaxMetaspaceSize: 256.00 MB
CompressedClassSpaceSize: 248.00 MB
Initial GC threshold: 20.80 MB
Current GC threshold: 79.51 MB
CDS: off

CodeHeap 'non-profiled nmethods': size=120064Kb used=6744Kb max_used=6744Kb free=113319Kb
 bounds [0x00000185d44c0000, 0x00000185d4b60000, 0x00000185dba00000]
CodeHeap 'profiled nmethods': size=120000Kb used=24506Kb max_used=24506Kb free=95493Kb
 bounds [0x00000185ccf90000, 0x00000185ce780000, 0x00000185d44c0000]
CodeHeap 'non-nmethods': size=5696Kb used=2337Kb max_used=2393Kb free=3358Kb
 bounds [0x00000185cca00000, 0x00000185ccc70000, 0x00000185ccf90000]
 total_blobs=11790 nmethods=10938 adapters=764
 compilation: enabled
              stopped_count=0, restarted_count=0
 full_count=0

Compilation events (20 events):
Event: 207.122 Thread 0x00000185df232000 11041   !   3       io.spring.gradle.dependencymanagement.org.apache.maven.model.MailingList::clone (105 bytes)
Event: 207.125 Thread 0x00000185df232000 nmethod 11041 0x00000185ce76cf90 code [0x00000185ce76d2c0, 0x00000185ce76e548]
Event: 207.125 Thread 0x00000185df232000 11042       3       io.spring.gradle.dependencymanagement.org.apache.maven.model.merge.ModelMerger::mergeBuildBase_Resources (191 bytes)
Event: 207.129 Thread 0x00000185df232000 nmethod 11042 0x00000185ce76ec90 code [0x00000185ce76f0c0, 0x00000185ce7714a8]
Event: 207.129 Thread 0x00000185df232000 11043       3       org.gradle.internal.event.BroadcastDispatch$EmptyDispatch::add (14 bytes)
Event: 207.130 Thread 0x00000185df232000 nmethod 11043 0x00000185ce771f10 code [0x00000185ce772100, 0x00000185ce772558]
Event: 207.132 Thread 0x00000185df232000 11044       3       org.gradle.api.internal.attributes.AttributeDesugaring$$Lambda$495/0x0000000100612c40::apply (12 bytes)
Event: 207.132 Thread 0x00000185df232000 nmethod 11044 0x00000185ce772710 code [0x00000185ce7728e0, 0x00000185ce772b28]
Event: 207.132 Thread 0x00000185df232000 11045       3       org.gradle.internal.concurrent.ManagedExecutorImpl::execute (15 bytes)
Event: 207.133 Thread 0x00000185df232000 nmethod 11045 0x00000185ce772c10 code [0x00000185ce772e00, 0x00000185ce773268]
Event: 207.133 Thread 0x00000185df232000 11046       3       java.util.concurrent.ThreadPoolExecutor::execute (132 bytes)
Event: 207.135 Thread 0x00000185df232000 nmethod 11046 0x00000185ce773410 code [0x00000185ce7736c0, 0x00000185ce7742e8]
Event: 207.145 Thread 0x00000185df232000 11047       3       io.spring.gradle.dependencymanagement.org.apache.maven.model.io.xpp3.MavenXpp3Reader::parseScm (250 bytes)
Event: 207.148 Thread 0x00000185df232000 nmethod 11047 0x00000185ce774710 code [0x00000185ce774b40, 0x00000185ce7764c8]
Event: 207.217 Thread 0x00000185df232000 11049   !   3       jdk.internal.reflect.GeneratedMethodAccessor8::invoke (61 bytes)
Event: 207.218 Thread 0x00000185df232000 nmethod 11049 0x00000185ce776e10 code [0x00000185ce777040, 0x00000185ce777628]
Event: 207.269 Thread 0x00000185df232000 11050       3       org.apache.commons.lang.text.StrBuilder::append (54 bytes)
Event: 207.271 Thread 0x00000185df232000 nmethod 11050 0x00000185ce777910 code [0x00000185ce777b20, 0x00000185ce777f88]
Event: 207.271 Thread 0x00000185df232000 11051       3       org.apache.commons.lang.text.StrBuilder::toString (17 bytes)
Event: 207.272 Thread 0x00000185df232000 nmethod 11051 0x00000185ce778190 code [0x00000185ce778360, 0x00000185ce778638]

GC Heap History (20 events):
Event: 3.211 GC heap before
{Heap before GC invocations=2 (full 0):
 garbage-first heap   total 262144K, used 32879K [0x00000000e0000000, 0x0000000100000000)
  region size 1024K, 26 young (26624K), 2 survivors (2048K)
 Metaspace       used 11213K, capacity 11453K, committed 11520K, reserved 264192K
  class space    used 1145K, capacity 1243K, committed 1280K, reserved 253952K
}
Event: 3.216 GC heap after
{Heap after GC invocations=3 (full 0):
 garbage-first heap   total 262144K, used 10100K [0x00000000e0000000, 0x0000000100000000)
  region size 1024K, 3 young (3072K), 3 survivors (3072K)
 Metaspace       used 11213K, capacity 11453K, committed 11520K, reserved 264192K
  class space    used 1145K, capacity 1243K, committed 1280K, reserved 253952K
}
Event: 6.556 GC heap before
{Heap before GC invocations=3 (full 0):
 garbage-first heap   total 262144K, used 47988K [0x00000000e0000000, 0x0000000100000000)
  region size 1024K, 39 young (39936K), 3 survivors (3072K)
 Metaspace       used 17031K, capacity 17498K, committed 17792K, reserved 270336K
  class space    used 1939K, capacity 2068K, committed 2176K, reserved 253952K
}
Event: 6.567 GC heap after
{Heap after GC invocations=4 (full 0):
 garbage-first heap   total 262144K, used 15699K [0x00000000e0000000, 0x0000000100000000)
  region size 1024K, 5 young (5120K), 5 survivors (5120K)
 Metaspace       used 17031K, capacity 17498K, committed 17792K, reserved 270336K
  class space    used 1939K, capacity 2068K, committed 2176K, reserved 253952K
}
Event: 7.309 GC heap before
{Heap before GC invocations=4 (full 0):
 garbage-first heap   total 262144K, used 50515K [0x00000000e0000000, 0x0000000100000000)
  region size 1024K, 40 young (40960K), 5 survivors (5120K)
 Metaspace       used 20733K, capacity 21196K, committed 21296K, reserved 274432K
  class space    used 2521K, capacity 2685K, committed 2688K, reserved 253952K
}
Event: 7.324 GC heap after
{Heap after GC invocations=5 (full 0):
 garbage-first heap   total 262144K, used 17267K [0x00000000e0000000, 0x0000000100000000)
  region size 1024K, 2 young (2048K), 2 survivors (2048K)
 Metaspace       used 20733K, capacity 21196K, committed 21296K, reserved 274432K
  class space    used 2521K, capacity 2685K, committed 2688K, reserved 253952K
}
Event: 8.645 GC heap before
{Heap before GC invocations=6 (full 0):
 garbage-first heap   total 262144K, used 72563K [0x00000000e0000000, 0x0000000100000000)
  region size 1024K, 56 young (57344K), 2 survivors (2048K)
 Metaspace       used 26545K, capacity 27218K, committed 27388K, reserved 278528K
  class space    used 3429K, capacity 3639K, committed 3660K, reserved 253952K
}
Event: 8.656 GC heap after
{Heap after GC invocations=7 (full 0):
 garbage-first heap   total 262144K, used 19158K [0x00000000e0000000, 0x0000000100000000)
  region size 1024K, 4 young (4096K), 4 survivors (4096K)
 Metaspace       used 26545K, capacity 27218K, committed 27388K, reserved 278528K
  class space    used 3429K, capacity 3639K, committed 3660K, reserved 253952K
}
Event: 11.179 GC heap before
{Heap before GC invocations=7 (full 0):
 garbage-first heap   total 262144K, used 82646K [0x00000000e0000000, 0x0000000100000000)
  region size 1024K, 67 young (68608K), 4 survivors (4096K)
 Metaspace       used 35093K, capacity 35942K, committed 36048K, reserved 286720K
  class space    used 4525K, capacity 4868K, committed 4940K, reserved 253952K
}
Event: 11.203 GC heap after
{Heap after GC invocations=8 (full 0):
 garbage-first heap   total 262144K, used 22486K [0x00000000e0000000, 0x0000000100000000)
  region size 1024K, 7 young (7168K), 7 survivors (7168K)
 Metaspace       used 35093K, capacity 35942K, committed 36048K, reserved 286720K
  class space    used 4525K, capacity 4868K, committed 4940K, reserved 253952K
}
Event: 17.771 GC heap before
{Heap before GC invocations=9 (full 0):
 garbage-first heap   total 262144K, used 163798K [0x00000000e0000000, 0x0000000100000000)
  region size 1024K, 142 young (145408K), 7 survivors (7168K)
 Metaspace       used 47232K, capacity 48408K, committed 48592K, reserved 296960K
  class space    used 5992K, capacity 6414K, committed 6476K, reserved 253952K
}
Event: 17.807 GC heap after
{Heap after GC invocations=10 (full 0):
 garbage-first heap   total 262144K, used 30573K [0x00000000e0000000, 0x0000000100000000)
  region size 1024K, 15 young (15360K), 15 survivors (15360K)
 Metaspace       used 47232K, capacity 48408K, committed 48592K, reserved 296960K
  class space    used 5992K, capacity 6414K, committed 6476K, reserved 253952K
}
Event: 23.484 GC heap before
{Heap before GC invocations=11 (full 0):
 garbage-first heap   total 262144K, used 171885K [0x00000000e0000000, 0x0000000100000000)
  region size 1024K, 153 young (156672K), 15 survivors (15360K)
 Metaspace       used 56330K, capacity 58294K, committed 58448K, reserved 305152K
  class space    used 7406K, capacity 8112K, committed 8140K, reserved 253952K
}
Event: 23.555 GC heap after
{Heap after GC invocations=12 (full 0):
 garbage-first heap   total 262144K, used 40797K [0x00000000e0000000, 0x0000000100000000)
  region size 1024K, 19 young (19456K), 19 survivors (19456K)
 Metaspace       used 56330K, capacity 58294K, committed 58448K, reserved 305152K
  class space    used 7406K, capacity 8112K, committed 8140K, reserved 253952K
}
Event: 54.748 GC heap before
{Heap before GC invocations=12 (full 0):
 garbage-first heap   total 262144K, used 176989K [0x00000000e0000000, 0x0000000100000000)
  region size 1024K, 153 young (156672K), 19 survivors (19456K)
 Metaspace       used 60110K, capacity 62241K, committed 62416K, reserved 309248K
  class space    used 7756K, capacity 8495K, committed 8524K, reserved 253952K
}
Event: 54.836 GC heap after
{Heap after GC invocations=13 (full 0):
 garbage-first heap   total 262144K, used 48855K [0x00000000e0000000, 0x0000000100000000)
  region size 1024K, 9 young (9216K), 9 survivors (9216K)
 Metaspace       used 60110K, capacity 62241K, committed 62416K, reserved 309248K
  class space    used 7756K, capacity 8495K, committed 8524K, reserved 253952K
}
Event: 92.030 GC heap before
{Heap before GC invocations=13 (full 0):
 garbage-first heap   total 262144K, used 197335K [0x00000000e0000000, 0x0000000100000000)
  region size 1024K, 153 young (156672K), 9 survivors (9216K)
 Metaspace       used 70882K, capacity 73388K, committed 73552K, reserved 319488K
  class space    used 9042K, capacity 9910K, committed 9932K, reserved 253952K
}
Event: 92.071 GC heap after
{Heap after GC invocations=14 (full 0):
 garbage-first heap   total 262144K, used 60296K [0x00000000e0000000, 0x0000000100000000)
  region size 1024K, 19 young (19456K), 19 survivors (19456K)
 Metaspace       used 70882K, capacity 73388K, committed 73552K, reserved 319488K
  class space    used 9042K, capacity 9910K, committed 9932K, reserved 253952K
}
Event: 144.217 GC heap before
{Heap before GC invocations=14 (full 0):
 garbage-first heap   total 262144K, used 196488K [0x00000000e0000000, 0x0000000100000000)
  region size 1024K, 153 young (156672K), 19 survivors (19456K)
 Metaspace       used 72707K, capacity 75494K, committed 75600K, reserved 319488K
  class space    used 9193K, capacity 10162K, committed 10188K, reserved 253952K
}
Event: 144.349 GC heap after
{Heap after GC invocations=15 (full 0):
 garbage-first heap   total 262144K, used 63152K [0x00000000e0000000, 0x0000000100000000)
  region size 1024K, 8 young (8192K), 8 survivors (8192K)
 Metaspace       used 72707K, capacity 75494K, committed 75600K, reserved 319488K
  class space    used 9193K, capacity 10162K, committed 10188K, reserved 253952K
}

Deoptimization events (20 events):
Event: 193.622 Thread 0x00000185e1da9000 Uncommon trap: trap_request=0xffffffc6 fr.pc=0x00000185d47d4280 relative=0x0000000000000ee0
Event: 193.623 Thread 0x00000185e1da7000 Uncommon trap: trap_request=0xffffffc6 fr.pc=0x00000185d47d4280 relative=0x0000000000000ee0
Event: 193.650 Thread 0x00000185e1da9000 Uncommon trap: reason=bimorphic_or_optimized_type_check action=maybe_recompile pc=0x00000185d47d4280 method=java.util.TreeMap.getEntryUsingComparator(Ljava/lang/Object;)Ljava/util/TreeMap$Entry; @ 29 c2
Event: 193.650 Thread 0x00000185e1da7000 Uncommon trap: reason=bimorphic_or_optimized_type_check action=maybe_recompile pc=0x00000185d47d4280 method=java.util.TreeMap.getEntryUsingComparator(Ljava/lang/Object;)Ljava/util/TreeMap$Entry; @ 29 c2
Event: 193.693 Thread 0x00000185e1da9000 DEOPT PACKING pc=0x00000185d47d4280 sp=0x00000038ed2fe860
Event: 193.693 Thread 0x00000185e1da7000 DEOPT PACKING pc=0x00000185d47d4280 sp=0x00000038ed1fe9a0
Event: 193.694 Thread 0x00000185e1da7000 DEOPT UNPACKING pc=0x00000185cca4a1af sp=0x00000038ed1fe8b0 mode 2
Event: 193.725 Thread 0x00000185e1da9000 DEOPT UNPACKING pc=0x00000185cca4a1af sp=0x00000038ed2fe770 mode 2
Event: 199.678 Thread 0x00000185e2067800 Uncommon trap: trap_request=0xffffffc6 fr.pc=0x00000185d49f0a98 relative=0x00000000000007f8
Event: 199.679 Thread 0x00000185e2067800 Uncommon trap: reason=bimorphic_or_optimized_type_check action=maybe_recompile pc=0x00000185d49f0a98 method=java.util.stream.MatchOps$MatchOp.evaluateSequential(Ljava/util/stream/PipelineHelper;Ljava/util/Spliterator;)Ljava/lang/Boolean; @ 14 c2
Event: 199.679 Thread 0x00000185e2067800 DEOPT PACKING pc=0x00000185d49f0a98 sp=0x00000038ed3fb6f0
Event: 199.679 Thread 0x00000185e2067800 DEOPT UNPACKING pc=0x00000185cca4a1af sp=0x00000038ed3fb618 mode 2
Event: 204.491 Thread 0x00000185e2067800 Uncommon trap: trap_request=0xffffff7e fr.pc=0x00000185d4b23474 relative=0x0000000000000db4
Event: 204.491 Thread 0x00000185e2067800 Uncommon trap: reason=predicate action=maybe_recompile pc=0x00000185d4b23474 method=com.google.common.collect.RegularImmutableMap.fromEntryArray(I[Ljava/util/Map$Entry;)Lcom/google/common/collect/ImmutableMap; @ 59 c2
Event: 204.491 Thread 0x00000185e2067800 DEOPT PACKING pc=0x00000185d4b23474 sp=0x00000038ed3f98c0
Event: 204.491 Thread 0x00000185e2067800 DEOPT UNPACKING pc=0x00000185cca4a1af sp=0x00000038ed3f9868 mode 2
Event: 205.559 Thread 0x00000185e2067800 DEOPT PACKING pc=0x00000185cd567e91 sp=0x00000038ed3f8b40
Event: 205.559 Thread 0x00000185e2067800 DEOPT UNPACKING pc=0x00000185cca4a95e sp=0x00000038ed3f8018 mode 0
Event: 207.190 Thread 0x00000185e2c29000 DEOPT PACKING pc=0x00000185cd92e71f sp=0x00000038efef8f00
Event: 207.191 Thread 0x00000185e2c29000 DEOPT UNPACKING pc=0x00000185cca4a95e sp=0x00000038efef83c0 mode 0

Classes redefined (0 events):
No events

Internal exceptions (20 events):
Event: 92.007 Thread 0x00000185e2c2e800 Exception <a 'java/lang/NoSuchMethodError'{0x00000000e675f228}: 'void java.lang.invoke.DirectMethodHandle$Holder.invokeInterface(java.lang.Object, java.lang.Object, java.lang.Object, java.lang.Object)'> (0x00000000e675f228) thrown at [./src/hotspot/share/interpreter/linkResolver.cpp, line 773]
Event: 92.200 Thread 0x00000185e22bc800 Exception <a 'java/lang/NoSuchMethodError'{0x00000000efe29bb0}: 'void java.lang.invoke.DirectMethodHandle$Holder.invokeStatic(java.lang.Object, long)'> (0x00000000efe29bb0) thrown at [./src/hotspot/share/interpreter/linkResolver.cpp, line 773]
Event: 92.201 Thread 0x00000185e22bc800 Exception <a 'java/lang/NoSuchMethodError'{0x00000000efe2ed68}: 'java.lang.Object java.lang.invoke.DirectMethodHandle$Holder.invokeStatic(java.lang.Object, long)'> (0x00000000efe2ed68) thrown at [./src/hotspot/share/interpreter/linkResolver.cpp, line 773]
Event: 92.203 Thread 0x00000185e22bc800 Exception <a 'java/lang/NoSuchMethodError'{0x00000000efe34e40}: 'java.lang.Object java.lang.invoke.Invokers$Holder.linkToTargetMethod(long, java.lang.Object)'> (0x00000000efe34e40) thrown at [./src/hotspot/share/interpreter/linkResolver.cpp, line 773]
Event: 92.206 Thread 0x00000185e22bc800 Exception <a 'java/lang/NoSuchMethodError'{0x00000000efe3d180}: 'java.lang.Object java.lang.invoke.DirectMethodHandle$Holder.invokeStaticInit(java.lang.Object, java.lang.Object, long, java.lang.Object)'> (0x00000000efe3d180) thrown at [./src/hotspot/share/interpreter/linkResolver.cpp, line 773]
Event: 92.207 Thread 0x00000185e22bc800 Exception <a 'java/lang/NoSuchMethodError'{0x00000000efe432d0}: 'java.lang.Object java.lang.invoke.DirectMethodHandle$Holder.invokeStatic(java.lang.Object, java.lang.Object, long)'> (0x00000000efe432d0) thrown at [./src/hotspot/share/interpreter/linkResolver.cpp, line 773]
Event: 92.208 Thread 0x00000185e22bc800 Exception <a 'java/lang/NoSuchMethodError'{0x00000000efe495a0}: 'java.lang.Object java.lang.invoke.Invokers$Holder.linkToTargetMethod(java.lang.Object, long, java.lang.Object)'> (0x00000000efe495a0) thrown at [./src/hotspot/share/interpreter/linkResolver.cpp, line 773]
Event: 93.036 Thread 0x00000185e2c2e800 Exception <a 'java/lang/reflect/InvocationTargetException'{0x00000000eff6d300}> (0x00000000eff6d300) thrown at [./src/hotspot/share/runtime/reflection.cpp, line 1247]
Event: 93.058 Thread 0x00000185e206b800 Exception <a 'java/lang/NoSuchMethodError'{0x00000000efd91898}: <clinit>> (0x00000000efd91898) thrown at [./src/hotspot/share/prims/jni.cpp, line 1366]
Event: 93.062 Thread 0x00000185e206b800 Exception <a 'java/lang/NoSuchMethodError'{0x00000000efdca9d8}: <clinit>> (0x00000000efdca9d8) thrown at [./src/hotspot/share/prims/jni.cpp, line 1366]
Event: 93.555 Thread 0x00000185e2068000 Exception <a 'java/lang/NoSuchMethodError'{0x00000000ef431610}: <clinit>> (0x00000000ef431610) thrown at [./src/hotspot/share/prims/jni.cpp, line 1366]
Event: 93.558 Thread 0x00000185e2068000 Exception <a 'java/lang/NoSuchMethodError'{0x00000000ef4448c8}: <clinit>> (0x00000000ef4448c8) thrown at [./src/hotspot/share/prims/jni.cpp, line 1366]
Event: 93.559 Thread 0x00000185e2068000 Exception <a 'java/lang/NoSuchMethodError'{0x00000000ef445fb0}: <clinit>> (0x00000000ef445fb0) thrown at [./src/hotspot/share/prims/jni.cpp, line 1366]
Event: 93.561 Thread 0x00000185e2068000 Exception <a 'java/lang/NoSuchMethodError'{0x00000000ef458150}: <clinit>> (0x00000000ef458150) thrown at [./src/hotspot/share/prims/jni.cpp, line 1366]
Event: 93.563 Thread 0x00000185e2068000 Exception <a 'java/lang/NoSuchMethodError'{0x00000000ef4642a0}: <clinit>> (0x00000000ef4642a0) thrown at [./src/hotspot/share/prims/jni.cpp, line 1366]
Event: 96.435 Thread 0x00000185e2065800 Implicit null exception at 0x00000185d44f8f74 to 0x00000185d44f9478
Event: 96.435 Thread 0x00000185e2065800 Implicit null exception at 0x00000185d4517cf4 to 0x00000185d45181cc
Event: 138.047 Thread 0x00000185e2067800 Exception <a 'java/lang/NoClassDefFoundError'{0x00000000eed33460}: org/jetbrains/kotlin/gradle/plugin/KotlinPluginWrapper> (0x00000000eed33460) thrown at [./src/hotspot/share/oops/constantPool.cpp, line 775]
Event: 149.175 Thread 0x00000185e2c2e000 Exception <a 'java/lang/reflect/InvocationTargetException'{0x00000000efeb2d40}> (0x00000000efeb2d40) thrown at [./src/hotspot/share/runtime/reflection.cpp, line 1247]
Event: 205.412 Thread 0x00000185e2067800 Exception <a 'java/lang/NoClassDefFoundError'{0x00000000ef37a780}: org/jetbrains/kotlin/gradle/plugin/KotlinPluginWrapper> (0x00000000ef37a780) thrown at [./src/hotspot/share/oops/constantPool.cpp, line 775]

Events (20 events):
Event: 206.749 Executing VM operation: RevokeBias done
Event: 206.749 Executing VM operation: RevokeBias
Event: 206.749 Executing VM operation: RevokeBias done
Event: 206.749 Executing VM operation: RevokeBias
Event: 206.749 Executing VM operation: RevokeBias done
Event: 206.750 Executing VM operation: RevokeBias
Event: 206.750 Executing VM operation: RevokeBias done
Event: 206.750 Executing VM operation: RevokeBias
Event: 206.750 Executing VM operation: RevokeBias done
Event: 206.750 Executing VM operation: RevokeBias
Event: 206.751 Executing VM operation: RevokeBias done
Event: 206.751 Executing VM operation: BulkRevokeBias
Event: 206.754 Executing VM operation: BulkRevokeBias done
Event: 206.964 Thread 0x00000185e2c2c800 Thread added: 0x00000185e2c2c800
Event: 206.998 Thread 0x00000185e2c2b800 Thread added: 0x00000185e2c2b800
Event: 207.025 Thread 0x00000185e2065000 Thread added: 0x00000185e2065000
Event: 207.060 Thread 0x00000185e2069800 Thread added: 0x00000185e2069800
Event: 207.085 Thread 0x00000185e206b800 Thread added: 0x00000185e206b800
Event: 207.114 Thread 0x00000185e206a800 Thread added: 0x00000185e206a800
Event: 207.136 Thread 0x00000185e2066800 Thread added: 0x00000185e2066800


Dynamic libraries:
0x00007ff6141d0000 - 0x00007ff6141dd000 	C:\PlayData\00.sw\jdk-11.0.14.1+1\bin\java.exe
0x00007ffeca850000 - 0x00007ffecaa45000 	C:\WINDOWS\SYSTEM32\ntdll.dll
0x00007ffec8d80000 - 0x00007ffec8e3d000 	C:\WINDOWS\System32\KERNEL32.DLL
0x00007ffec7f60000 - 0x00007ffec822d000 	C:\WINDOWS\System32\KERNELBASE.dll
0x00007ffec85d0000 - 0x00007ffec86d0000 	C:\WINDOWS\System32\ucrtbase.dll
0x00007ffea4d40000 - 0x00007ffea4d55000 	C:\PlayData\00.sw\jdk-11.0.14.1+1\bin\VCRUNTIME140.dll
0x00007ffea6170000 - 0x00007ffea6187000 	C:\PlayData\00.sw\jdk-11.0.14.1+1\bin\jli.dll
0x00007ffec9ed0000 - 0x00007ffeca070000 	C:\WINDOWS\System32\USER32.dll
0x00007ffec85a0000 - 0x00007ffec85c2000 	C:\WINDOWS\System32\win32u.dll
0x00007ffeca140000 - 0x00007ffeca16a000 	C:\WINDOWS\System32\GDI32.dll
0x00007ffec8790000 - 0x00007ffec889b000 	C:\WINDOWS\System32\gdi32full.dll
0x00007ffec83e0000 - 0x00007ffec847d000 	C:\WINDOWS\System32\msvcp_win.dll
0x00007ffeafbc0000 - 0x00007ffeafe5a000 	C:\WINDOWS\WinSxS\amd64_microsoft.windows.common-controls_6595b64144ccf1df_6.0.19041.1110_none_60b5254171f9507e\COMCTL32.dll
0x00007ffec9e30000 - 0x00007ffec9ece000 	C:\WINDOWS\System32\msvcrt.dll
0x00007ffeca180000 - 0x00007ffeca1b0000 	C:\WINDOWS\System32\IMM32.DLL
0x00007ffe8f210000 - 0x00007ffe8f2ab000 	C:\PlayData\00.sw\jdk-11.0.14.1+1\bin\msvcp140.dll
0x00007ffe86e30000 - 0x00007ffe879b1000 	C:\PlayData\00.sw\jdk-11.0.14.1+1\bin\server\jvm.dll
0x00007ffec8ba0000 - 0x00007ffec8c4e000 	C:\WINDOWS\System32\ADVAPI32.dll
0x00007ffeca710000 - 0x00007ffeca7ac000 	C:\WINDOWS\System32\sechost.dll
0x00007ffec8a70000 - 0x00007ffec8b95000 	C:\WINDOWS\System32\RPCRT4.dll
0x00007ffec89d0000 - 0x00007ffec89d8000 	C:\WINDOWS\System32\PSAPI.DLL
0x00007ffec66d0000 - 0x00007ffec66d9000 	C:\WINDOWS\SYSTEM32\WSOCK32.dll
0x00007ffebf5e0000 - 0x00007ffebf5ea000 	C:\WINDOWS\SYSTEM32\VERSION.dll
0x00007ffeaffd0000 - 0x00007ffeafff7000 	C:\WINDOWS\SYSTEM32\WINMM.dll
0x00007ffec96d0000 - 0x00007ffec973b000 	C:\WINDOWS\System32\WS2_32.dll
0x00007ffec6840000 - 0x00007ffec6852000 	C:\WINDOWS\SYSTEM32\kernel.appcore.dll
0x00007ffeaf5e0000 - 0x00007ffeaf5f0000 	C:\PlayData\00.sw\jdk-11.0.14.1+1\bin\verify.dll
0x00007ffec5d10000 - 0x00007ffec5ef4000 	C:\WINDOWS\SYSTEM32\DBGHELP.DLL
0x00007ffeb80e0000 - 0x00007ffeb810c000 	C:\WINDOWS\SYSTEM32\dbgcore.DLL
0x00007ffec8700000 - 0x00007ffec8782000 	C:\WINDOWS\System32\bcryptPrimitives.dll
0x00007ffea36f0000 - 0x00007ffea3718000 	C:\PlayData\00.sw\jdk-11.0.14.1+1\bin\java.dll
0x00007ffeaf510000 - 0x00007ffeaf51a000 	C:\PlayData\00.sw\jdk-11.0.14.1+1\bin\jimage.dll
0x00007ffea2c70000 - 0x00007ffea2c88000 	C:\PlayData\00.sw\jdk-11.0.14.1+1\bin\zip.dll
0x00007ffec8f80000 - 0x00007ffec96c4000 	C:\WINDOWS\System32\SHELL32.dll
0x00007ffec5f00000 - 0x00007ffec6694000 	C:\WINDOWS\SYSTEM32\windows.storage.dll
0x00007ffec9740000 - 0x00007ffec9a94000 	C:\WINDOWS\System32\combase.dll
0x00007ffec79c0000 - 0x00007ffec79ec000 	C:\WINDOWS\SYSTEM32\Wldp.dll
0x00007ffec9bc0000 - 0x00007ffec9c6d000 	C:\WINDOWS\System32\SHCORE.dll
0x00007ffeca7b0000 - 0x00007ffeca805000 	C:\WINDOWS\System32\shlwapi.dll
0x00007ffec7ea0000 - 0x00007ffec7ebf000 	C:\WINDOWS\SYSTEM32\profapi.dll
0x00007ffea1910000 - 0x00007ffea1929000 	C:\PlayData\00.sw\jdk-11.0.14.1+1\bin\net.dll
0x00007ffeb9c90000 - 0x00007ffeb9d9a000 	C:\WINDOWS\SYSTEM32\WINHTTP.dll
0x00007ffec7720000 - 0x00007ffec778a000 	C:\WINDOWS\system32\mswsock.dll
0x00007ffea05d0000 - 0x00007ffea05e3000 	C:\PlayData\00.sw\jdk-11.0.14.1+1\bin\nio.dll
0x00007ffeb2cc0000 - 0x00007ffeb2ce7000 	C:\Users\USER\.gradle\native\e1d6ef7f7dcc3fd88c89a11ec53ec762bb8ba0a96d01ffa2cd45eb1d1d8dd5c5\windows-amd64\native-platform.dll
0x00007ffe89cc0000 - 0x00007ffe89e04000 	C:\Users\USER\.gradle\native\0d407fdbe67a94daf76414ababcb853783967236a71b16ec16e742cd7a986fd3\windows-amd64\native-platform-file-events.dll
0x00007ffec0ac0000 - 0x00007ffec0ac9000 	C:\PlayData\00.sw\jdk-11.0.14.1+1\bin\management.dll
0x00007ffec0ab0000 - 0x00007ffec0abb000 	C:\PlayData\00.sw\jdk-11.0.14.1+1\bin\management_ext.dll
0x00007ffec7920000 - 0x00007ffec7938000 	C:\WINDOWS\SYSTEM32\CRYPTSP.dll
0x00007ffec7030000 - 0x00007ffec7064000 	C:\WINDOWS\system32\rsaenh.dll
0x00007ffec86d0000 - 0x00007ffec86f7000 	C:\WINDOWS\System32\bcrypt.dll
0x00007ffec7e20000 - 0x00007ffec7e4e000 	C:\WINDOWS\SYSTEM32\USERENV.dll
0x00007ffec7910000 - 0x00007ffec791c000 	C:\WINDOWS\SYSTEM32\CRYPTBASE.dll
0x00007ffec73c0000 - 0x00007ffec73fb000 	C:\WINDOWS\SYSTEM32\IPHLPAPI.DLL
0x00007ffec9e20000 - 0x00007ffec9e28000 	C:\WINDOWS\System32\NSI.dll
0x00007ffebd7b0000 - 0x00007ffebd7c7000 	C:\WINDOWS\SYSTEM32\dhcpcsvc6.DLL
0x00007ffebe030000 - 0x00007ffebe04d000 	C:\WINDOWS\SYSTEM32\dhcpcsvc.DLL
0x00007ffec7400000 - 0x00007ffec74cb000 	C:\WINDOWS\SYSTEM32\DNSAPI.dll

dbghelp: loaded successfully - version: 4.0.5 - missing functions: none
symbol engine: initialized successfully - sym options: 0x614 - pdb path: .;C:\PlayData\00.sw\jdk-11.0.14.1+1\bin;C:\WINDOWS\SYSTEM32;C:\WINDOWS\WinSxS\amd64_microsoft.windows.common-controls_6595b64144ccf1df_6.0.19041.1110_none_60b5254171f9507e;C:\PlayData\00.sw\jdk-11.0.14.1+1\bin\server;C:\Users\USER\.gradle\native\e1d6ef7f7dcc3fd88c89a11ec53ec762bb8ba0a96d01ffa2cd45eb1d1d8dd5c5\windows-amd64;C:\Users\USER\.gradle\native\0d407fdbe67a94daf76414ababcb853783967236a71b16ec16e742cd7a986fd3\windows-amd64

VM Arguments:
jvm_args: --add-opens=java.base/java.util=ALL-UNNAMED --add-opens=java.base/java.lang=ALL-UNNAMED --add-opens=java.base/java.lang.invoke=ALL-UNNAMED --add-opens=java.base/java.util=ALL-UNNAMED --add-opens=java.prefs/java.util.prefs=ALL-UNNAMED --add-opens=java.prefs/java.util.prefs=ALL-UNNAMED --add-opens=java.base/java.nio.charset=ALL-UNNAMED --add-opens=java.base/java.net=ALL-UNNAMED --add-opens=java.base/java.util.concurrent.atomic=ALL-UNNAMED -XX:MaxMetaspaceSize=256m -XX:+HeapDumpOnOutOfMemoryError -Xms256m -Xmx512m -Dfile.encoding=UTF-8 -Duser.country=KR -Duser.language=ko -Duser.variant 
java_command: org.gradle.launcher.daemon.bootstrap.GradleDaemon 7.4.1
java_class_path (initial): C:\Users\USER\.gradle\wrapper\dists\gradle-7.4.1-bin\58kw26xllvsiedyf3nujyarhn\gradle-7.4.1\lib\gradle-launcher-7.4.1.jar
Launcher Type: SUN_STANDARD

[Global flags]
     intx CICompilerCount                          = 3                                         {product} {ergonomic}
   size_t CompressedClassSpaceSize                 = 260046848                                 {product} {ergonomic}
     uint ConcGCThreads                            = 1                                         {product} {ergonomic}
     uint G1ConcRefinementThreads                  = 4                                         {product} {ergonomic}
   size_t G1HeapRegionSize                         = 1048576                                   {product} {ergonomic}
    uintx GCDrainStackTargetSize                   = 64                                        {product} {ergonomic}
     bool HeapDumpOnOutOfMemoryError               = true                                   {manageable} {command line}
   size_t InitialHeapSize                          = 268435456                                 {product} {command line}
   size_t MarkStackSize                            = 4194304                                   {product} {ergonomic}
   size_t MaxHeapSize                              = 536870912                                 {product} {command line}
   size_t MaxMetaspaceSize                         = 268435456                                 {product} {command line}
   size_t MaxNewSize                               = 321912832                                 {product} {ergonomic}
   size_t MinHeapDeltaBytes                        = 1048576                                   {product} {ergonomic}
    uintx NonNMethodCodeHeapSize                   = 5830732                                {pd product} {ergonomic}
    uintx NonProfiledCodeHeapSize                  = 122913754                              {pd product} {ergonomic}
    uintx ProfiledCodeHeapSize                     = 122913754                              {pd product} {ergonomic}
    uintx ReservedCodeCacheSize                    = 251658240                              {pd product} {ergonomic}
     bool SegmentedCodeCache                       = true                                      {product} {ergonomic}
     bool UseCompressedClassPointers               = true                                 {lp64_product} {ergonomic}
     bool UseCompressedOops                        = true                                 {lp64_product} {ergonomic}
     bool UseG1GC                                  = true                                      {product} {ergonomic}
     bool UseLargePagesIndividualAllocation        = false                                  {pd product} {ergonomic}

Logging:
Log output configuration:
 #0: stdout all=warning uptime,level,tags
 #1: stderr all=off uptime,level,tags

Environment Variables:
JAVA_HOME=C:\PlayData\00.sw\jdk-11.0.14.1+1
PATH=C:\PlayData\00.sw\jdk-11.0.14.1+1\bin;C:\Program Files (x86)\Common Files\Oracle\Java\javapath;C:\Program Files (x86)\Common Files\Intel\Shared Libraries\redist\intel64\compiler;C:\Program Files (x86)\Intel\iCLS Client\;C:\Program Files\Intel\iCLS Client\;C:\WINDOWS\system32;C:\WINDOWS;C:\WINDOWS\System32\Wbem;C:\WINDOWS\System32\WindowsPowerShell\v1.0\;C:\Program Files (x86)\Intel\Intel(R) Management Engine Components\DAL;C:\Program Files\Intel\Intel(R) Management Engine Components\DAL;C:\Program Files (x86)\Intel\Intel(R) Management Engine Components\IPT;C:\Program Files\Intel\Intel(R) Management Engine Components\IPT;C:\Program Files\Microsoft SQL Server\130\Tools\Binn\;C:\Program Files\Intel\WiFi\bin\;C:\Program Files\Common Files\Intel\WirelessCommon\;C:\WINDOWS\System32\OpenSSH\;C:\Users\USER\Desktop\bin;C:\Program Files\dotnet\;C:\Users\USER\Desktop\webrtc-web-master\step-05\openssl-1.0.2j-fips-x86_64\OpenSSL\bin;C:\Program Files\Git\cmd;C:\Program Files\nodejs\;C:\Program Files\MySQL\MySQL Shell 8.0\bin\;C:\PlayData\00.sw\jdk-11.0.14.1+1\bin;C:\Users\USER\AppData\Local\Programs\Python\Python37\Scripts\;C:\Users\USER\AppData\Local\Programs\Python\Python37\;C:\Users\USER\AppData\Local\Microsoft\WindowsApps;C:\Program Files\Intel\WiFi\bin\;C:\Program Files\Common Files\Intel\WirelessCommon\;C:\Program Files\JetBrains\PyCharm 2019.3.5\bin;;C:\Users\USER\AppData\Local\Programs\Microsoft VS Code\bin;C:\Users\USER\AppData\Local\pip\Cache\wheels\89\67\41\63cbf0f6ac0a6156588b9587be4db5565f8c6d8ccef98202fc;C:\Users\USER\AppData\Roaming\Microsoft\Windows\Start Menu\Programs\Python 3.7;C:\Users\USER\AppData\Roaming\npm;C:\Program Files\JetBrains\PyCharm Community Edition 2019.3.5\bin;;C:\Users\USER\AppData\Local\GitHubDesktop\bin;C:\Program Files\heroku\bin;C:\PlayData\00.sw\IntelliJ IDEA Community Edition 2022.1.2\bin;
USERNAME=USER
OS=Windows_NT
PROCESSOR_IDENTIFIER=Intel64 Family 6 Model 78 Stepping 3, GenuineIntel



---------------  S Y S T E M  ---------------

OS: Windows 10 , 64 bit Build 19041 (10.0.19041.1706)
OS uptime: 0 days 22:11 hours

CPU:total 4 (initial active 4) (2 cores per cpu, 2 threads per core) family 6 model 78 stepping 3 microcode 0xcc, cmov, cx8, fxsr, mmx, sse, sse2, sse3, ssse3, sse4.1, sse4.2, popcnt, avx, avx2, aes, clmul, erms, 3dnowpref, lzcnt, ht, tsc, tscinvbit, bmi1, bmi2, adx, fma

Memory: 4k page, system-wide physical 4014M (394M free)
TotalPageFile size 14309M (AvailPageFile size 10M)
current process WorkingSet (physical memory assigned to process): 154M, peak: 376M
current process commit charge ("private bytes"): 513M, peak: 515M

vm_info: OpenJDK 64-Bit Server VM (11.0.14.1+1) for windows-amd64 JRE (11.0.14.1+1), built on Feb  9 2022 01:48:27 by "" with unknown MS VC++:1916

END.
